  [1m[35m (1.3ms)[0m  [1m[34mSELECT "schema_migrations"."version" FROM "schema_migrations" ORDER BY "schema_migrations"."version" ASC[0m
  ↳ bin/rails:9
  [1m[36mUser Load (1.2ms)[0m  [1m[34mSELECT "users".* FROM "users"[0m
  ↳ db/seeds.rb:8
  [1m[35m (0.1ms)[0m  [1m[35mBEGIN[0m
  ↳ db/seeds.rb:8
  [1m[36mUser Destroy (0.4ms)[0m  [1m[31mDELETE FROM "users" WHERE "users"."id" = $1[0m  [["id", 73]]
  ↳ db/seeds.rb:8
  [1m[35m (1.1ms)[0m  [1m[35mCOMMIT[0m
  ↳ db/seeds.rb:8
  [1m[35m (0.1ms)[0m  [1m[35mBEGIN[0m
  ↳ db/seeds.rb:8
  [1m[36mUser Destroy (0.2ms)[0m  [1m[31mDELETE FROM "users" WHERE "users"."id" = $1[0m  [["id", 74]]
  ↳ db/seeds.rb:8
  [1m[35m (0.3ms)[0m  [1m[35mCOMMIT[0m
  ↳ db/seeds.rb:8
  [1m[35m (0.1ms)[0m  [1m[35mBEGIN[0m
  ↳ db/seeds.rb:8
  [1m[36mUser Destroy (0.2ms)[0m  [1m[31mDELETE FROM "users" WHERE "users"."id" = $1[0m  [["id", 75]]
  ↳ db/seeds.rb:8
  [1m[35m (0.3ms)[0m  [1m[35mCOMMIT[0m
  ↳ db/seeds.rb:8
  [1m[35m (0.1ms)[0m  [1m[35mBEGIN[0m
  ↳ db/seeds.rb:8
  [1m[36mUser Destroy (0.2ms)[0m  [1m[31mDELETE FROM "users" WHERE "users"."id" = $1[0m  [["id", 76]]
  ↳ db/seeds.rb:8
  [1m[35m (0.3ms)[0m  [1m[35mCOMMIT[0m
  ↳ db/seeds.rb:8
  [1m[35m (0.1ms)[0m  [1m[35mBEGIN[0m
  ↳ db/seeds.rb:8
  [1m[36mUser Destroy (0.2ms)[0m  [1m[31mDELETE FROM "users" WHERE "users"."id" = $1[0m  [["id", 77]]
  ↳ db/seeds.rb:8
  [1m[35m (0.3ms)[0m  [1m[35mCOMMIT[0m
  ↳ db/seeds.rb:8
  [1m[35m (0.1ms)[0m  [1m[35mBEGIN[0m
  ↳ db/seeds.rb:8
  [1m[36mUser Destroy (0.2ms)[0m  [1m[31mDELETE FROM "users" WHERE "users"."id" = $1[0m  [["id", 78]]
  ↳ db/seeds.rb:8
  [1m[35m (0.3ms)[0m  [1m[35mCOMMIT[0m
  ↳ db/seeds.rb:8
  [1m[36mEvent Load (0.7ms)[0m  [1m[34mSELECT "events".* FROM "events"[0m
  ↳ db/seeds.rb:9
  [1m[35m (0.1ms)[0m  [1m[35mBEGIN[0m
  ↳ db/seeds.rb:9
  [1m[36mEvent Destroy (0.3ms)[0m  [1m[31mDELETE FROM "events" WHERE "events"."id" = $1[0m  [["id", 1]]
  ↳ db/seeds.rb:9
  [1m[35m (0.4ms)[0m  [1m[35mCOMMIT[0m
  ↳ db/seeds.rb:9
  [1m[35m (0.1ms)[0m  [1m[35mBEGIN[0m
  ↳ db/seeds.rb:9
  [1m[36mEvent Destroy (0.3ms)[0m  [1m[31mDELETE FROM "events" WHERE "events"."id" = $1[0m  [["id", 2]]
  ↳ db/seeds.rb:9
  [1m[35m (0.3ms)[0m  [1m[35mCOMMIT[0m
  ↳ db/seeds.rb:9
  [1m[35m (0.1ms)[0m  [1m[35mBEGIN[0m
  ↳ db/seeds.rb:9
  [1m[36mEvent Destroy (0.3ms)[0m  [1m[31mDELETE FROM "events" WHERE "events"."id" = $1[0m  [["id", 3]]
  ↳ db/seeds.rb:9
  [1m[35m (0.4ms)[0m  [1m[35mCOMMIT[0m
  ↳ db/seeds.rb:9
  [1m[35m (0.1ms)[0m  [1m[35mBEGIN[0m
  ↳ db/seeds.rb:9
  [1m[36mEvent Destroy (0.2ms)[0m  [1m[31mDELETE FROM "events" WHERE "events"."id" = $1[0m  [["id", 4]]
  ↳ db/seeds.rb:9
  [1m[35m (0.3ms)[0m  [1m[35mCOMMIT[0m
  ↳ db/seeds.rb:9
  [1m[35m (0.1ms)[0m  [1m[35mBEGIN[0m
  ↳ db/seeds.rb:9
  [1m[36mEvent Destroy (0.2ms)[0m  [1m[31mDELETE FROM "events" WHERE "events"."id" = $1[0m  [["id", 5]]
  ↳ db/seeds.rb:9
  [1m[35m (0.3ms)[0m  [1m[35mCOMMIT[0m
  ↳ db/seeds.rb:9
  [1m[35m (0.1ms)[0m  [1m[35mBEGIN[0m
  ↳ db/seeds.rb:9
  [1m[36mEvent Destroy (0.2ms)[0m  [1m[31mDELETE FROM "events" WHERE "events"."id" = $1[0m  [["id", 6]]
  ↳ db/seeds.rb:9
  [1m[35m (0.3ms)[0m  [1m[35mCOMMIT[0m
  ↳ db/seeds.rb:9
  [1m[35m (0.1ms)[0m  [1m[35mBEGIN[0m
  ↳ db/seeds.rb:9
  [1m[36mEvent Destroy (0.2ms)[0m  [1m[31mDELETE FROM "events" WHERE "events"."id" = $1[0m  [["id", 7]]
  ↳ db/seeds.rb:9
  [1m[35m (0.4ms)[0m  [1m[35mCOMMIT[0m
  ↳ db/seeds.rb:9
  [1m[35m (0.2ms)[0m  [1m[35mBEGIN[0m
  ↳ db/seeds.rb:11
  [1m[36mUser Exists (0.4ms)[0m  [1m[34mSELECT  1 AS one FROM "users" WHERE "users"."email" = $1 LIMIT $2[0m  [["email", "abir@gmail.com"], ["LIMIT", 1]]
  ↳ db/seeds.rb:11
  [1m[36mUser Create (0.7ms)[0m  [1m[32mINSERT INTO "users" ("email", "first_name", "last_name", "password_digest", "session_token", "created_at", "updated_at") VALUES ($1, $2, $3, $4, $5, $6, $7) RETURNING "id"[0m  [["email", "abir@gmail.com"], ["first_name", "Abir"], ["last_name", "Mahamud"], ["password_digest", "$2a$12$Qmr0OhgvkS44f85lv8NVvOvb0Ktdkph1lYim7ubAuexQCFJBE4lH."], ["session_token", "zSl5mOkuFPvLToOU7qOQZA"], ["created_at", "2021-08-21 01:04:34.285008"], ["updated_at", "2021-08-21 01:04:34.285008"]]
  ↳ db/seeds.rb:11
  [1m[35m (1.6ms)[0m  [1m[35mCOMMIT[0m
  ↳ db/seeds.rb:11
  [1m[35m (0.1ms)[0m  [1m[35mBEGIN[0m
  ↳ db/seeds.rb:12
  [1m[36mUser Exists (0.3ms)[0m  [1m[34mSELECT  1 AS one FROM "users" WHERE "users"."email" = $1 LIMIT $2[0m  [["email", "hello@gmail.com"], ["LIMIT", 1]]
  ↳ db/seeds.rb:12
  [1m[36mUser Create (0.3ms)[0m  [1m[32mINSERT INTO "users" ("email", "first_name", "last_name", "password_digest", "session_token", "created_at", "updated_at") VALUES ($1, $2, $3, $4, $5, $6, $7) RETURNING "id"[0m  [["email", "hello@gmail.com"], ["first_name", "Joe"], ["last_name", "BlackSmith"], ["password_digest", "$2a$12$/bjGjAxMpN8DLPA3DDIWFeAhZNVfMRCJa6IbpLxGRDAPwLYwVsgVi"], ["session_token", "Dh4pmUoFUBmhrB55Y5gpPw"], ["created_at", "2021-08-21 01:04:34.499138"], ["updated_at", "2021-08-21 01:04:34.499138"]]
  ↳ db/seeds.rb:12
  [1m[35m (1.1ms)[0m  [1m[35mCOMMIT[0m
  ↳ db/seeds.rb:12
  [1m[35m (0.1ms)[0m  [1m[35mBEGIN[0m
  ↳ db/seeds.rb:13
  [1m[36mUser Exists (0.3ms)[0m  [1m[34mSELECT  1 AS one FROM "users" WHERE "users"."email" = $1 LIMIT $2[0m  [["email", "whatsup@gmail.com"], ["LIMIT", 1]]
  ↳ db/seeds.rb:13
  [1m[36mUser Create (0.3ms)[0m  [1m[32mINSERT INTO "users" ("email", "first_name", "last_name", "password_digest", "session_token", "created_at", "updated_at") VALUES ($1, $2, $3, $4, $5, $6, $7) RETURNING "id"[0m  [["email", "whatsup@gmail.com"], ["first_name", "Bob"], ["last_name", "Bradword"], ["password_digest", "$2a$12$8BCp9lF0e6mkwT0xQs/7YezEMJEGXbhCh5unB/TrIqtJIP8gRJu/y"], ["session_token", "JVUXWwWbvNAy-TttRz7m2A"], ["created_at", "2021-08-21 01:04:34.712120"], ["updated_at", "2021-08-21 01:04:34.712120"]]
  ↳ db/seeds.rb:13
  [1m[35m (0.6ms)[0m  [1m[35mCOMMIT[0m
  ↳ db/seeds.rb:13
  [1m[35m (0.4ms)[0m  [1m[35mBEGIN[0m
  ↳ db/seeds.rb:14
  [1m[36mUser Exists (0.5ms)[0m  [1m[34mSELECT  1 AS one FROM "users" WHERE "users"."email" = $1 LIMIT $2[0m  [["email", "up@gmail.com"], ["LIMIT", 1]]
  ↳ db/seeds.rb:14
  [1m[36mUser Create (0.6ms)[0m  [1m[32mINSERT INTO "users" ("email", "first_name", "last_name", "password_digest", "session_token", "created_at", "updated_at") VALUES ($1, $2, $3, $4, $5, $6, $7) RETURNING "id"[0m  [["email", "up@gmail.com"], ["first_name", "Tom"], ["last_name", "Hilfiger"], ["password_digest", "$2a$12$oHCUpqTnil2cUYNRz889Oe3240gwzvQtnk63B0NO1I4fEOSOx03PC"], ["session_token", "bkuIIdj5kjCjGSDkT_zQlQ"], ["created_at", "2021-08-21 01:04:34.926570"], ["updated_at", "2021-08-21 01:04:34.926570"]]
  ↳ db/seeds.rb:14
  [1m[35m (0.7ms)[0m  [1m[35mCOMMIT[0m
  ↳ db/seeds.rb:14
  [1m[35m (0.3ms)[0m  [1m[35mBEGIN[0m
  ↳ db/seeds.rb:15
  [1m[36mUser Exists (0.4ms)[0m  [1m[34mSELECT  1 AS one FROM "users" WHERE "users"."email" = $1 LIMIT $2[0m  [["email", "down@gmail.com"], ["LIMIT", 1]]
  ↳ db/seeds.rb:15
  [1m[36mUser Create (0.7ms)[0m  [1m[32mINSERT INTO "users" ("email", "first_name", "last_name", "password_digest", "session_token", "created_at", "updated_at") VALUES ($1, $2, $3, $4, $5, $6, $7) RETURNING "id"[0m  [["email", "down@gmail.com"], ["first_name", "John"], ["last_name", "Rohn"], ["password_digest", "$2a$12$dAdj8Uu5QgIUGGYxsQJO.O7Ty35wboS8ObsXVLOKEBSK..o3VXSey"], ["session_token", "KZWTEy7rhZcVd3_kG80SNQ"], ["created_at", "2021-08-21 01:04:35.140884"], ["updated_at", "2021-08-21 01:04:35.140884"]]
  ↳ db/seeds.rb:15
  [1m[35m (1.7ms)[0m  [1m[35mCOMMIT[0m
  ↳ db/seeds.rb:15
  [1m[35m (0.3ms)[0m  [1m[35mBEGIN[0m
  ↳ db/seeds.rb:16
  [1m[36mUser Exists (0.9ms)[0m  [1m[34mSELECT  1 AS one FROM "users" WHERE "users"."email" = $1 LIMIT $2[0m  [["email", "left@gmail.com"], ["LIMIT", 1]]
  ↳ db/seeds.rb:16
  [1m[36mUser Create (0.6ms)[0m  [1m[32mINSERT INTO "users" ("email", "first_name", "last_name", "password_digest", "session_token", "created_at", "updated_at") VALUES ($1, $2, $3, $4, $5, $6, $7) RETURNING "id"[0m  [["email", "left@gmail.com"], ["first_name", "Ron"], ["last_name", "Bant"], ["password_digest", "$2a$12$s8JB1Ha5C4oss82q.okRPunpI65yzpNnFKYqtks0BwLAKRGpRa2Ty"], ["session_token", "TAXjnOAjUtX2w7rvTFAUqg"], ["created_at", "2021-08-21 01:04:35.368557"], ["updated_at", "2021-08-21 01:04:35.368557"]]
  ↳ db/seeds.rb:16
  [1m[35m (1.8ms)[0m  [1m[35mCOMMIT[0m
  ↳ db/seeds.rb:16
  [1m[35m (0.7ms)[0m  [1m[35mBEGIN[0m
  ↳ db/seeds.rb:17
  [1m[36mUser Load (0.4ms)[0m  [1m[34mSELECT  "users".* FROM "users" WHERE "users"."id" = $1 LIMIT $2[0m  [["id", 79], ["LIMIT", 1]]
  ↳ db/seeds.rb:17
  [1m[36mEvent Create (1.3ms)[0m  [1m[32mINSERT INTO "events" ("title", "description", "date", "author_name", "author_id", "start_time", "end_time", "created_at", "updated_at", "category", "pic_url") VALUES ($1, $2, $3, $4, $5, $6, $7, $8, $9, $10, $11) RETURNING "id"[0m  [["title", "Biking with Bikers"], ["description", "Enjoy riding bikes? This is the perfect event for you to come show off your skills"], ["date", "1990-12-12 06:06:06"], ["author_name", "Abir"], ["author_id", 79], ["start_time", "1990-12-12 06:06:06"], ["end_time", "1990-12-12 07:07:07"], ["created_at", "2021-08-21 01:04:35.396629"], ["updated_at", "2021-08-21 01:04:35.396629"], ["category", "Today"], ["pic_url", "https://unsplash.com/photos/OWwK_0_EnxY"]]
  ↳ db/seeds.rb:17
  [1m[35m (0.4ms)[0m  [1m[35mCOMMIT[0m
  ↳ db/seeds.rb:17
  [1m[35m (0.1ms)[0m  [1m[35mBEGIN[0m
  ↳ db/seeds.rb:18
  [1m[36mUser Load (0.2ms)[0m  [1m[34mSELECT  "users".* FROM "users" WHERE "users"."id" = $1 LIMIT $2[0m  [["id", 80], ["LIMIT", 1]]
  ↳ db/seeds.rb:18
  [1m[36mEvent Create (0.3ms)[0m  [1m[32mINSERT INTO "events" ("title", "description", "date", "author_name", "author_id", "start_time", "end_time", "created_at", "updated_at", "category", "pic_url") VALUES ($1, $2, $3, $4, $5, $6, $7, $8, $9, $10, $11) RETURNING "id"[0m  [["title", "Spiritual Retreat"], ["description", "Feeling down and depressed? Relieve your sadness by reading the Holy Quran"], ["date", "1991-12-12 06:06:06"], ["author_name", "Joe"], ["author_id", 80], ["start_time", "1991-12-12 06:06:06"], ["end_time", "1991-12-12 07:07:07"], ["created_at", "2021-08-21 01:04:35.401155"], ["updated_at", "2021-08-21 01:04:35.401155"], ["category", "Religion"], ["pic_url", "dubai-beach.png"]]
  ↳ db/seeds.rb:18
  [1m[35m (0.3ms)[0m  [1m[35mCOMMIT[0m
  ↳ db/seeds.rb:18
  [1m[35m (0.1ms)[0m  [1m[35mBEGIN[0m
  ↳ db/seeds.rb:19
  [1m[36mUser Load (0.2ms)[0m  [1m[34mSELECT  "users".* FROM "users" WHERE "users"."id" = $1 LIMIT $2[0m  [["id", 81], ["LIMIT", 1]]
  ↳ db/seeds.rb:19
  [1m[36mEvent Create (0.3ms)[0m  [1m[32mINSERT INTO "events" ("title", "description", "date", "author_name", "author_id", "start_time", "end_time", "created_at", "updated_at", "category", "pic_url") VALUES ($1, $2, $3, $4, $5, $6, $7, $8, $9, $10, $11) RETURNING "id"[0m  [["title", "Learn Python in 5 Minutes!"], ["description", "Python in 5 minutes?? Is that even possible?? Maybe, the least we can do is try."], ["date", "1992-12-12 06:06:06"], ["author_name", "Bob"], ["author_id", 81], ["start_time", "1992-12-12 06:06:06"], ["end_time", "1992-12-12 07:07:07"], ["created_at", "2021-08-21 01:04:35.403973"], ["updated_at", "2021-08-21 01:04:35.403973"], ["category", "Online"], ["pic_url", "adam-kool-ndN00KmbJ1c-unsplash.jpg"]]
  ↳ db/seeds.rb:19
  [1m[35m (0.4ms)[0m  [1m[35mCOMMIT[0m
  ↳ db/seeds.rb:19
  [1m[35m (0.1ms)[0m  [1m[35mBEGIN[0m
  ↳ db/seeds.rb:20
  [1m[36mUser Load (0.3ms)[0m  [1m[34mSELECT  "users".* FROM "users" WHERE "users"."id" = $1 LIMIT $2[0m  [["id", 82], ["LIMIT", 1]]
  ↳ db/seeds.rb:20
  [1m[36mEvent Create (0.7ms)[0m  [1m[32mINSERT INTO "events" ("title", "description", "date", "author_name", "author_id", "start_time", "end_time", "created_at", "updated_at", "category", "pic_url") VALUES ($1, $2, $3, $4, $5, $6, $7, $8, $9, $10, $11) RETURNING "id"[0m  [["title", "Help Plant Trees!"], ["description", "We  need to help our ecosystems but using less and planting more!"], ["date", "1994-12-12 06:06:06"], ["author_name", "Tom"], ["author_id", 82], ["start_time", "1994-12-12 06:06:06"], ["end_time", "1994-12-12 07:07:07"], ["created_at", "2021-08-21 01:04:35.407813"], ["updated_at", "2021-08-21 01:04:35.407813"], ["category", "Today"], ["pic_url", "adam-kool-ndN00KmbJ1c-unsplash.jpg"]]
  ↳ db/seeds.rb:20
  [1m[35m (0.4ms)[0m  [1m[35mCOMMIT[0m
  ↳ db/seeds.rb:20
  [1m[35m (0.1ms)[0m  [1m[35mBEGIN[0m
  ↳ db/seeds.rb:21
  [1m[36mUser Load (0.2ms)[0m  [1m[34mSELECT  "users".* FROM "users" WHERE "users"."id" = $1 LIMIT $2[0m  [["id", 79], ["LIMIT", 1]]
  ↳ db/seeds.rb:21
  [1m[36mEvent Create (0.3ms)[0m  [1m[32mINSERT INTO "events" ("title", "description", "date", "author_name", "author_id", "start_time", "end_time", "created_at", "updated_at", "category", "pic_url") VALUES ($1, $2, $3, $4, $5, $6, $7, $8, $9, $10, $11) RETURNING "id"[0m  [["title", "Summer Camp for Children"], ["description", "The perfect time for children to de-stress and take a break from their devices to enjoy nature"], ["date", "1995-12-12 06:06:06"], ["author_name", "Abir"], ["author_id", 79], ["start_time", "1995-12-12 06:06:06"], ["end_time", "1995-12-12 07:07:07"], ["created_at", "2021-08-21 01:04:35.412512"], ["updated_at", "2021-08-21 01:04:35.412512"], ["category", "This weekend"], ["pic_url", "adam-kool-ndN00KmbJ1c-unsplash.jpg"]]
  ↳ db/seeds.rb:21
  [1m[35m (0.5ms)[0m  [1m[35mCOMMIT[0m
  ↳ db/seeds.rb:21
  [1m[35m (0.1ms)[0m  [1m[35mBEGIN[0m
  ↳ db/seeds.rb:22
  [1m[36mUser Load (0.2ms)[0m  [1m[34mSELECT  "users".* FROM "users" WHERE "users"."id" = $1 LIMIT $2[0m  [["id", 83], ["LIMIT", 1]]
  ↳ db/seeds.rb:22
  [1m[36mEvent Create (0.4ms)[0m  [1m[32mINSERT INTO "events" ("title", "description", "date", "author_name", "author_id", "start_time", "end_time", "created_at", "updated_at", "category", "pic_url") VALUES ($1, $2, $3, $4, $5, $6, $7, $8, $9, $10, $11) RETURNING "id"[0m  [["title", "Dinner on the Beach"], ["description", "Dinner with a view? Sign me up!"], ["date", "1996-12-12 06:06:06"], ["author_name", "John"], ["author_id", 83], ["start_time", "1996-12-12 06:06:06"], ["end_time", "1996-12-12 07:07:07"], ["created_at", "2021-08-21 01:04:35.415665"], ["updated_at", "2021-08-21 01:04:35.415665"], ["category", "Free"], ["pic_url", "adam-kool-ndN00KmbJ1c-unsplash.jpg"]]
  ↳ db/seeds.rb:22
  [1m[35m (0.4ms)[0m  [1m[35mCOMMIT[0m
  ↳ db/seeds.rb:22
  [1m[35m (0.1ms)[0m  [1m[35mBEGIN[0m
  ↳ db/seeds.rb:23
  [1m[36mUser Load (0.1ms)[0m  [1m[34mSELECT  "users".* FROM "users" WHERE "users"."id" = $1 LIMIT $2[0m  [["id", 84], ["LIMIT", 1]]
  ↳ db/seeds.rb:23
  [1m[36mEvent Create (0.3ms)[0m  [1m[32mINSERT INTO "events" ("title", "description", "date", "author_name", "author_id", "start_time", "end_time", "created_at", "updated_at", "category", "pic_url") VALUES ($1, $2, $3, $4, $5, $6, $7, $8, $9, $10, $11) RETURNING "id"[0m  [["title", "Help Feed the Needy"], ["description", "It is very important that we give back to those who are in need."], ["date", "1998-12-12 06:06:06"], ["author_name", "Ron"], ["author_id", 84], ["start_time", "1998-12-12 06:06:06"], ["end_time", "1998-12-12 07:07:07"], ["created_at", "2021-08-21 01:04:35.418622"], ["updated_at", "2021-08-21 01:04:35.418622"], ["category", "Charity & Causes"], ["pic_url", "adam-kool-ndN00KmbJ1c-unsplash.jpg"]]
  ↳ db/seeds.rb:23
  [1m[35m (0.3ms)[0m  [1m[35mCOMMIT[0m
  ↳ db/seeds.rb:23
