  [1m[35m (1.4ms)[0m  [1m[34mSELECT "schema_migrations"."version" FROM "schema_migrations" ORDER BY "schema_migrations"."version" ASC[0m
  ↳ bin/rails:9
  [1m[36mUser Load (0.8ms)[0m  [1m[34mSELECT "users".* FROM "users"[0m
  ↳ db/seeds.rb:8
  [1m[35m (0.1ms)[0m  [1m[35mBEGIN[0m
  ↳ db/seeds.rb:8
  [1m[36mUser Destroy (0.4ms)[0m  [1m[31mDELETE FROM "users" WHERE "users"."id" = $1[0m  [["id", 58]]
  ↳ db/seeds.rb:8
  [1m[35m (6.5ms)[0m  [1m[35mCOMMIT[0m
  ↳ db/seeds.rb:8
  [1m[35m (0.1ms)[0m  [1m[35mBEGIN[0m
  ↳ db/seeds.rb:8
  [1m[36mUser Destroy (0.3ms)[0m  [1m[31mDELETE FROM "users" WHERE "users"."id" = $1[0m  [["id", 59]]
  ↳ db/seeds.rb:8
  [1m[35m (0.3ms)[0m  [1m[35mCOMMIT[0m
  ↳ db/seeds.rb:8
  [1m[35m (0.1ms)[0m  [1m[35mBEGIN[0m
  ↳ db/seeds.rb:8
  [1m[36mUser Destroy (0.2ms)[0m  [1m[31mDELETE FROM "users" WHERE "users"."id" = $1[0m  [["id", 60]]
  ↳ db/seeds.rb:8
  [1m[35m (0.3ms)[0m  [1m[35mCOMMIT[0m
  ↳ db/seeds.rb:8
  [1m[35m (0.1ms)[0m  [1m[35mBEGIN[0m
  ↳ db/seeds.rb:8
  [1m[36mUser Destroy (0.2ms)[0m  [1m[31mDELETE FROM "users" WHERE "users"."id" = $1[0m  [["id", 55]]
  ↳ db/seeds.rb:8
  [1m[35m (0.3ms)[0m  [1m[35mCOMMIT[0m
  ↳ db/seeds.rb:8
  [1m[35m (0.1ms)[0m  [1m[35mBEGIN[0m
  ↳ db/seeds.rb:8
  [1m[36mUser Destroy (0.3ms)[0m  [1m[31mDELETE FROM "users" WHERE "users"."id" = $1[0m  [["id", 56]]
  ↳ db/seeds.rb:8
  [1m[35m (0.3ms)[0m  [1m[35mCOMMIT[0m
  ↳ db/seeds.rb:8
  [1m[35m (0.1ms)[0m  [1m[35mBEGIN[0m
  ↳ db/seeds.rb:8
  [1m[36mUser Destroy (0.3ms)[0m  [1m[31mDELETE FROM "users" WHERE "users"."id" = $1[0m  [["id", 57]]
  ↳ db/seeds.rb:8
  [1m[35m (0.3ms)[0m  [1m[35mCOMMIT[0m
  ↳ db/seeds.rb:8
  [1m[36mEvent Load (0.9ms)[0m  [1m[34mSELECT "events".* FROM "events"[0m
  ↳ db/seeds.rb:9
  [1m[35m (0.1ms)[0m  [1m[35mBEGIN[0m
  ↳ db/seeds.rb:11
  [1m[36mUser Exists (0.4ms)[0m  [1m[34mSELECT  1 AS one FROM "users" WHERE "users"."email" = $1 LIMIT $2[0m  [["email", "abir@gmail.com"], ["LIMIT", 1]]
  ↳ db/seeds.rb:11
  [1m[36mUser Create (0.5ms)[0m  [1m[32mINSERT INTO "users" ("email", "first_name", "last_name", "password_digest", "session_token", "created_at", "updated_at") VALUES ($1, $2, $3, $4, $5, $6, $7) RETURNING "id"[0m  [["email", "abir@gmail.com"], ["first_name", "Abir"], ["last_name", "Mahamud"], ["password_digest", "$2a$12$tQXtlF3IOY93bL3RWaNIEeOvIxOhZ85fm70zAjD1DqYtLma6bVOtK"], ["session_token", "djoupO-Y3y0ue6LmL6KCUg"], ["created_at", "2021-08-20 20:23:19.927523"], ["updated_at", "2021-08-20 20:23:19.927523"]]
  ↳ db/seeds.rb:11
  [1m[35m (0.4ms)[0m  [1m[35mCOMMIT[0m
  ↳ db/seeds.rb:11
  [1m[35m (0.2ms)[0m  [1m[35mBEGIN[0m
  ↳ db/seeds.rb:12
  [1m[36mUser Exists (0.4ms)[0m  [1m[34mSELECT  1 AS one FROM "users" WHERE "users"."email" = $1 LIMIT $2[0m  [["email", "hello@gmail.com"], ["LIMIT", 1]]
  ↳ db/seeds.rb:12
  [1m[36mUser Create (0.3ms)[0m  [1m[32mINSERT INTO "users" ("email", "first_name", "last_name", "password_digest", "session_token", "created_at", "updated_at") VALUES ($1, $2, $3, $4, $5, $6, $7) RETURNING "id"[0m  [["email", "hello@gmail.com"], ["first_name", "Joe"], ["last_name", "BlackSmith"], ["password_digest", "$2a$12$/tjAptKif20EbafXKByf5.eshTNAXzEJmYJBFUQa7YUwr0omujUDW"], ["session_token", "nnRT9SYCopsRd87tXgJBBA"], ["created_at", "2021-08-20 20:23:20.144142"], ["updated_at", "2021-08-20 20:23:20.144142"]]
  ↳ db/seeds.rb:12
  [1m[35m (4.2ms)[0m  [1m[35mCOMMIT[0m
  ↳ db/seeds.rb:12
  [1m[35m (2.8ms)[0m  [1m[35mBEGIN[0m
  ↳ db/seeds.rb:13
  [1m[36mUser Exists (0.6ms)[0m  [1m[34mSELECT  1 AS one FROM "users" WHERE "users"."email" = $1 LIMIT $2[0m  [["email", "whatsup@gmail.com"], ["LIMIT", 1]]
  ↳ db/seeds.rb:13
  [1m[36mUser Create (0.6ms)[0m  [1m[32mINSERT INTO "users" ("email", "first_name", "last_name", "password_digest", "session_token", "created_at", "updated_at") VALUES ($1, $2, $3, $4, $5, $6, $7) RETURNING "id"[0m  [["email", "whatsup@gmail.com"], ["first_name", "Bob"], ["last_name", "Bradword"], ["password_digest", "$2a$12$0kF1IPuCYda8mC.ueWKMJu7zpS.Phln9c/Q1mY7Ebs91ECV.Fysky"], ["session_token", "GHqWMheu12UYZo6UThziqA"], ["created_at", "2021-08-20 20:23:20.370624"], ["updated_at", "2021-08-20 20:23:20.370624"]]
  ↳ db/seeds.rb:13
  [1m[35m (0.3ms)[0m  [1m[35mCOMMIT[0m
  ↳ db/seeds.rb:13
  [1m[35m (0.3ms)[0m  [1m[35mBEGIN[0m
  ↳ db/seeds.rb:14
  [1m[36mUser Exists (0.4ms)[0m  [1m[34mSELECT  1 AS one FROM "users" WHERE "users"."email" = $1 LIMIT $2[0m  [["email", "up@gmail.com"], ["LIMIT", 1]]
  ↳ db/seeds.rb:14
  [1m[36mUser Create (0.5ms)[0m  [1m[32mINSERT INTO "users" ("email", "first_name", "last_name", "password_digest", "session_token", "created_at", "updated_at") VALUES ($1, $2, $3, $4, $5, $6, $7) RETURNING "id"[0m  [["email", "up@gmail.com"], ["first_name", "Tom"], ["last_name", "Hilfiger"], ["password_digest", "$2a$12$yDjOFYEdbDUMXdFKIus7cea09zSpXAzWKKUZrVL/owfu1NP6ozhxG"], ["session_token", "DelXjv7ms8wXzERn4S0KRw"], ["created_at", "2021-08-20 20:23:20.588755"], ["updated_at", "2021-08-20 20:23:20.588755"]]
  ↳ db/seeds.rb:14
  [1m[35m (0.5ms)[0m  [1m[35mCOMMIT[0m
  ↳ db/seeds.rb:14
  [1m[35m (0.4ms)[0m  [1m[35mBEGIN[0m
  ↳ db/seeds.rb:15
  [1m[36mUser Exists (0.5ms)[0m  [1m[34mSELECT  1 AS one FROM "users" WHERE "users"."email" = $1 LIMIT $2[0m  [["email", "down@gmail.com"], ["LIMIT", 1]]
  ↳ db/seeds.rb:15
  [1m[36mUser Create (1.8ms)[0m  [1m[32mINSERT INTO "users" ("email", "first_name", "last_name", "password_digest", "session_token", "created_at", "updated_at") VALUES ($1, $2, $3, $4, $5, $6, $7) RETURNING "id"[0m  [["email", "down@gmail.com"], ["first_name", "John"], ["last_name", "Rohn"], ["password_digest", "$2a$12$.rCiy9PiffSeroDVI70NfOwxwdOtM8tI8En8JF6ONUGrow4MTkUZS"], ["session_token", "by28LsMetmQx0kofAN8TJg"], ["created_at", "2021-08-20 20:23:20.804190"], ["updated_at", "2021-08-20 20:23:20.804190"]]
  ↳ db/seeds.rb:15
  [1m[35m (15.3ms)[0m  [1m[35mCOMMIT[0m
  ↳ db/seeds.rb:15
  [1m[35m (0.2ms)[0m  [1m[35mBEGIN[0m
  ↳ db/seeds.rb:16
  [1m[36mUser Exists (0.4ms)[0m  [1m[34mSELECT  1 AS one FROM "users" WHERE "users"."email" = $1 LIMIT $2[0m  [["email", "left@gmail.com"], ["LIMIT", 1]]
  ↳ db/seeds.rb:16
  [1m[36mUser Create (0.3ms)[0m  [1m[32mINSERT INTO "users" ("email", "first_name", "last_name", "password_digest", "session_token", "created_at", "updated_at") VALUES ($1, $2, $3, $4, $5, $6, $7) RETURNING "id"[0m  [["email", "left@gmail.com"], ["first_name", "Ron"], ["last_name", "Bant"], ["password_digest", "$2a$12$wj2AX39BO/Rg1PUB78L8l.D.BWUBlNDOiscLzFd.rCLB7a47VIA0O"], ["session_token", "jjkkjH9DnGOGyVpPx7arFA"], ["created_at", "2021-08-20 20:23:21.033994"], ["updated_at", "2021-08-20 20:23:21.033994"]]
  ↳ db/seeds.rb:16
  [1m[35m (3.9ms)[0m  [1m[35mCOMMIT[0m
  ↳ db/seeds.rb:16
  [1m[35m (0.1ms)[0m  [1m[35mBEGIN[0m
  ↳ db/seeds.rb:17
  [1m[35m (0.2ms)[0m  [1m[31mROLLBACK[0m
  ↳ db/seeds.rb:17
  [1m[35m (0.8ms)[0m  [1m[34mSELECT "schema_migrations"."version" FROM "schema_migrations" ORDER BY "schema_migrations"."version" ASC[0m
  ↳ bin/rails:9
  [1m[36mUser Load (0.9ms)[0m  [1m[34mSELECT "users".* FROM "users"[0m
  ↳ db/seeds.rb:8
  [1m[35m (0.1ms)[0m  [1m[35mBEGIN[0m
  ↳ db/seeds.rb:8
  [1m[36mUser Destroy (0.6ms)[0m  [1m[31mDELETE FROM "users" WHERE "users"."id" = $1[0m  [["id", 61]]
  ↳ db/seeds.rb:8
  [1m[35m (0.4ms)[0m  [1m[35mCOMMIT[0m
  ↳ db/seeds.rb:8
  [1m[35m (0.1ms)[0m  [1m[35mBEGIN[0m
  ↳ db/seeds.rb:8
  [1m[36mUser Destroy (0.3ms)[0m  [1m[31mDELETE FROM "users" WHERE "users"."id" = $1[0m  [["id", 62]]
  ↳ db/seeds.rb:8
  [1m[35m (0.3ms)[0m  [1m[35mCOMMIT[0m
  ↳ db/seeds.rb:8
  [1m[35m (0.1ms)[0m  [1m[35mBEGIN[0m
  ↳ db/seeds.rb:8
  [1m[36mUser Destroy (0.3ms)[0m  [1m[31mDELETE FROM "users" WHERE "users"."id" = $1[0m  [["id", 63]]
  ↳ db/seeds.rb:8
  [1m[35m (0.5ms)[0m  [1m[35mCOMMIT[0m
  ↳ db/seeds.rb:8
  [1m[35m (0.1ms)[0m  [1m[35mBEGIN[0m
  ↳ db/seeds.rb:8
  [1m[36mUser Destroy (0.3ms)[0m  [1m[31mDELETE FROM "users" WHERE "users"."id" = $1[0m  [["id", 64]]
  ↳ db/seeds.rb:8
  [1m[35m (0.3ms)[0m  [1m[35mCOMMIT[0m
  ↳ db/seeds.rb:8
  [1m[35m (0.1ms)[0m  [1m[35mBEGIN[0m
  ↳ db/seeds.rb:8
  [1m[36mUser Destroy (0.2ms)[0m  [1m[31mDELETE FROM "users" WHERE "users"."id" = $1[0m  [["id", 65]]
  ↳ db/seeds.rb:8
  [1m[35m (0.4ms)[0m  [1m[35mCOMMIT[0m
  ↳ db/seeds.rb:8
  [1m[35m (0.1ms)[0m  [1m[35mBEGIN[0m
  ↳ db/seeds.rb:8
  [1m[36mUser Destroy (0.3ms)[0m  [1m[31mDELETE FROM "users" WHERE "users"."id" = $1[0m  [["id", 66]]
  ↳ db/seeds.rb:8
  [1m[35m (0.3ms)[0m  [1m[35mCOMMIT[0m
  ↳ db/seeds.rb:8
  [1m[36mEvent Load (0.6ms)[0m  [1m[34mSELECT "events".* FROM "events"[0m
  ↳ db/seeds.rb:9
  [1m[35m (0.1ms)[0m  [1m[35mBEGIN[0m
  ↳ db/seeds.rb:11
  [1m[36mUser Exists (0.4ms)[0m  [1m[34mSELECT  1 AS one FROM "users" WHERE "users"."email" = $1 LIMIT $2[0m  [["email", "abir@gmail.com"], ["LIMIT", 1]]
  ↳ db/seeds.rb:11
  [1m[36mUser Create (0.6ms)[0m  [1m[32mINSERT INTO "users" ("email", "first_name", "last_name", "password_digest", "session_token", "created_at", "updated_at") VALUES ($1, $2, $3, $4, $5, $6, $7) RETURNING "id"[0m  [["email", "abir@gmail.com"], ["first_name", "Abir"], ["last_name", "Mahamud"], ["password_digest", "$2a$12$p0WxBFXAc/vK3LJyLqk33.mhMfhbIesc4sUJ8WzWzurnepc7fYc.2"], ["session_token", "888O7l9OOe5EGOeeY8vFJw"], ["created_at", "2021-08-20 22:47:37.693694"], ["updated_at", "2021-08-20 22:47:37.693694"]]
  ↳ db/seeds.rb:11
  [1m[35m (1.6ms)[0m  [1m[35mCOMMIT[0m
  ↳ db/seeds.rb:11
  [1m[35m (0.1ms)[0m  [1m[35mBEGIN[0m
  ↳ db/seeds.rb:12
  [1m[36mUser Exists (0.5ms)[0m  [1m[34mSELECT  1 AS one FROM "users" WHERE "users"."email" = $1 LIMIT $2[0m  [["email", "hello@gmail.com"], ["LIMIT", 1]]
  ↳ db/seeds.rb:12
  [1m[36mUser Create (0.4ms)[0m  [1m[32mINSERT INTO "users" ("email", "first_name", "last_name", "password_digest", "session_token", "created_at", "updated_at") VALUES ($1, $2, $3, $4, $5, $6, $7) RETURNING "id"[0m  [["email", "hello@gmail.com"], ["first_name", "Joe"], ["last_name", "BlackSmith"], ["password_digest", "$2a$12$VOxE7C5VGQGOxK/QMoMqjeJInTUPfAt9wRmYBaLIgJQLk7wvrtZHW"], ["session_token", "5jYhroCGrdPxXOKlax5WnA"], ["created_at", "2021-08-20 22:47:37.914306"], ["updated_at", "2021-08-20 22:47:37.914306"]]
  ↳ db/seeds.rb:12
  [1m[35m (2.0ms)[0m  [1m[35mCOMMIT[0m
  ↳ db/seeds.rb:12
  [1m[35m (0.3ms)[0m  [1m[35mBEGIN[0m
  ↳ db/seeds.rb:13
  [1m[36mUser Exists (0.3ms)[0m  [1m[34mSELECT  1 AS one FROM "users" WHERE "users"."email" = $1 LIMIT $2[0m  [["email", "whatsup@gmail.com"], ["LIMIT", 1]]
  ↳ db/seeds.rb:13
  [1m[36mUser Create (0.3ms)[0m  [1m[32mINSERT INTO "users" ("email", "first_name", "last_name", "password_digest", "session_token", "created_at", "updated_at") VALUES ($1, $2, $3, $4, $5, $6, $7) RETURNING "id"[0m  [["email", "whatsup@gmail.com"], ["first_name", "Bob"], ["last_name", "Bradword"], ["password_digest", "$2a$12$VMFYP6mgKAspdzVpgZZDNOvFLMQ8wArl6KNQ1acFHLenIAdycpdCC"], ["session_token", "e3jKGhZowe4RcrQ5mLkOeA"], ["created_at", "2021-08-20 22:47:38.136574"], ["updated_at", "2021-08-20 22:47:38.136574"]]
  ↳ db/seeds.rb:13
  [1m[35m (1.6ms)[0m  [1m[35mCOMMIT[0m
  ↳ db/seeds.rb:13
  [1m[35m (0.2ms)[0m  [1m[35mBEGIN[0m
  ↳ db/seeds.rb:14
  [1m[36mUser Exists (0.6ms)[0m  [1m[34mSELECT  1 AS one FROM "users" WHERE "users"."email" = $1 LIMIT $2[0m  [["email", "up@gmail.com"], ["LIMIT", 1]]
  ↳ db/seeds.rb:14
  [1m[36mUser Create (0.6ms)[0m  [1m[32mINSERT INTO "users" ("email", "first_name", "last_name", "password_digest", "session_token", "created_at", "updated_at") VALUES ($1, $2, $3, $4, $5, $6, $7) RETURNING "id"[0m  [["email", "up@gmail.com"], ["first_name", "Tom"], ["last_name", "Hilfiger"], ["password_digest", "$2a$12$Pf43w7bh0ys9DxBty8qVMePunggwqOT03dT30iNHfaCbCM.d5.DIu"], ["session_token", "mbgdOwOwpav1GzoM6uxq8A"], ["created_at", "2021-08-20 22:47:38.363060"], ["updated_at", "2021-08-20 22:47:38.363060"]]
  ↳ db/seeds.rb:14
  [1m[35m (1.6ms)[0m  [1m[35mCOMMIT[0m
  ↳ db/seeds.rb:14
  [1m[35m (0.3ms)[0m  [1m[35mBEGIN[0m
  ↳ db/seeds.rb:15
  [1m[36mUser Exists (0.7ms)[0m  [1m[34mSELECT  1 AS one FROM "users" WHERE "users"."email" = $1 LIMIT $2[0m  [["email", "down@gmail.com"], ["LIMIT", 1]]
  ↳ db/seeds.rb:15
  [1m[36mUser Create (0.7ms)[0m  [1m[32mINSERT INTO "users" ("email", "first_name", "last_name", "password_digest", "session_token", "created_at", "updated_at") VALUES ($1, $2, $3, $4, $5, $6, $7) RETURNING "id"[0m  [["email", "down@gmail.com"], ["first_name", "John"], ["last_name", "Rohn"], ["password_digest", "$2a$12$elmyYK03OlF.HkP9pF99auz4RUsSty.mw5FAufei2AUIAgXYF9oYO"], ["session_token", "lHwY6yzTgDV1nZvRrCF6Ug"], ["created_at", "2021-08-20 22:47:38.586585"], ["updated_at", "2021-08-20 22:47:38.586585"]]
  ↳ db/seeds.rb:15
  [1m[35m (2.1ms)[0m  [1m[35mCOMMIT[0m
  ↳ db/seeds.rb:15
  [1m[35m (0.3ms)[0m  [1m[35mBEGIN[0m
  ↳ db/seeds.rb:16
  [1m[36mUser Exists (0.4ms)[0m  [1m[34mSELECT  1 AS one FROM "users" WHERE "users"."email" = $1 LIMIT $2[0m  [["email", "left@gmail.com"], ["LIMIT", 1]]
  ↳ db/seeds.rb:16
  [1m[36mUser Create (1.1ms)[0m  [1m[32mINSERT INTO "users" ("email", "first_name", "last_name", "password_digest", "session_token", "created_at", "updated_at") VALUES ($1, $2, $3, $4, $5, $6, $7) RETURNING "id"[0m  [["email", "left@gmail.com"], ["first_name", "Ron"], ["last_name", "Bant"], ["password_digest", "$2a$12$kwBqbs8hp/QD79ze3/kiseghz4.z/knCATxEKBVAmFDyZqpFk2ivO"], ["session_token", "zngyza-KolYqL6gWI7GBww"], ["created_at", "2021-08-20 22:47:38.812063"], ["updated_at", "2021-08-20 22:47:38.812063"]]
  ↳ db/seeds.rb:16
  [1m[35m (1.6ms)[0m  [1m[35mCOMMIT[0m
  ↳ db/seeds.rb:16
  [1m[35m (0.1ms)[0m  [1m[35mBEGIN[0m
  ↳ db/seeds.rb:17
  [1m[35m (0.2ms)[0m  [1m[31mROLLBACK[0m
  ↳ db/seeds.rb:17
