  [1m[35m (1.4ms)[0m  [1m[34mSELECT "schema_migrations"."version" FROM "schema_migrations" ORDER BY "schema_migrations"."version" ASC[0m
  ↳ bin/rails:9
  [1m[35m (0.4ms)[0m  [1m[34mSELECT "ar_internal_metadata"."value" FROM "ar_internal_metadata" WHERE "ar_internal_metadata"."key" = $1[0m  [["key", "environment"]]
  ↳ bin/rails:9
  [1m[35m (0.2ms)[0m  [1m[34mSELECT "schema_migrations"."version" FROM "schema_migrations" ORDER BY "schema_migrations"."version" ASC[0m
  ↳ bin/rails:9
  [1m[35m (0.1ms)[0m  [1m[34mSELECT "ar_internal_metadata"."value" FROM "ar_internal_metadata" WHERE "ar_internal_metadata"."key" = $1[0m  [["key", "environment"]]
  ↳ bin/rails:9
  [1m[35m (0.2ms)[0m  [1m[34mSELECT "schema_migrations"."version" FROM "schema_migrations" ORDER BY "schema_migrations"."version" ASC[0m
  ↳ bin/rails:9
  [1m[35m (0.3ms)[0m  [1m[34mSELECT "ar_internal_metadata"."value" FROM "ar_internal_metadata" WHERE "ar_internal_metadata"."key" = $1[0m  [["key", "environment"]]
  ↳ bin/rails:9
  [1m[35m (70.2ms)[0m  [1m[35mDROP DATABASE IF EXISTS "event_bite_development"[0m
  ↳ bin/rails:9
  [1m[35m (88.9ms)[0m  [1m[35mDROP DATABASE IF EXISTS "event_bite_test"[0m
  ↳ bin/rails:9
  [1m[35m (274.5ms)[0m  [1m[35mCREATE DATABASE "event_bite_development" ENCODING = 'unicode'[0m
  ↳ bin/rails:9
  [1m[35m (106.2ms)[0m  [1m[35mCREATE DATABASE "event_bite_test" ENCODING = 'unicode'[0m
  ↳ bin/rails:9
  [1m[35mSQL (1.0ms)[0m  [1m[35mCREATE EXTENSION IF NOT EXISTS "plpgsql"[0m
  ↳ db/schema.rb:16
  [1m[35m (1.0ms)[0m  [1m[35mDROP TABLE IF EXISTS "active_storage_attachments" CASCADE[0m
  ↳ db/schema.rb:18
  [1m[35m (14.8ms)[0m  [1m[35mCREATE TABLE "active_storage_attachments" ("id" bigserial primary key, "name" character varying NOT NULL, "record_type" character varying NOT NULL, "record_id" bigint NOT NULL, "blob_id" bigint NOT NULL, "created_at" timestamp NOT NULL)[0m
  ↳ db/schema.rb:18
  [1m[35m (1.3ms)[0m  [1m[35mCREATE  INDEX  "index_active_storage_attachments_on_blob_id" ON "active_storage_attachments"  ("blob_id")[0m
  ↳ db/schema.rb:18
  [1m[35m (1.7ms)[0m  [1m[35mCREATE UNIQUE INDEX  "index_active_storage_attachments_uniqueness" ON "active_storage_attachments"  ("record_type", "record_id", "name", "blob_id")[0m
  ↳ db/schema.rb:18
  [1m[35m (1.0ms)[0m  [1m[35mDROP TABLE IF EXISTS "active_storage_blobs" CASCADE[0m
  ↳ db/schema.rb:28
  [1m[35m (11.4ms)[0m  [1m[35mCREATE TABLE "active_storage_blobs" ("id" bigserial primary key, "key" character varying NOT NULL, "filename" character varying NOT NULL, "content_type" character varying, "metadata" text, "byte_size" bigint NOT NULL, "checksum" character varying NOT NULL, "created_at" timestamp NOT NULL)[0m
  ↳ db/schema.rb:28
  [1m[35m (1.1ms)[0m  [1m[35mCREATE UNIQUE INDEX  "index_active_storage_blobs_on_key" ON "active_storage_blobs"  ("key")[0m
  ↳ db/schema.rb:28
  [1m[35m (1.0ms)[0m  [1m[35mDROP TABLE IF EXISTS "add_columns" CASCADE[0m
  ↳ db/schema.rb:39
  [1m[35m (11.5ms)[0m  [1m[35mCREATE TABLE "add_columns" ("id" bigserial primary key, "created_at" timestamp NOT NULL, "updated_at" timestamp NOT NULL)[0m
  ↳ db/schema.rb:39
  [1m[35m (0.5ms)[0m  [1m[35mDROP TABLE IF EXISTS "bookmarks" CASCADE[0m
  ↳ db/schema.rb:44
  [1m[35m (3.9ms)[0m  [1m[35mCREATE TABLE "bookmarks" ("id" bigserial primary key, "bookmarker_id" integer NOT NULL, "bookmarked_event_id" integer NOT NULL, "created_at" timestamp NOT NULL, "updated_at" timestamp NOT NULL)[0m
  ↳ db/schema.rb:44
  [1m[35m (4.2ms)[0m  [1m[35mCREATE  INDEX  "index_bookmarks_on_bookmarked_event_id" ON "bookmarks"  ("bookmarked_event_id")[0m
  ↳ db/schema.rb:44
  [1m[35m (1.3ms)[0m  [1m[35mCREATE UNIQUE INDEX  "index_bookmarks_on_bookmarker_id_and_bookmarked_event_id" ON "bookmarks"  ("bookmarker_id", "bookmarked_event_id")[0m
  ↳ db/schema.rb:44
  [1m[35m (0.2ms)[0m  [1m[35mDROP TABLE IF EXISTS "categories" CASCADE[0m
  ↳ db/schema.rb:53
  [1m[35m (16.4ms)[0m  [1m[35mCREATE TABLE "categories" ("id" bigserial primary key, "title" character varying NOT NULL, "description" text, "created_at" timestamp NOT NULL, "updated_at" timestamp NOT NULL)[0m
  ↳ db/schema.rb:53
  [1m[35m (26.5ms)[0m  [1m[35mCREATE  INDEX  "index_categories_on_title" ON "categories"  ("title")[0m
  ↳ db/schema.rb:53
  [1m[35m (0.2ms)[0m  [1m[35mDROP TABLE IF EXISTS "events" CASCADE[0m
  ↳ db/schema.rb:61
  [1m[35m (5.8ms)[0m  [1m[35mCREATE TABLE "events" ("id" bigserial primary key, "title" character varying NOT NULL, "description" text NOT NULL, "date" timestamp NOT NULL, "author_name" character varying NOT NULL, "author_id" integer NOT NULL, "start_time" timestamp NOT NULL, "end_time" timestamp NOT NULL, "created_at" timestamp NOT NULL, "updated_at" timestamp NOT NULL, "category" character varying NOT NULL, "pic_url" character varying NOT NULL)[0m
  ↳ db/schema.rb:61
  [1m[35m (1.3ms)[0m  [1m[35mCREATE  INDEX  "index_events_on_author_id" ON "events"  ("author_id")[0m
  ↳ db/schema.rb:61
  [1m[35m (6.0ms)[0m  [1m[35mCREATE  INDEX  "index_events_on_author_name" ON "events"  ("author_name")[0m
  ↳ db/schema.rb:61
  [1m[35m (0.2ms)[0m  [1m[35mDROP TABLE IF EXISTS "interests" CASCADE[0m
  ↳ db/schema.rb:77
  [1m[35m (7.2ms)[0m  [1m[35mCREATE TABLE "interests" ("id" bigserial primary key, "genre" character varying NOT NULL, "user_id" integer NOT NULL, "created_at" timestamp NOT NULL, "updated_at" timestamp NOT NULL)[0m
  ↳ db/schema.rb:77
  [1m[35m (0.8ms)[0m  [1m[35mDROP TABLE IF EXISTS "likes" CASCADE[0m
  ↳ db/schema.rb:84
  [1m[35m (3.8ms)[0m  [1m[35mCREATE TABLE "likes" ("id" bigserial primary key, "user_id" integer NOT NULL, "event_id" integer NOT NULL, "created_at" timestamp NOT NULL, "updated_at" timestamp NOT NULL)[0m
  ↳ db/schema.rb:84
  [1m[35m (3.9ms)[0m  [1m[35mCREATE UNIQUE INDEX  "index_likes_on_event_id_and_user_id" ON "likes"  ("event_id", "user_id")[0m
  ↳ db/schema.rb:84
  [1m[35m (2.6ms)[0m  [1m[35mCREATE  INDEX  "index_likes_on_event_id" ON "likes"  ("event_id")[0m
  ↳ db/schema.rb:84
  [1m[35m (1.4ms)[0m  [1m[35mCREATE  INDEX  "index_likes_on_user_id" ON "likes"  ("user_id")[0m
  ↳ db/schema.rb:84
  [1m[35m (0.6ms)[0m  [1m[35mDROP TABLE IF EXISTS "registrations" CASCADE[0m
  ↳ db/schema.rb:94
  [1m[35m (10.5ms)[0m  [1m[35mCREATE TABLE "registrations" ("id" bigserial primary key, "buyer_id" integer NOT NULL, "event_id" integer NOT NULL, "created_at" timestamp NOT NULL, "updated_at" timestamp NOT NULL)[0m
  ↳ db/schema.rb:94
  [1m[35m (1.9ms)[0m  [1m[35mCREATE  INDEX  "index_registrations_on_event_id" ON "registrations"  ("event_id")[0m
  ↳ db/schema.rb:94
  [1m[35m (0.5ms)[0m  [1m[35mDROP TABLE IF EXISTS "users" CASCADE[0m
  ↳ db/schema.rb:102
  [1m[35m (23.0ms)[0m  [1m[35mCREATE TABLE "users" ("id" bigserial primary key, "email" character varying NOT NULL, "first_name" character varying NOT NULL, "last_name" character varying NOT NULL, "password_digest" character varying NOT NULL, "session_token" character varying NOT NULL, "created_at" timestamp NOT NULL, "updated_at" timestamp NOT NULL, "event_id" integer)[0m
  ↳ db/schema.rb:102
  [1m[35m (2.3ms)[0m  [1m[35mCREATE UNIQUE INDEX  "index_users_on_email" ON "users"  ("email")[0m
  ↳ db/schema.rb:102
  [1m[35m (6.7ms)[0m  [1m[35mCREATE  INDEX  "index_users_on_first_name" ON "users"  ("first_name")[0m
  ↳ db/schema.rb:102
  [1m[35m (2.2ms)[0m  [1m[35mCREATE  INDEX  "index_users_on_last_name" ON "users"  ("last_name")[0m
  ↳ db/schema.rb:102
  [1m[35m (1.4ms)[0m  [1m[35mCREATE UNIQUE INDEX  "index_users_on_session_token" ON "users"  ("session_token")[0m
  ↳ db/schema.rb:102
  [1m[35m (13.6ms)[0m  [1m[35mALTER TABLE "active_storage_attachments" ADD CONSTRAINT "fk_rails_c3b3935057"
FOREIGN KEY ("blob_id")
  REFERENCES "active_storage_blobs" ("id")
[0m
  ↳ db/schema.rb:117
  [1m[35m (9.6ms)[0m  [1m[35mCREATE TABLE "schema_migrations" ("version" character varying NOT NULL PRIMARY KEY)[0m
  ↳ db/schema.rb:13
  [1m[35m (0.8ms)[0m  [1m[34mSELECT "schema_migrations"."version" FROM "schema_migrations" ORDER BY "schema_migrations"."version" ASC[0m
  ↳ db/schema.rb:13
  [1m[35m (0.7ms)[0m  [1m[32mINSERT INTO "schema_migrations" (version) VALUES (20210819231431)[0m
  ↳ db/schema.rb:13
  [1m[35m (0.7ms)[0m  [1m[32mINSERT INTO "schema_migrations" (version) VALUES
(20210510184442),
(20210630162927),
(20210708160224),
(20210701013141),
(20210813183609),
(20210510184721),
(20210510182401),
(20210510185114),
(20210510182250),
(20210518142141),
(20210510180543),
(20210630163911);

[0m
  ↳ db/schema.rb:13
  [1m[35m (10.1ms)[0m  [1m[35mCREATE TABLE "ar_internal_metadata" ("key" character varying NOT NULL PRIMARY KEY, "value" character varying, "created_at" timestamp NOT NULL, "updated_at" timestamp NOT NULL)[0m
  ↳ db/schema.rb:13
  [1m[36mActiveRecord::InternalMetadata Load (0.3ms)[0m  [1m[34mSELECT  "ar_internal_metadata".* FROM "ar_internal_metadata" WHERE "ar_internal_metadata"."key" = $1 LIMIT $2[0m  [["key", "environment"], ["LIMIT", 1]]
  ↳ db/schema.rb:13
  [1m[35m (0.2ms)[0m  [1m[35mBEGIN[0m
  ↳ db/schema.rb:13
  [1m[36mActiveRecord::InternalMetadata Create (0.4ms)[0m  [1m[32mINSERT INTO "ar_internal_metadata" ("key", "value", "created_at", "updated_at") VALUES ($1, $2, $3, $4) RETURNING "key"[0m  [["key", "environment"], ["value", "development"], ["created_at", "2021-08-20 00:53:50.882654"], ["updated_at", "2021-08-20 00:53:50.882654"]]
  ↳ db/schema.rb:13
  [1m[35m (0.5ms)[0m  [1m[35mCOMMIT[0m
  ↳ db/schema.rb:13
  [1m[36mActiveRecord::InternalMetadata Load (0.2ms)[0m  [1m[34mSELECT  "ar_internal_metadata".* FROM "ar_internal_metadata" WHERE "ar_internal_metadata"."key" = $1 LIMIT $2[0m  [["key", "environment"], ["LIMIT", 1]]
  ↳ bin/rails:9
  [1m[35m (0.1ms)[0m  [1m[35mBEGIN[0m
  ↳ bin/rails:9
  [1m[35m (0.1ms)[0m  [1m[35mCOMMIT[0m
  ↳ bin/rails:9
  [1m[35mSQL (0.4ms)[0m  [1m[35mCREATE EXTENSION IF NOT EXISTS "plpgsql"[0m
  ↳ db/schema.rb:16
  [1m[35m (0.7ms)[0m  [1m[35mDROP TABLE IF EXISTS "active_storage_attachments" CASCADE[0m
  ↳ db/schema.rb:18
  [1m[35m (13.5ms)[0m  [1m[35mCREATE TABLE "active_storage_attachments" ("id" bigserial primary key, "name" character varying NOT NULL, "record_type" character varying NOT NULL, "record_id" bigint NOT NULL, "blob_id" bigint NOT NULL, "created_at" timestamp NOT NULL)[0m
  ↳ db/schema.rb:18
  [1m[35m (1.3ms)[0m  [1m[35mCREATE  INDEX  "index_active_storage_attachments_on_blob_id" ON "active_storage_attachments"  ("blob_id")[0m
  ↳ db/schema.rb:18
  [1m[35m (3.1ms)[0m  [1m[35mCREATE UNIQUE INDEX  "index_active_storage_attachments_uniqueness" ON "active_storage_attachments"  ("record_type", "record_id", "name", "blob_id")[0m
  ↳ db/schema.rb:18
  [1m[35m (1.0ms)[0m  [1m[35mDROP TABLE IF EXISTS "active_storage_blobs" CASCADE[0m
  ↳ db/schema.rb:28
  [1m[35m (6.1ms)[0m  [1m[35mCREATE TABLE "active_storage_blobs" ("id" bigserial primary key, "key" character varying NOT NULL, "filename" character varying NOT NULL, "content_type" character varying, "metadata" text, "byte_size" bigint NOT NULL, "checksum" character varying NOT NULL, "created_at" timestamp NOT NULL)[0m
  ↳ db/schema.rb:28
  [1m[35m (1.3ms)[0m  [1m[35mCREATE UNIQUE INDEX  "index_active_storage_blobs_on_key" ON "active_storage_blobs"  ("key")[0m
  ↳ db/schema.rb:28
  [1m[35m (2.1ms)[0m  [1m[35mDROP TABLE IF EXISTS "add_columns" CASCADE[0m
  ↳ db/schema.rb:39
  [1m[35m (6.5ms)[0m  [1m[35mCREATE TABLE "add_columns" ("id" bigserial primary key, "created_at" timestamp NOT NULL, "updated_at" timestamp NOT NULL)[0m
  ↳ db/schema.rb:39
  [1m[35m (1.6ms)[0m  [1m[35mDROP TABLE IF EXISTS "bookmarks" CASCADE[0m
  ↳ db/schema.rb:44
  [1m[35m (3.7ms)[0m  [1m[35mCREATE TABLE "bookmarks" ("id" bigserial primary key, "bookmarker_id" integer NOT NULL, "bookmarked_event_id" integer NOT NULL, "created_at" timestamp NOT NULL, "updated_at" timestamp NOT NULL)[0m
  ↳ db/schema.rb:44
  [1m[35m (2.2ms)[0m  [1m[35mCREATE  INDEX  "index_bookmarks_on_bookmarked_event_id" ON "bookmarks"  ("bookmarked_event_id")[0m
  ↳ db/schema.rb:44
  [1m[35m (1.8ms)[0m  [1m[35mCREATE UNIQUE INDEX  "index_bookmarks_on_bookmarker_id_and_bookmarked_event_id" ON "bookmarks"  ("bookmarker_id", "bookmarked_event_id")[0m
  ↳ db/schema.rb:44
  [1m[35m (0.2ms)[0m  [1m[35mDROP TABLE IF EXISTS "categories" CASCADE[0m
  ↳ db/schema.rb:53
  [1m[35m (6.5ms)[0m  [1m[35mCREATE TABLE "categories" ("id" bigserial primary key, "title" character varying NOT NULL, "description" text, "created_at" timestamp NOT NULL, "updated_at" timestamp NOT NULL)[0m
  ↳ db/schema.rb:53
  [1m[35m (2.2ms)[0m  [1m[35mCREATE  INDEX  "index_categories_on_title" ON "categories"  ("title")[0m
  ↳ db/schema.rb:53
  [1m[35m (1.4ms)[0m  [1m[35mDROP TABLE IF EXISTS "events" CASCADE[0m
  ↳ db/schema.rb:61
  [1m[35m (4.1ms)[0m  [1m[35mCREATE TABLE "events" ("id" bigserial primary key, "title" character varying NOT NULL, "description" text NOT NULL, "date" timestamp NOT NULL, "author_name" character varying NOT NULL, "author_id" integer NOT NULL, "start_time" timestamp NOT NULL, "end_time" timestamp NOT NULL, "created_at" timestamp NOT NULL, "updated_at" timestamp NOT NULL, "category" character varying NOT NULL, "pic_url" character varying NOT NULL)[0m
  ↳ db/schema.rb:61
  [1m[35m (1.6ms)[0m  [1m[35mCREATE  INDEX  "index_events_on_author_id" ON "events"  ("author_id")[0m
  ↳ db/schema.rb:61
  [1m[35m (2.2ms)[0m  [1m[35mCREATE  INDEX  "index_events_on_author_name" ON "events"  ("author_name")[0m
  ↳ db/schema.rb:61
  [1m[35m (0.9ms)[0m  [1m[35mDROP TABLE IF EXISTS "interests" CASCADE[0m
  ↳ db/schema.rb:77
  [1m[35m (3.9ms)[0m  [1m[35mCREATE TABLE "interests" ("id" bigserial primary key, "genre" character varying NOT NULL, "user_id" integer NOT NULL, "created_at" timestamp NOT NULL, "updated_at" timestamp NOT NULL)[0m
  ↳ db/schema.rb:77
  [1m[35m (1.4ms)[0m  [1m[35mDROP TABLE IF EXISTS "likes" CASCADE[0m
  ↳ db/schema.rb:84
  [1m[35m (7.1ms)[0m  [1m[35mCREATE TABLE "likes" ("id" bigserial primary key, "user_id" integer NOT NULL, "event_id" integer NOT NULL, "created_at" timestamp NOT NULL, "updated_at" timestamp NOT NULL)[0m
  ↳ db/schema.rb:84
  [1m[35m (1.7ms)[0m  [1m[35mCREATE UNIQUE INDEX  "index_likes_on_event_id_and_user_id" ON "likes"  ("event_id", "user_id")[0m
  ↳ db/schema.rb:84
  [1m[35m (1.5ms)[0m  [1m[35mCREATE  INDEX  "index_likes_on_event_id" ON "likes"  ("event_id")[0m
  ↳ db/schema.rb:84
  [1m[35m (2.1ms)[0m  [1m[35mCREATE  INDEX  "index_likes_on_user_id" ON "likes"  ("user_id")[0m
  ↳ db/schema.rb:84
  [1m[35m (1.8ms)[0m  [1m[35mDROP TABLE IF EXISTS "registrations" CASCADE[0m
  ↳ db/schema.rb:94
  [1m[35m (3.4ms)[0m  [1m[35mCREATE TABLE "registrations" ("id" bigserial primary key, "buyer_id" integer NOT NULL, "event_id" integer NOT NULL, "created_at" timestamp NOT NULL, "updated_at" timestamp NOT NULL)[0m
  ↳ db/schema.rb:94
  [1m[35m (1.4ms)[0m  [1m[35mCREATE  INDEX  "index_registrations_on_event_id" ON "registrations"  ("event_id")[0m
  ↳ db/schema.rb:94
  [1m[35m (4.5ms)[0m  [1m[35mDROP TABLE IF EXISTS "users" CASCADE[0m
  ↳ db/schema.rb:102
  [1m[35m (5.8ms)[0m  [1m[35mCREATE TABLE "users" ("id" bigserial primary key, "email" character varying NOT NULL, "first_name" character varying NOT NULL, "last_name" character varying NOT NULL, "password_digest" character varying NOT NULL, "session_token" character varying NOT NULL, "created_at" timestamp NOT NULL, "updated_at" timestamp NOT NULL, "event_id" integer)[0m
  ↳ db/schema.rb:102
  [1m[35m (2.7ms)[0m  [1m[35mCREATE UNIQUE INDEX  "index_users_on_email" ON "users"  ("email")[0m
  ↳ db/schema.rb:102
  [1m[35m (5.1ms)[0m  [1m[35mCREATE  INDEX  "index_users_on_first_name" ON "users"  ("first_name")[0m
  ↳ db/schema.rb:102
  [1m[35m (1.8ms)[0m  [1m[35mCREATE  INDEX  "index_users_on_last_name" ON "users"  ("last_name")[0m
  ↳ db/schema.rb:102
  [1m[35m (7.8ms)[0m  [1m[35mCREATE UNIQUE INDEX  "index_users_on_session_token" ON "users"  ("session_token")[0m
  ↳ db/schema.rb:102
  [1m[35m (4.4ms)[0m  [1m[35mALTER TABLE "active_storage_attachments" ADD CONSTRAINT "fk_rails_c3b3935057"
FOREIGN KEY ("blob_id")
  REFERENCES "active_storage_blobs" ("id")
[0m
  ↳ db/schema.rb:117
  [1m[35m (7.8ms)[0m  [1m[35mCREATE TABLE "schema_migrations" ("version" character varying NOT NULL PRIMARY KEY)[0m
  ↳ db/schema.rb:13
  [1m[35m (0.6ms)[0m  [1m[34mSELECT "schema_migrations"."version" FROM "schema_migrations" ORDER BY "schema_migrations"."version" ASC[0m
  ↳ db/schema.rb:13
  [1m[35m (0.6ms)[0m  [1m[32mINSERT INTO "schema_migrations" (version) VALUES (20210819231431)[0m
  ↳ db/schema.rb:13
  [1m[35m (0.6ms)[0m  [1m[32mINSERT INTO "schema_migrations" (version) VALUES
(20210510184442),
(20210630162927),
(20210708160224),
(20210701013141),
(20210813183609),
(20210510184721),
(20210510182401),
(20210510185114),
(20210510182250),
(20210518142141),
(20210510180543),
(20210630163911);

[0m
  ↳ db/schema.rb:13
  [1m[35m (3.3ms)[0m  [1m[35mCREATE TABLE "ar_internal_metadata" ("key" character varying NOT NULL PRIMARY KEY, "value" character varying, "created_at" timestamp NOT NULL, "updated_at" timestamp NOT NULL)[0m
  ↳ db/schema.rb:13
  [1m[36mActiveRecord::InternalMetadata Load (0.6ms)[0m  [1m[34mSELECT  "ar_internal_metadata".* FROM "ar_internal_metadata" WHERE "ar_internal_metadata"."key" = $1 LIMIT $2[0m  [["key", "environment"], ["LIMIT", 1]]
  ↳ db/schema.rb:13
  [1m[35m (0.2ms)[0m  [1m[35mBEGIN[0m
  ↳ db/schema.rb:13
  [1m[36mActiveRecord::InternalMetadata Create (0.8ms)[0m  [1m[32mINSERT INTO "ar_internal_metadata" ("key", "value", "created_at", "updated_at") VALUES ($1, $2, $3, $4) RETURNING "key"[0m  [["key", "environment"], ["value", "development"], ["created_at", "2021-08-20 00:53:51.130756"], ["updated_at", "2021-08-20 00:53:51.130756"]]
  ↳ db/schema.rb:13
  [1m[35m (0.5ms)[0m  [1m[35mCOMMIT[0m
  ↳ db/schema.rb:13
  [1m[36mActiveRecord::InternalMetadata Load (0.4ms)[0m  [1m[34mSELECT  "ar_internal_metadata".* FROM "ar_internal_metadata" WHERE "ar_internal_metadata"."key" = $1 LIMIT $2[0m  [["key", "environment"], ["LIMIT", 1]]
  ↳ bin/rails:9
  [1m[35m (0.1ms)[0m  [1m[35mBEGIN[0m
  ↳ bin/rails:9
  [1m[36mActiveRecord::InternalMetadata Update (0.4ms)[0m  [1m[33mUPDATE "ar_internal_metadata" SET "value" = $1, "updated_at" = $2 WHERE "ar_internal_metadata"."key" = $3[0m  [["value", "test"], ["updated_at", "2021-08-20 00:53:51.135976"], ["key", "environment"]]
  ↳ bin/rails:9
  [1m[35m (0.4ms)[0m  [1m[35mCOMMIT[0m
  ↳ bin/rails:9
  [1m[35m (0.8ms)[0m  [1m[34mSELECT "schema_migrations"."version" FROM "schema_migrations" ORDER BY "schema_migrations"."version" ASC[0m
  ↳ bin/rails:9
  [1m[36mUser Load (0.9ms)[0m  [1m[34mSELECT "users".* FROM "users"[0m
  ↳ db/seeds.rb:8
  [1m[36mEvent Load (0.7ms)[0m  [1m[34mSELECT "events".* FROM "events"[0m
  ↳ db/seeds.rb:9
  [1m[35m (0.3ms)[0m  [1m[35mBEGIN[0m
  ↳ db/seeds.rb:11
  [1m[36mUser Exists (0.9ms)[0m  [1m[34mSELECT  1 AS one FROM "users" WHERE "users"."email" = $1 LIMIT $2[0m  [["email", "abir@gmail.com"], ["LIMIT", 1]]
  ↳ db/seeds.rb:11
  [1m[36mUser Create (1.1ms)[0m  [1m[32mINSERT INTO "users" ("email", "first_name", "last_name", "password_digest", "session_token", "created_at", "updated_at") VALUES ($1, $2, $3, $4, $5, $6, $7) RETURNING "id"[0m  [["email", "abir@gmail.com"], ["first_name", "Abir"], ["last_name", "Mahamud"], ["password_digest", "$2a$12$.v48kPN61tfSv4eyhrYdOulMeaJBjgv9CLw5siM/Jz4fODhvF6YSq"], ["session_token", "b4uBQEW9KrQxIfmjWImSlA"], ["created_at", "2021-08-20 00:53:51.408515"], ["updated_at", "2021-08-20 00:53:51.408515"]]
  ↳ db/seeds.rb:11
  [1m[35m (0.5ms)[0m  [1m[35mCOMMIT[0m
  ↳ db/seeds.rb:11
  [1m[35m (0.8ms)[0m  [1m[35mBEGIN[0m
  ↳ db/seeds.rb:12
  [1m[36mUser Exists (0.3ms)[0m  [1m[34mSELECT  1 AS one FROM "users" WHERE "users"."email" = $1 LIMIT $2[0m  [["email", "hello@gmail.com"], ["LIMIT", 1]]
  ↳ db/seeds.rb:12
  [1m[36mUser Create (0.3ms)[0m  [1m[32mINSERT INTO "users" ("email", "first_name", "last_name", "password_digest", "session_token", "created_at", "updated_at") VALUES ($1, $2, $3, $4, $5, $6, $7) RETURNING "id"[0m  [["email", "hello@gmail.com"], ["first_name", "Joe"], ["last_name", "BlackSmith"], ["password_digest", "$2a$12$X300q1noy8C1INJvFm1k6uBJZPN8g1ibbthMxPulzbnOeqO1hDYwm"], ["session_token", "u6xxbfOT5B1lbAIaVN9-Eg"], ["created_at", "2021-08-20 00:53:51.622627"], ["updated_at", "2021-08-20 00:53:51.622627"]]
  ↳ db/seeds.rb:12
  [1m[35m (0.4ms)[0m  [1m[35mCOMMIT[0m
  ↳ db/seeds.rb:12
  [1m[35m (0.1ms)[0m  [1m[35mBEGIN[0m
  ↳ db/seeds.rb:13
  [1m[36mUser Exists (0.3ms)[0m  [1m[34mSELECT  1 AS one FROM "users" WHERE "users"."email" = $1 LIMIT $2[0m  [["email", "whatsup@gmail.com"], ["LIMIT", 1]]
  ↳ db/seeds.rb:13
  [1m[36mUser Create (0.3ms)[0m  [1m[32mINSERT INTO "users" ("email", "first_name", "last_name", "password_digest", "session_token", "created_at", "updated_at") VALUES ($1, $2, $3, $4, $5, $6, $7) RETURNING "id"[0m  [["email", "whatsup@gmail.com"], ["first_name", "Bob"], ["last_name", "Bradword"], ["password_digest", "$2a$12$3eR81ykdMi66MCbEQ35pSe8Ir/wGIz5lhshkUlsYDHjksILvisAly"], ["session_token", "zsbz0P_JfKCTYKK7AS_F3Q"], ["created_at", "2021-08-20 00:53:51.835006"], ["updated_at", "2021-08-20 00:53:51.835006"]]
  ↳ db/seeds.rb:13
  [1m[35m (0.4ms)[0m  [1m[35mCOMMIT[0m
  ↳ db/seeds.rb:13
  [1m[35m (0.5ms)[0m  [1m[35mBEGIN[0m
  ↳ db/seeds.rb:14
  [1m[36mUser Exists (0.4ms)[0m  [1m[34mSELECT  1 AS one FROM "users" WHERE "users"."email" = $1 LIMIT $2[0m  [["email", "up@gmail.com"], ["LIMIT", 1]]
  ↳ db/seeds.rb:14
  [1m[36mUser Create (0.5ms)[0m  [1m[32mINSERT INTO "users" ("email", "first_name", "last_name", "password_digest", "session_token", "created_at", "updated_at") VALUES ($1, $2, $3, $4, $5, $6, $7) RETURNING "id"[0m  [["email", "up@gmail.com"], ["first_name", "Tom"], ["last_name", "Hilfiger"], ["password_digest", "$2a$12$Ml7yXAyYjCB7RUHL6ctLuuail6ofEkmWlKPTEvsbhdY86x7epXNP."], ["session_token", "rmst1a1ztWvw7xbK2kZecA"], ["created_at", "2021-08-20 00:53:52.049024"], ["updated_at", "2021-08-20 00:53:52.049024"]]
  ↳ db/seeds.rb:14
  [1m[35m (0.5ms)[0m  [1m[35mCOMMIT[0m
  ↳ db/seeds.rb:14
  [1m[35m (0.3ms)[0m  [1m[35mBEGIN[0m
  ↳ db/seeds.rb:15
  [1m[36mUser Exists (0.6ms)[0m  [1m[34mSELECT  1 AS one FROM "users" WHERE "users"."email" = $1 LIMIT $2[0m  [["email", "down@gmail.com"], ["LIMIT", 1]]
  ↳ db/seeds.rb:15
  [1m[36mUser Create (0.7ms)[0m  [1m[32mINSERT INTO "users" ("email", "first_name", "last_name", "password_digest", "session_token", "created_at", "updated_at") VALUES ($1, $2, $3, $4, $5, $6, $7) RETURNING "id"[0m  [["email", "down@gmail.com"], ["first_name", "John"], ["last_name", "Rohn"], ["password_digest", "$2a$12$K02VcwfH4tCyYWU/IcV1Q.sKtmz9osdp0RtVRGfWue8W9uK4mlC.m"], ["session_token", "8bMt5Y_KzX-DOVoCa0YMRg"], ["created_at", "2021-08-20 00:53:52.264232"], ["updated_at", "2021-08-20 00:53:52.264232"]]
  ↳ db/seeds.rb:15
  [1m[35m (0.6ms)[0m  [1m[35mCOMMIT[0m
  ↳ db/seeds.rb:15
  [1m[35m (2.8ms)[0m  [1m[35mBEGIN[0m
  ↳ db/seeds.rb:16
  [1m[36mUser Exists (0.7ms)[0m  [1m[34mSELECT  1 AS one FROM "users" WHERE "users"."email" = $1 LIMIT $2[0m  [["email", "left@gmail.com"], ["LIMIT", 1]]
  ↳ db/seeds.rb:16
  [1m[36mUser Create (0.5ms)[0m  [1m[32mINSERT INTO "users" ("email", "first_name", "last_name", "password_digest", "session_token", "created_at", "updated_at") VALUES ($1, $2, $3, $4, $5, $6, $7) RETURNING "id"[0m  [["email", "left@gmail.com"], ["first_name", "Ron"], ["last_name", "Bant"], ["password_digest", "$2a$12$9GJmA3RMCKx2UsTN8OFP9uvFY5ygJXicYzi59clio7JJk9GG.zOFu"], ["session_token", "s3m22JX1T7jH13LPIimGjA"], ["created_at", "2021-08-20 00:53:52.492827"], ["updated_at", "2021-08-20 00:53:52.492827"]]
  ↳ db/seeds.rb:16
  [1m[35m (0.6ms)[0m  [1m[35mCOMMIT[0m
  ↳ db/seeds.rb:16
  [1m[35m (0.1ms)[0m  [1m[35mBEGIN[0m
  ↳ db/seeds.rb:17
  [1m[35m (0.1ms)[0m  [1m[31mROLLBACK[0m
  ↳ db/seeds.rb:17
