  [1m[35m (0.7ms)[0m  [1m[34mSELECT "schema_migrations"."version" FROM "schema_migrations" ORDER BY "schema_migrations"."version" ASC[0m
  ↳ bin/rails:9
  [1m[35m (0.3ms)[0m  [1m[34mSELECT "ar_internal_metadata"."value" FROM "ar_internal_metadata" WHERE "ar_internal_metadata"."key" = $1[0m  [["key", "environment"]]
  ↳ bin/rails:9
  [1m[35m (0.2ms)[0m  [1m[34mSELECT "schema_migrations"."version" FROM "schema_migrations" ORDER BY "schema_migrations"."version" ASC[0m
  ↳ bin/rails:9
  [1m[35m (0.1ms)[0m  [1m[34mSELECT "ar_internal_metadata"."value" FROM "ar_internal_metadata" WHERE "ar_internal_metadata"."key" = $1[0m  [["key", "environment"]]
  ↳ bin/rails:9
  [1m[35m (0.2ms)[0m  [1m[34mSELECT "schema_migrations"."version" FROM "schema_migrations" ORDER BY "schema_migrations"."version" ASC[0m
  ↳ bin/rails:9
  [1m[35m (0.2ms)[0m  [1m[34mSELECT "ar_internal_metadata"."value" FROM "ar_internal_metadata" WHERE "ar_internal_metadata"."key" = $1[0m  [["key", "environment"]]
  ↳ bin/rails:9
  [1m[35m (7448.9ms)[0m  [1m[35mDROP DATABASE IF EXISTS "event_bite_development"[0m
  ↳ bin/rails:9
  [1m[35m (0.7ms)[0m  [1m[34mSELECT "schema_migrations"."version" FROM "schema_migrations" ORDER BY "schema_migrations"."version" ASC[0m
  ↳ bin/rails:9
  [1m[35m (0.3ms)[0m  [1m[34mSELECT "ar_internal_metadata"."value" FROM "ar_internal_metadata" WHERE "ar_internal_metadata"."key" = $1[0m  [["key", "environment"]]
  ↳ bin/rails:9
  [1m[35m (0.2ms)[0m  [1m[34mSELECT "schema_migrations"."version" FROM "schema_migrations" ORDER BY "schema_migrations"."version" ASC[0m
  ↳ bin/rails:9
  [1m[35m (0.2ms)[0m  [1m[34mSELECT "ar_internal_metadata"."value" FROM "ar_internal_metadata" WHERE "ar_internal_metadata"."key" = $1[0m  [["key", "environment"]]
  ↳ bin/rails:9
  [1m[35m (0.2ms)[0m  [1m[34mSELECT "schema_migrations"."version" FROM "schema_migrations" ORDER BY "schema_migrations"."version" ASC[0m
  ↳ bin/rails:9
  [1m[35m (0.2ms)[0m  [1m[34mSELECT "ar_internal_metadata"."value" FROM "ar_internal_metadata" WHERE "ar_internal_metadata"."key" = $1[0m  [["key", "environment"]]
  ↳ bin/rails:9
  [1m[35m (7234.1ms)[0m  [1m[35mDROP DATABASE IF EXISTS "event_bite_development"[0m
  ↳ bin/rails:9
  [1m[35m (1.0ms)[0m  [1m[34mSELECT "schema_migrations"."version" FROM "schema_migrations" ORDER BY "schema_migrations"."version" ASC[0m
  ↳ bin/rails:9
  [1m[35m (0.3ms)[0m  [1m[34mSELECT "ar_internal_metadata"."value" FROM "ar_internal_metadata" WHERE "ar_internal_metadata"."key" = $1[0m  [["key", "environment"]]
  ↳ bin/rails:9
  [1m[35m (0.2ms)[0m  [1m[34mSELECT "schema_migrations"."version" FROM "schema_migrations" ORDER BY "schema_migrations"."version" ASC[0m
  ↳ bin/rails:9
  [1m[35m (0.2ms)[0m  [1m[34mSELECT "ar_internal_metadata"."value" FROM "ar_internal_metadata" WHERE "ar_internal_metadata"."key" = $1[0m  [["key", "environment"]]
  ↳ bin/rails:9
  [1m[35m (0.2ms)[0m  [1m[34mSELECT "schema_migrations"."version" FROM "schema_migrations" ORDER BY "schema_migrations"."version" ASC[0m
  ↳ bin/rails:9
  [1m[35m (0.2ms)[0m  [1m[34mSELECT "ar_internal_metadata"."value" FROM "ar_internal_metadata" WHERE "ar_internal_metadata"."key" = $1[0m  [["key", "environment"]]
  ↳ bin/rails:9
  [1m[35m (65.2ms)[0m  [1m[35mDROP DATABASE IF EXISTS "event_bite_development"[0m
  ↳ bin/rails:9
  [1m[35m (72.1ms)[0m  [1m[35mDROP DATABASE IF EXISTS "event_bite_test"[0m
  ↳ bin/rails:9
  [1m[35m (0.1ms)[0m  [1m[35mDROP DATABASE IF EXISTS "event_bite_development"[0m
  ↳ bin/rails:9
  [1m[35m (0.1ms)[0m  [1m[35mDROP DATABASE IF EXISTS "event_bite_test"[0m
  ↳ bin/rails:9
  [1m[35m (176.4ms)[0m  [1m[35mCREATE DATABASE "event_bite_development" ENCODING = 'unicode'[0m
  ↳ bin/rails:9
  [1m[35m (88.2ms)[0m  [1m[35mCREATE DATABASE "event_bite_test" ENCODING = 'unicode'[0m
  ↳ bin/rails:9
  [1m[35mSQL (0.3ms)[0m  [1m[35mCREATE EXTENSION IF NOT EXISTS "plpgsql"[0m
  ↳ db/schema.rb:16
  [1m[35m (0.2ms)[0m  [1m[35mDROP TABLE IF EXISTS "active_storage_attachments" CASCADE[0m
  ↳ db/schema.rb:18
  [1m[35m (9.1ms)[0m  [1m[35mCREATE TABLE "active_storage_attachments" ("id" bigserial primary key, "name" character varying NOT NULL, "record_type" character varying NOT NULL, "record_id" bigint NOT NULL, "blob_id" bigint NOT NULL, "created_at" timestamp NOT NULL)[0m
  ↳ db/schema.rb:18
  [1m[35m (1.5ms)[0m  [1m[35mCREATE  INDEX  "index_active_storage_attachments_on_blob_id" ON "active_storage_attachments"  ("blob_id")[0m
  ↳ db/schema.rb:18
  [1m[35m (1.5ms)[0m  [1m[35mCREATE UNIQUE INDEX  "index_active_storage_attachments_uniqueness" ON "active_storage_attachments"  ("record_type", "record_id", "name", "blob_id")[0m
  ↳ db/schema.rb:18
  [1m[35m (0.4ms)[0m  [1m[35mDROP TABLE IF EXISTS "active_storage_blobs" CASCADE[0m
  ↳ db/schema.rb:28
  [1m[35m (3.8ms)[0m  [1m[35mCREATE TABLE "active_storage_blobs" ("id" bigserial primary key, "key" character varying NOT NULL, "filename" character varying NOT NULL, "content_type" character varying, "metadata" text, "byte_size" bigint NOT NULL, "checksum" character varying NOT NULL, "created_at" timestamp NOT NULL)[0m
  ↳ db/schema.rb:28
  [1m[35m (2.9ms)[0m  [1m[35mCREATE UNIQUE INDEX  "index_active_storage_blobs_on_key" ON "active_storage_blobs"  ("key")[0m
  ↳ db/schema.rb:28
  [1m[35m (0.6ms)[0m  [1m[35mDROP TABLE IF EXISTS "add_columns" CASCADE[0m
  ↳ db/schema.rb:39
  [1m[35m (4.2ms)[0m  [1m[35mCREATE TABLE "add_columns" ("id" bigserial primary key, "created_at" timestamp NOT NULL, "updated_at" timestamp NOT NULL)[0m
  ↳ db/schema.rb:39
  [1m[35m (0.3ms)[0m  [1m[35mDROP TABLE IF EXISTS "bookmarks" CASCADE[0m
  ↳ db/schema.rb:44
  [1m[35m (3.0ms)[0m  [1m[35mCREATE TABLE "bookmarks" ("id" bigserial primary key, "bookmarker_id" integer NOT NULL, "bookmarked_event_id" integer NOT NULL, "created_at" timestamp NOT NULL, "updated_at" timestamp NOT NULL)[0m
  ↳ db/schema.rb:44
  [1m[35m (2.2ms)[0m  [1m[35mCREATE  INDEX  "index_bookmarks_on_bookmarked_event_id" ON "bookmarks"  ("bookmarked_event_id")[0m
  ↳ db/schema.rb:44
  [1m[35m (1.8ms)[0m  [1m[35mCREATE UNIQUE INDEX  "index_bookmarks_on_bookmarker_id_and_bookmarked_event_id" ON "bookmarks"  ("bookmarker_id", "bookmarked_event_id")[0m
  ↳ db/schema.rb:44
  [1m[35m (1.0ms)[0m  [1m[35mDROP TABLE IF EXISTS "categories" CASCADE[0m
  ↳ db/schema.rb:53
  [1m[35m (3.6ms)[0m  [1m[35mCREATE TABLE "categories" ("id" bigserial primary key, "title" character varying NOT NULL, "description" text, "created_at" timestamp NOT NULL, "updated_at" timestamp NOT NULL)[0m
  ↳ db/schema.rb:53
  [1m[35m (1.7ms)[0m  [1m[35mCREATE  INDEX  "index_categories_on_title" ON "categories"  ("title")[0m
  ↳ db/schema.rb:53
  [1m[35m (2.4ms)[0m  [1m[35mDROP TABLE IF EXISTS "events" CASCADE[0m
  ↳ db/schema.rb:61
  [1m[35m (5.8ms)[0m  [1m[35mCREATE TABLE "events" ("id" bigserial primary key, "title" character varying NOT NULL, "description" text NOT NULL, "date" timestamp NOT NULL, "author_name" character varying NOT NULL, "author_id" integer NOT NULL, "start_time" timestamp NOT NULL, "end_time" timestamp NOT NULL, "created_at" timestamp NOT NULL, "updated_at" timestamp NOT NULL, "category" character varying NOT NULL, "pic_url" character varying NOT NULL)[0m
  ↳ db/schema.rb:61
  [1m[35m (1.9ms)[0m  [1m[35mCREATE  INDEX  "index_events_on_author_id" ON "events"  ("author_id")[0m
  ↳ db/schema.rb:61
  [1m[35m (1.2ms)[0m  [1m[35mCREATE  INDEX  "index_events_on_author_name" ON "events"  ("author_name")[0m
  ↳ db/schema.rb:61
  [1m[35m (1.0ms)[0m  [1m[35mDROP TABLE IF EXISTS "interests" CASCADE[0m
  ↳ db/schema.rb:77
  [1m[35m (6.5ms)[0m  [1m[35mCREATE TABLE "interests" ("id" bigserial primary key, "genre" character varying NOT NULL, "user_id" integer NOT NULL, "created_at" timestamp NOT NULL, "updated_at" timestamp NOT NULL)[0m
  ↳ db/schema.rb:77
  [1m[35m (4.0ms)[0m  [1m[35mDROP TABLE IF EXISTS "likes" CASCADE[0m
  ↳ db/schema.rb:84
  [1m[35m (3.7ms)[0m  [1m[35mCREATE TABLE "likes" ("id" bigserial primary key, "user_id" integer NOT NULL, "event_id" integer NOT NULL, "created_at" timestamp NOT NULL, "updated_at" timestamp NOT NULL)[0m
  ↳ db/schema.rb:84
  [1m[35m (1.1ms)[0m  [1m[35mCREATE UNIQUE INDEX  "index_likes_on_event_id_and_user_id" ON "likes"  ("event_id", "user_id")[0m
  ↳ db/schema.rb:84
  [1m[35m (1.5ms)[0m  [1m[35mCREATE  INDEX  "index_likes_on_event_id" ON "likes"  ("event_id")[0m
  ↳ db/schema.rb:84
  [1m[35m (1.7ms)[0m  [1m[35mCREATE  INDEX  "index_likes_on_user_id" ON "likes"  ("user_id")[0m
  ↳ db/schema.rb:84
  [1m[35m (1.6ms)[0m  [1m[35mDROP TABLE IF EXISTS "registrations" CASCADE[0m
  ↳ db/schema.rb:94
  [1m[35m (2.6ms)[0m  [1m[35mCREATE TABLE "registrations" ("id" bigserial primary key, "buyer_id" integer NOT NULL, "event_id" integer NOT NULL, "created_at" timestamp NOT NULL, "updated_at" timestamp NOT NULL)[0m
  ↳ db/schema.rb:94
  [1m[35m (5.3ms)[0m  [1m[35mCREATE  INDEX  "index_registrations_on_event_id" ON "registrations"  ("event_id")[0m
  ↳ db/schema.rb:94
  [1m[35m (2.1ms)[0m  [1m[35mDROP TABLE IF EXISTS "users" CASCADE[0m
  ↳ db/schema.rb:102
  [1m[35m (5.3ms)[0m  [1m[35mCREATE TABLE "users" ("id" bigserial primary key, "email" character varying NOT NULL, "first_name" character varying NOT NULL, "last_name" character varying NOT NULL, "password_digest" character varying NOT NULL, "session_token" character varying NOT NULL, "created_at" timestamp NOT NULL, "updated_at" timestamp NOT NULL, "event_id" integer)[0m
  ↳ db/schema.rb:102
  [1m[35m (1.4ms)[0m  [1m[35mCREATE UNIQUE INDEX  "index_users_on_email" ON "users"  ("email")[0m
  ↳ db/schema.rb:102
  [1m[35m (1.8ms)[0m  [1m[35mCREATE  INDEX  "index_users_on_first_name" ON "users"  ("first_name")[0m
  ↳ db/schema.rb:102
  [1m[35m (1.2ms)[0m  [1m[35mCREATE  INDEX  "index_users_on_last_name" ON "users"  ("last_name")[0m
  ↳ db/schema.rb:102
  [1m[35m (1.2ms)[0m  [1m[35mCREATE UNIQUE INDEX  "index_users_on_session_token" ON "users"  ("session_token")[0m
  ↳ db/schema.rb:102
  [1m[35m (11.0ms)[0m  [1m[35mALTER TABLE "active_storage_attachments" ADD CONSTRAINT "fk_rails_c3b3935057"
FOREIGN KEY ("blob_id")
  REFERENCES "active_storage_blobs" ("id")
[0m
  ↳ db/schema.rb:117
  [1m[35m (3.9ms)[0m  [1m[35mCREATE TABLE "schema_migrations" ("version" character varying NOT NULL PRIMARY KEY)[0m
  ↳ db/schema.rb:13
  [1m[35m (0.5ms)[0m  [1m[34mSELECT "schema_migrations"."version" FROM "schema_migrations" ORDER BY "schema_migrations"."version" ASC[0m
  ↳ db/schema.rb:13
  [1m[35m (0.6ms)[0m  [1m[32mINSERT INTO "schema_migrations" (version) VALUES (20210819231431)[0m
  ↳ db/schema.rb:13
  [1m[35m (0.6ms)[0m  [1m[32mINSERT INTO "schema_migrations" (version) VALUES
(20210510184442),
(20210630162927),
(20210708160224),
(20210701013141),
(20210813183609),
(20210510184721),
(20210510182401),
(20210510185114),
(20210510182250),
(20210518142141),
(20210510180543),
(20210630163911);

[0m
  ↳ db/schema.rb:13
  [1m[35m (3.2ms)[0m  [1m[35mCREATE TABLE "ar_internal_metadata" ("key" character varying NOT NULL PRIMARY KEY, "value" character varying, "created_at" timestamp NOT NULL, "updated_at" timestamp NOT NULL)[0m
  ↳ db/schema.rb:13
  [1m[36mActiveRecord::InternalMetadata Load (0.3ms)[0m  [1m[34mSELECT  "ar_internal_metadata".* FROM "ar_internal_metadata" WHERE "ar_internal_metadata"."key" = $1 LIMIT $2[0m  [["key", "environment"], ["LIMIT", 1]]
  ↳ db/schema.rb:13
  [1m[35m (0.3ms)[0m  [1m[35mBEGIN[0m
  ↳ db/schema.rb:13
  [1m[36mActiveRecord::InternalMetadata Create (0.4ms)[0m  [1m[32mINSERT INTO "ar_internal_metadata" ("key", "value", "created_at", "updated_at") VALUES ($1, $2, $3, $4) RETURNING "key"[0m  [["key", "environment"], ["value", "development"], ["created_at", "2021-08-20 01:08:49.575694"], ["updated_at", "2021-08-20 01:08:49.575694"]]
  ↳ db/schema.rb:13
  [1m[35m (0.3ms)[0m  [1m[35mCOMMIT[0m
  ↳ db/schema.rb:13
  [1m[36mActiveRecord::InternalMetadata Load (0.2ms)[0m  [1m[34mSELECT  "ar_internal_metadata".* FROM "ar_internal_metadata" WHERE "ar_internal_metadata"."key" = $1 LIMIT $2[0m  [["key", "environment"], ["LIMIT", 1]]
  ↳ bin/rails:9
  [1m[35m (0.2ms)[0m  [1m[35mBEGIN[0m
  ↳ bin/rails:9
  [1m[35m (48.4ms)[0m  [1m[35mCOMMIT[0m
  ↳ bin/rails:9
  [1m[35mSQL (0.4ms)[0m  [1m[35mCREATE EXTENSION IF NOT EXISTS "plpgsql"[0m
  ↳ db/schema.rb:16
  [1m[35m (0.3ms)[0m  [1m[35mDROP TABLE IF EXISTS "active_storage_attachments" CASCADE[0m
  ↳ db/schema.rb:18
  [1m[35m (7.6ms)[0m  [1m[35mCREATE TABLE "active_storage_attachments" ("id" bigserial primary key, "name" character varying NOT NULL, "record_type" character varying NOT NULL, "record_id" bigint NOT NULL, "blob_id" bigint NOT NULL, "created_at" timestamp NOT NULL)[0m
  ↳ db/schema.rb:18
  [1m[35m (2.6ms)[0m  [1m[35mCREATE  INDEX  "index_active_storage_attachments_on_blob_id" ON "active_storage_attachments"  ("blob_id")[0m
  ↳ db/schema.rb:18
  [1m[35m (2.3ms)[0m  [1m[35mCREATE UNIQUE INDEX  "index_active_storage_attachments_uniqueness" ON "active_storage_attachments"  ("record_type", "record_id", "name", "blob_id")[0m
  ↳ db/schema.rb:18
  [1m[35m (0.2ms)[0m  [1m[35mDROP TABLE IF EXISTS "active_storage_blobs" CASCADE[0m
  ↳ db/schema.rb:28
  [1m[35m (4.8ms)[0m  [1m[35mCREATE TABLE "active_storage_blobs" ("id" bigserial primary key, "key" character varying NOT NULL, "filename" character varying NOT NULL, "content_type" character varying, "metadata" text, "byte_size" bigint NOT NULL, "checksum" character varying NOT NULL, "created_at" timestamp NOT NULL)[0m
  ↳ db/schema.rb:28
  [1m[35m (1.7ms)[0m  [1m[35mCREATE UNIQUE INDEX  "index_active_storage_blobs_on_key" ON "active_storage_blobs"  ("key")[0m
  ↳ db/schema.rb:28
  [1m[35m (0.2ms)[0m  [1m[35mDROP TABLE IF EXISTS "add_columns" CASCADE[0m
  ↳ db/schema.rb:39
  [1m[35m (2.7ms)[0m  [1m[35mCREATE TABLE "add_columns" ("id" bigserial primary key, "created_at" timestamp NOT NULL, "updated_at" timestamp NOT NULL)[0m
  ↳ db/schema.rb:39
  [1m[35m (0.4ms)[0m  [1m[35mDROP TABLE IF EXISTS "bookmarks" CASCADE[0m
  ↳ db/schema.rb:44
  [1m[35m (4.0ms)[0m  [1m[35mCREATE TABLE "bookmarks" ("id" bigserial primary key, "bookmarker_id" integer NOT NULL, "bookmarked_event_id" integer NOT NULL, "created_at" timestamp NOT NULL, "updated_at" timestamp NOT NULL)[0m
  ↳ db/schema.rb:44
  [1m[35m (2.1ms)[0m  [1m[35mCREATE  INDEX  "index_bookmarks_on_bookmarked_event_id" ON "bookmarks"  ("bookmarked_event_id")[0m
  ↳ db/schema.rb:44
  [1m[35m (1.3ms)[0m  [1m[35mCREATE UNIQUE INDEX  "index_bookmarks_on_bookmarker_id_and_bookmarked_event_id" ON "bookmarks"  ("bookmarker_id", "bookmarked_event_id")[0m
  ↳ db/schema.rb:44
  [1m[35m (0.3ms)[0m  [1m[35mDROP TABLE IF EXISTS "categories" CASCADE[0m
  ↳ db/schema.rb:53
  [1m[35m (5.5ms)[0m  [1m[35mCREATE TABLE "categories" ("id" bigserial primary key, "title" character varying NOT NULL, "description" text, "created_at" timestamp NOT NULL, "updated_at" timestamp NOT NULL)[0m
  ↳ db/schema.rb:53
  [1m[35m (5.6ms)[0m  [1m[35mCREATE  INDEX  "index_categories_on_title" ON "categories"  ("title")[0m
  ↳ db/schema.rb:53
  [1m[35m (0.2ms)[0m  [1m[35mDROP TABLE IF EXISTS "events" CASCADE[0m
  ↳ db/schema.rb:61
  [1m[35m (4.2ms)[0m  [1m[35mCREATE TABLE "events" ("id" bigserial primary key, "title" character varying NOT NULL, "description" text NOT NULL, "date" timestamp NOT NULL, "author_name" character varying NOT NULL, "author_id" integer NOT NULL, "start_time" timestamp NOT NULL, "end_time" timestamp NOT NULL, "created_at" timestamp NOT NULL, "updated_at" timestamp NOT NULL, "category" character varying NOT NULL, "pic_url" character varying NOT NULL)[0m
  ↳ db/schema.rb:61
  [1m[35m (3.0ms)[0m  [1m[35mCREATE  INDEX  "index_events_on_author_id" ON "events"  ("author_id")[0m
  ↳ db/schema.rb:61
  [1m[35m (1.5ms)[0m  [1m[35mCREATE  INDEX  "index_events_on_author_name" ON "events"  ("author_name")[0m
  ↳ db/schema.rb:61
  [1m[35m (0.3ms)[0m  [1m[35mDROP TABLE IF EXISTS "interests" CASCADE[0m
  ↳ db/schema.rb:77
  [1m[35m (8.4ms)[0m  [1m[35mCREATE TABLE "interests" ("id" bigserial primary key, "genre" character varying NOT NULL, "user_id" integer NOT NULL, "created_at" timestamp NOT NULL, "updated_at" timestamp NOT NULL)[0m
  ↳ db/schema.rb:77
  [1m[35m (0.8ms)[0m  [1m[35mDROP TABLE IF EXISTS "likes" CASCADE[0m
  ↳ db/schema.rb:84
  [1m[35m (3.2ms)[0m  [1m[35mCREATE TABLE "likes" ("id" bigserial primary key, "user_id" integer NOT NULL, "event_id" integer NOT NULL, "created_at" timestamp NOT NULL, "updated_at" timestamp NOT NULL)[0m
  ↳ db/schema.rb:84
  [1m[35m (2.6ms)[0m  [1m[35mCREATE UNIQUE INDEX  "index_likes_on_event_id_and_user_id" ON "likes"  ("event_id", "user_id")[0m
  ↳ db/schema.rb:84
  [1m[35m (2.1ms)[0m  [1m[35mCREATE  INDEX  "index_likes_on_event_id" ON "likes"  ("event_id")[0m
  ↳ db/schema.rb:84
  [1m[35m (1.5ms)[0m  [1m[35mCREATE  INDEX  "index_likes_on_user_id" ON "likes"  ("user_id")[0m
  ↳ db/schema.rb:84
  [1m[35m (0.3ms)[0m  [1m[35mDROP TABLE IF EXISTS "registrations" CASCADE[0m
  ↳ db/schema.rb:94
  [1m[35m (4.2ms)[0m  [1m[35mCREATE TABLE "registrations" ("id" bigserial primary key, "buyer_id" integer NOT NULL, "event_id" integer NOT NULL, "created_at" timestamp NOT NULL, "updated_at" timestamp NOT NULL)[0m
  ↳ db/schema.rb:94
  [1m[35m (1.5ms)[0m  [1m[35mCREATE  INDEX  "index_registrations_on_event_id" ON "registrations"  ("event_id")[0m
  ↳ db/schema.rb:94
  [1m[35m (0.2ms)[0m  [1m[35mDROP TABLE IF EXISTS "users" CASCADE[0m
  ↳ db/schema.rb:102
  [1m[35m (4.0ms)[0m  [1m[35mCREATE TABLE "users" ("id" bigserial primary key, "email" character varying NOT NULL, "first_name" character varying NOT NULL, "last_name" character varying NOT NULL, "password_digest" character varying NOT NULL, "session_token" character varying NOT NULL, "created_at" timestamp NOT NULL, "updated_at" timestamp NOT NULL, "event_id" integer)[0m
  ↳ db/schema.rb:102
  [1m[35m (2.6ms)[0m  [1m[35mCREATE UNIQUE INDEX  "index_users_on_email" ON "users"  ("email")[0m
  ↳ db/schema.rb:102
  [1m[35m (1.6ms)[0m  [1m[35mCREATE  INDEX  "index_users_on_first_name" ON "users"  ("first_name")[0m
  ↳ db/schema.rb:102
  [1m[35m (8.3ms)[0m  [1m[35mCREATE  INDEX  "index_users_on_last_name" ON "users"  ("last_name")[0m
  ↳ db/schema.rb:102
  [1m[35m (1.7ms)[0m  [1m[35mCREATE UNIQUE INDEX  "index_users_on_session_token" ON "users"  ("session_token")[0m
  ↳ db/schema.rb:102
  [1m[35m (7.5ms)[0m  [1m[35mALTER TABLE "active_storage_attachments" ADD CONSTRAINT "fk_rails_c3b3935057"
FOREIGN KEY ("blob_id")
  REFERENCES "active_storage_blobs" ("id")
[0m
  ↳ db/schema.rb:117
  [1m[35m (3.9ms)[0m  [1m[35mCREATE TABLE "schema_migrations" ("version" character varying NOT NULL PRIMARY KEY)[0m
  ↳ db/schema.rb:13
  [1m[35m (0.9ms)[0m  [1m[34mSELECT "schema_migrations"."version" FROM "schema_migrations" ORDER BY "schema_migrations"."version" ASC[0m
  ↳ db/schema.rb:13
  [1m[35m (0.8ms)[0m  [1m[32mINSERT INTO "schema_migrations" (version) VALUES (20210819231431)[0m
  ↳ db/schema.rb:13
  [1m[35m (0.8ms)[0m  [1m[32mINSERT INTO "schema_migrations" (version) VALUES
(20210510184442),
(20210630162927),
(20210708160224),
(20210701013141),
(20210813183609),
(20210510184721),
(20210510182401),
(20210510185114),
(20210510182250),
(20210518142141),
(20210510180543),
(20210630163911);

[0m
  ↳ db/schema.rb:13
  [1m[35m (6.7ms)[0m  [1m[35mCREATE TABLE "ar_internal_metadata" ("key" character varying NOT NULL PRIMARY KEY, "value" character varying, "created_at" timestamp NOT NULL, "updated_at" timestamp NOT NULL)[0m
  ↳ db/schema.rb:13
  [1m[36mActiveRecord::InternalMetadata Load (0.3ms)[0m  [1m[34mSELECT  "ar_internal_metadata".* FROM "ar_internal_metadata" WHERE "ar_internal_metadata"."key" = $1 LIMIT $2[0m  [["key", "environment"], ["LIMIT", 1]]
  ↳ db/schema.rb:13
  [1m[35m (0.1ms)[0m  [1m[35mBEGIN[0m
  ↳ db/schema.rb:13
  [1m[36mActiveRecord::InternalMetadata Create (0.4ms)[0m  [1m[32mINSERT INTO "ar_internal_metadata" ("key", "value", "created_at", "updated_at") VALUES ($1, $2, $3, $4) RETURNING "key"[0m  [["key", "environment"], ["value", "development"], ["created_at", "2021-08-20 01:08:49.877548"], ["updated_at", "2021-08-20 01:08:49.877548"]]
  ↳ db/schema.rb:13
  [1m[35m (0.4ms)[0m  [1m[35mCOMMIT[0m
  ↳ db/schema.rb:13
  [1m[36mActiveRecord::InternalMetadata Load (0.3ms)[0m  [1m[34mSELECT  "ar_internal_metadata".* FROM "ar_internal_metadata" WHERE "ar_internal_metadata"."key" = $1 LIMIT $2[0m  [["key", "environment"], ["LIMIT", 1]]
  ↳ bin/rails:9
  [1m[35m (0.1ms)[0m  [1m[35mBEGIN[0m
  ↳ bin/rails:9
  [1m[36mActiveRecord::InternalMetadata Update (0.4ms)[0m  [1m[33mUPDATE "ar_internal_metadata" SET "value" = $1, "updated_at" = $2 WHERE "ar_internal_metadata"."key" = $3[0m  [["value", "test"], ["updated_at", "2021-08-20 01:08:49.881211"], ["key", "environment"]]
  ↳ bin/rails:9
  [1m[35m (0.5ms)[0m  [1m[35mCOMMIT[0m
  ↳ bin/rails:9
  [1m[35m (1.4ms)[0m  [1m[34mSELECT "schema_migrations"."version" FROM "schema_migrations" ORDER BY "schema_migrations"."version" ASC[0m
  ↳ bin/rails:9
  [1m[36mUser Load (0.9ms)[0m  [1m[34mSELECT "users".* FROM "users"[0m
  ↳ db/seeds.rb:8
  [1m[36mEvent Load (0.6ms)[0m  [1m[34mSELECT "events".* FROM "events"[0m
  ↳ db/seeds.rb:9
  [1m[35m (0.1ms)[0m  [1m[35mBEGIN[0m
  ↳ db/seeds.rb:11
  [1m[36mUser Exists (0.4ms)[0m  [1m[34mSELECT  1 AS one FROM "users" WHERE "users"."email" = $1 LIMIT $2[0m  [["email", "abir@gmail.com"], ["LIMIT", 1]]
  ↳ db/seeds.rb:11
  [1m[36mUser Create (0.8ms)[0m  [1m[32mINSERT INTO "users" ("email", "first_name", "last_name", "password_digest", "session_token", "created_at", "updated_at") VALUES ($1, $2, $3, $4, $5, $6, $7) RETURNING "id"[0m  [["email", "abir@gmail.com"], ["first_name", "Abir"], ["last_name", "Mahamud"], ["password_digest", "$2a$12$Atwf3pxxGgtvmBUv03Ess.nyJ7qkz0t0u2ZEJDfJY/UaLfZzJe4sy"], ["session_token", "A-jO00wiJAO9H6ZzxpiJvQ"], ["created_at", "2021-08-20 01:08:50.157092"], ["updated_at", "2021-08-20 01:08:50.157092"]]
  ↳ db/seeds.rb:11
  [1m[35m (0.5ms)[0m  [1m[35mCOMMIT[0m
  ↳ db/seeds.rb:11
  [1m[35m (0.1ms)[0m  [1m[35mBEGIN[0m
  ↳ db/seeds.rb:12
  [1m[36mUser Exists (0.3ms)[0m  [1m[34mSELECT  1 AS one FROM "users" WHERE "users"."email" = $1 LIMIT $2[0m  [["email", "hello@gmail.com"], ["LIMIT", 1]]
  ↳ db/seeds.rb:12
  [1m[36mUser Create (0.3ms)[0m  [1m[32mINSERT INTO "users" ("email", "first_name", "last_name", "password_digest", "session_token", "created_at", "updated_at") VALUES ($1, $2, $3, $4, $5, $6, $7) RETURNING "id"[0m  [["email", "hello@gmail.com"], ["first_name", "Joe"], ["last_name", "BlackSmith"], ["password_digest", "$2a$12$L9ftSYoEIS4d.1auLDtyNerd38iM0dye3FsWgsuvo1SHseANg7Yum"], ["session_token", "gIGuqHpHE5ctBkolWw-4Sw"], ["created_at", "2021-08-20 01:08:50.370114"], ["updated_at", "2021-08-20 01:08:50.370114"]]
  ↳ db/seeds.rb:12
  [1m[35m (1.5ms)[0m  [1m[35mCOMMIT[0m
  ↳ db/seeds.rb:12
  [1m[35m (0.1ms)[0m  [1m[35mBEGIN[0m
  ↳ db/seeds.rb:13
  [1m[36mUser Exists (0.3ms)[0m  [1m[34mSELECT  1 AS one FROM "users" WHERE "users"."email" = $1 LIMIT $2[0m  [["email", "whatsup@gmail.com"], ["LIMIT", 1]]
  ↳ db/seeds.rb:13
  [1m[36mUser Create (0.3ms)[0m  [1m[32mINSERT INTO "users" ("email", "first_name", "last_name", "password_digest", "session_token", "created_at", "updated_at") VALUES ($1, $2, $3, $4, $5, $6, $7) RETURNING "id"[0m  [["email", "whatsup@gmail.com"], ["first_name", "Bob"], ["last_name", "Bradword"], ["password_digest", "$2a$12$Wlze2rx/2g5McKUPJd6vM.RJNSEraCOqckJhfbWStGTS7oNmjzXmW"], ["session_token", "QC35nZzvk9DjElPeXsSPzg"], ["created_at", "2021-08-20 01:08:50.584909"], ["updated_at", "2021-08-20 01:08:50.584909"]]
  ↳ db/seeds.rb:13
  [1m[35m (1.6ms)[0m  [1m[35mCOMMIT[0m
  ↳ db/seeds.rb:13
  [1m[35m (0.2ms)[0m  [1m[35mBEGIN[0m
  ↳ db/seeds.rb:14
  [1m[36mUser Exists (0.3ms)[0m  [1m[34mSELECT  1 AS one FROM "users" WHERE "users"."email" = $1 LIMIT $2[0m  [["email", "up@gmail.com"], ["LIMIT", 1]]
  ↳ db/seeds.rb:14
  [1m[36mUser Create (0.3ms)[0m  [1m[32mINSERT INTO "users" ("email", "first_name", "last_name", "password_digest", "session_token", "created_at", "updated_at") VALUES ($1, $2, $3, $4, $5, $6, $7) RETURNING "id"[0m  [["email", "up@gmail.com"], ["first_name", "Tom"], ["last_name", "Hilfiger"], ["password_digest", "$2a$12$9dEUuFZ86Xf3n3lr73EbZu8dsF3R4Qaiwj68MC4xZxGm2UFY1p1IC"], ["session_token", "8D_m2UV03zeeN5hndlrgVw"], ["created_at", "2021-08-20 01:08:50.799748"], ["updated_at", "2021-08-20 01:08:50.799748"]]
  ↳ db/seeds.rb:14
  [1m[35m (0.4ms)[0m  [1m[35mCOMMIT[0m
  ↳ db/seeds.rb:14
  [1m[35m (0.2ms)[0m  [1m[35mBEGIN[0m
  ↳ db/seeds.rb:15
  [1m[36mUser Exists (0.4ms)[0m  [1m[34mSELECT  1 AS one FROM "users" WHERE "users"."email" = $1 LIMIT $2[0m  [["email", "down@gmail.com"], ["LIMIT", 1]]
  ↳ db/seeds.rb:15
  [1m[36mUser Create (0.5ms)[0m  [1m[32mINSERT INTO "users" ("email", "first_name", "last_name", "password_digest", "session_token", "created_at", "updated_at") VALUES ($1, $2, $3, $4, $5, $6, $7) RETURNING "id"[0m  [["email", "down@gmail.com"], ["first_name", "John"], ["last_name", "Rohn"], ["password_digest", "$2a$12$w.CHbpGPKb8CPrWGcuEQh.UaiqeGbEOd2QoCsb6H3bnuVB2w6mEQC"], ["session_token", "Nx-03teCfjGArI9lD4Q7Cg"], ["created_at", "2021-08-20 01:08:51.014939"], ["updated_at", "2021-08-20 01:08:51.014939"]]
  ↳ db/seeds.rb:15
  [1m[35m (1.6ms)[0m  [1m[35mCOMMIT[0m
  ↳ db/seeds.rb:15
  [1m[35m (0.2ms)[0m  [1m[35mBEGIN[0m
  ↳ db/seeds.rb:16
  [1m[36mUser Exists (0.6ms)[0m  [1m[34mSELECT  1 AS one FROM "users" WHERE "users"."email" = $1 LIMIT $2[0m  [["email", "left@gmail.com"], ["LIMIT", 1]]
  ↳ db/seeds.rb:16
  [1m[36mUser Create (0.5ms)[0m  [1m[32mINSERT INTO "users" ("email", "first_name", "last_name", "password_digest", "session_token", "created_at", "updated_at") VALUES ($1, $2, $3, $4, $5, $6, $7) RETURNING "id"[0m  [["email", "left@gmail.com"], ["first_name", "Ron"], ["last_name", "Bant"], ["password_digest", "$2a$12$pDNLG6/tP41x.7TTBmgF1O0PbeUH0jylr5bIHNnG0cSlUl5z8iUYW"], ["session_token", "TsQz1OWOHd94dcSJGySCbQ"], ["created_at", "2021-08-20 01:08:51.232171"], ["updated_at", "2021-08-20 01:08:51.232171"]]
  ↳ db/seeds.rb:16
  [1m[35m (2.0ms)[0m  [1m[35mCOMMIT[0m
  ↳ db/seeds.rb:16
  [1m[35m (0.5ms)[0m  [1m[35mBEGIN[0m
  ↳ db/seeds.rb:17
  [1m[35m (0.2ms)[0m  [1m[31mROLLBACK[0m
  ↳ db/seeds.rb:17
  [1m[35m (0.7ms)[0m  [1m[34mSELECT "schema_migrations"."version" FROM "schema_migrations" ORDER BY "schema_migrations"."version" ASC[0m
  ↳ bin/rails:9
  [1m[36mUser Load (0.8ms)[0m  [1m[34mSELECT "users".* FROM "users"[0m
  ↳ db/seeds.rb:8
  [1m[35m (0.2ms)[0m  [1m[35mBEGIN[0m
  ↳ db/seeds.rb:8
  [1m[36mUser Destroy (1.4ms)[0m  [1m[31mDELETE FROM "users" WHERE "users"."id" = $1[0m  [["id", 1]]
  ↳ db/seeds.rb:8
  [1m[35m (0.9ms)[0m  [1m[35mCOMMIT[0m
  ↳ db/seeds.rb:8
  [1m[35m (0.2ms)[0m  [1m[35mBEGIN[0m
  ↳ db/seeds.rb:8
  [1m[36mUser Destroy (0.2ms)[0m  [1m[31mDELETE FROM "users" WHERE "users"."id" = $1[0m  [["id", 2]]
  ↳ db/seeds.rb:8
  [1m[35m (0.3ms)[0m  [1m[35mCOMMIT[0m
  ↳ db/seeds.rb:8
  [1m[35m (0.1ms)[0m  [1m[35mBEGIN[0m
  ↳ db/seeds.rb:8
  [1m[36mUser Destroy (0.4ms)[0m  [1m[31mDELETE FROM "users" WHERE "users"."id" = $1[0m  [["id", 3]]
  ↳ db/seeds.rb:8
  [1m[35m (0.3ms)[0m  [1m[35mCOMMIT[0m
  ↳ db/seeds.rb:8
  [1m[35m (0.1ms)[0m  [1m[35mBEGIN[0m
  ↳ db/seeds.rb:8
  [1m[36mUser Destroy (0.3ms)[0m  [1m[31mDELETE FROM "users" WHERE "users"."id" = $1[0m  [["id", 4]]
  ↳ db/seeds.rb:8
  [1m[35m (0.4ms)[0m  [1m[35mCOMMIT[0m
  ↳ db/seeds.rb:8
  [1m[35m (0.1ms)[0m  [1m[35mBEGIN[0m
  ↳ db/seeds.rb:8
  [1m[36mUser Destroy (0.2ms)[0m  [1m[31mDELETE FROM "users" WHERE "users"."id" = $1[0m  [["id", 5]]
  ↳ db/seeds.rb:8
  [1m[35m (0.3ms)[0m  [1m[35mCOMMIT[0m
  ↳ db/seeds.rb:8
  [1m[35m (0.1ms)[0m  [1m[35mBEGIN[0m
  ↳ db/seeds.rb:8
  [1m[36mUser Destroy (0.2ms)[0m  [1m[31mDELETE FROM "users" WHERE "users"."id" = $1[0m  [["id", 6]]
  ↳ db/seeds.rb:8
  [1m[35m (0.3ms)[0m  [1m[35mCOMMIT[0m
  ↳ db/seeds.rb:8
  [1m[36mEvent Load (0.7ms)[0m  [1m[34mSELECT "events".* FROM "events"[0m
  ↳ db/seeds.rb:9
  [1m[35m (0.2ms)[0m  [1m[35mBEGIN[0m
  ↳ db/seeds.rb:11
  [1m[36mUser Exists (0.5ms)[0m  [1m[34mSELECT  1 AS one FROM "users" WHERE "users"."email" = $1 LIMIT $2[0m  [["email", "abir@gmail.com"], ["LIMIT", 1]]
  ↳ db/seeds.rb:11
  [1m[36mUser Create (0.5ms)[0m  [1m[32mINSERT INTO "users" ("email", "first_name", "last_name", "password_digest", "session_token", "created_at", "updated_at") VALUES ($1, $2, $3, $4, $5, $6, $7) RETURNING "id"[0m  [["email", "abir@gmail.com"], ["first_name", "Abir"], ["last_name", "Mahamud"], ["password_digest", "$2a$12$PLE2aGZ5IDZ9WFGHr1.6N.AKTrXih3VRWHlGu//pXESRHNuY/gzgK"], ["session_token", "3Glg7ChTu9m9xj9lvdS2sg"], ["created_at", "2021-08-20 01:09:03.121464"], ["updated_at", "2021-08-20 01:09:03.121464"]]
  ↳ db/seeds.rb:11
  [1m[35m (1.6ms)[0m  [1m[35mCOMMIT[0m
  ↳ db/seeds.rb:11
  [1m[35m (0.1ms)[0m  [1m[35mBEGIN[0m
  ↳ db/seeds.rb:12
  [1m[36mUser Exists (0.3ms)[0m  [1m[34mSELECT  1 AS one FROM "users" WHERE "users"."email" = $1 LIMIT $2[0m  [["email", "hello@gmail.com"], ["LIMIT", 1]]
  ↳ db/seeds.rb:12
  [1m[36mUser Create (0.3ms)[0m  [1m[32mINSERT INTO "users" ("email", "first_name", "last_name", "password_digest", "session_token", "created_at", "updated_at") VALUES ($1, $2, $3, $4, $5, $6, $7) RETURNING "id"[0m  [["email", "hello@gmail.com"], ["first_name", "Joe"], ["last_name", "BlackSmith"], ["password_digest", "$2a$12$2C3/wSQ7d4A1Cyt6WorlnuAR4swmHpK/AJaWt8OpvoLsQcJkZf4ni"], ["session_token", "glfvOwgfqFH56i_nB06plA"], ["created_at", "2021-08-20 01:09:03.334296"], ["updated_at", "2021-08-20 01:09:03.334296"]]
  ↳ db/seeds.rb:12
  [1m[35m (1.7ms)[0m  [1m[35mCOMMIT[0m
  ↳ db/seeds.rb:12
  [1m[35m (0.1ms)[0m  [1m[35mBEGIN[0m
  ↳ db/seeds.rb:13
  [1m[36mUser Exists (0.3ms)[0m  [1m[34mSELECT  1 AS one FROM "users" WHERE "users"."email" = $1 LIMIT $2[0m  [["email", "whatsup@gmail.com"], ["LIMIT", 1]]
  ↳ db/seeds.rb:13
  [1m[36mUser Create (0.3ms)[0m  [1m[32mINSERT INTO "users" ("email", "first_name", "last_name", "password_digest", "session_token", "created_at", "updated_at") VALUES ($1, $2, $3, $4, $5, $6, $7) RETURNING "id"[0m  [["email", "whatsup@gmail.com"], ["first_name", "Bob"], ["last_name", "Bradword"], ["password_digest", "$2a$12$UfVCmUwg9.Mkf4QQvawa/uhfss3aFI.vkKfULxobryGyNiN6LL0ga"], ["session_token", "C7EVRguS1ARvuog_nrPXVg"], ["created_at", "2021-08-20 01:09:03.548408"], ["updated_at", "2021-08-20 01:09:03.548408"]]
  ↳ db/seeds.rb:13
  [1m[35m (1.6ms)[0m  [1m[35mCOMMIT[0m
  ↳ db/seeds.rb:13
  [1m[35m (0.2ms)[0m  [1m[35mBEGIN[0m
  ↳ db/seeds.rb:14
  [1m[36mUser Exists (0.6ms)[0m  [1m[34mSELECT  1 AS one FROM "users" WHERE "users"."email" = $1 LIMIT $2[0m  [["email", "up@gmail.com"], ["LIMIT", 1]]
  ↳ db/seeds.rb:14
  [1m[36mUser Create (0.4ms)[0m  [1m[32mINSERT INTO "users" ("email", "first_name", "last_name", "password_digest", "session_token", "created_at", "updated_at") VALUES ($1, $2, $3, $4, $5, $6, $7) RETURNING "id"[0m  [["email", "up@gmail.com"], ["first_name", "Tom"], ["last_name", "Hilfiger"], ["password_digest", "$2a$12$/uC8MIlFx7JCQcVRvquxwua3wRJsLsJxbdH2hPFQbdM14rPG5fNsi"], ["session_token", "7xlhWK2Vkc4JVUvu6Kdj0w"], ["created_at", "2021-08-20 01:09:03.762371"], ["updated_at", "2021-08-20 01:09:03.762371"]]
  ↳ db/seeds.rb:14
  [1m[35m (1.8ms)[0m  [1m[35mCOMMIT[0m
  ↳ db/seeds.rb:14
  [1m[35m (0.4ms)[0m  [1m[35mBEGIN[0m
  ↳ db/seeds.rb:15
  [1m[36mUser Exists (0.3ms)[0m  [1m[34mSELECT  1 AS one FROM "users" WHERE "users"."email" = $1 LIMIT $2[0m  [["email", "down@gmail.com"], ["LIMIT", 1]]
  ↳ db/seeds.rb:15
  [1m[36mUser Create (0.3ms)[0m  [1m[32mINSERT INTO "users" ("email", "first_name", "last_name", "password_digest", "session_token", "created_at", "updated_at") VALUES ($1, $2, $3, $4, $5, $6, $7) RETURNING "id"[0m  [["email", "down@gmail.com"], ["first_name", "John"], ["last_name", "Rohn"], ["password_digest", "$2a$12$5CPUj3JY8b/1qHYZZIwGbeILfISgJYzGVDnSHRj8D.IJ3.Yoflde2"], ["session_token", "W4GlP3aYpX-yedwzSX5Tfg"], ["created_at", "2021-08-20 01:09:03.977135"], ["updated_at", "2021-08-20 01:09:03.977135"]]
  ↳ db/seeds.rb:15
  [1m[35m (1.7ms)[0m  [1m[35mCOMMIT[0m
  ↳ db/seeds.rb:15
  [1m[35m (0.3ms)[0m  [1m[35mBEGIN[0m
  ↳ db/seeds.rb:16
  [1m[36mUser Exists (0.5ms)[0m  [1m[34mSELECT  1 AS one FROM "users" WHERE "users"."email" = $1 LIMIT $2[0m  [["email", "left@gmail.com"], ["LIMIT", 1]]
  ↳ db/seeds.rb:16
  [1m[36mUser Create (0.5ms)[0m  [1m[32mINSERT INTO "users" ("email", "first_name", "last_name", "password_digest", "session_token", "created_at", "updated_at") VALUES ($1, $2, $3, $4, $5, $6, $7) RETURNING "id"[0m  [["email", "left@gmail.com"], ["first_name", "Ron"], ["last_name", "Bant"], ["password_digest", "$2a$12$TDUnzkGmMI.nFLHzxDpzk.cBCeeEVtgGojtatYkM9zYz/8wMoFExi"], ["session_token", "qKoO7ccybJRSFT1kPGiCOg"], ["created_at", "2021-08-20 01:09:04.191991"], ["updated_at", "2021-08-20 01:09:04.191991"]]
  ↳ db/seeds.rb:16
  [1m[35m (1.6ms)[0m  [1m[35mCOMMIT[0m
  ↳ db/seeds.rb:16
  [1m[35m (0.4ms)[0m  [1m[35mBEGIN[0m
  ↳ db/seeds.rb:17
  [1m[35m (0.2ms)[0m  [1m[31mROLLBACK[0m
  ↳ db/seeds.rb:17
  [1m[35m (0.7ms)[0m  [1m[35mCREATE DATABASE "event_bite_development" ENCODING = 'unicode'[0m
  ↳ bin/rails:9
  [1m[35m (0.7ms)[0m  [1m[35mCREATE DATABASE "event_bite_test" ENCODING = 'unicode'[0m
  ↳ bin/rails:9
