  [1m[35m (0.8ms)[0m  [1m[34mSELECT "schema_migrations"."version" FROM "schema_migrations" ORDER BY "schema_migrations"."version" ASC[0m
  ↳ bin/rails:9
  [1m[36mUser Load (0.8ms)[0m  [1m[34mSELECT "users".* FROM "users"[0m
  ↳ db/seeds.rb:8
  [1m[36mEvent Load (0.7ms)[0m  [1m[34mSELECT "events".* FROM "events"[0m
  ↳ db/seeds.rb:9
  [1m[35m (0.2ms)[0m  [1m[35mBEGIN[0m
  ↳ db/seeds.rb:11
  [1m[36mUser Exists (0.5ms)[0m  [1m[34mSELECT  1 AS one FROM "users" WHERE "users"."email" = $1 LIMIT $2[0m  [["email", "abir@gmail.com"], ["LIMIT", 1]]
  ↳ db/seeds.rb:11
  [1m[36mUser Create (1.6ms)[0m  [1m[32mINSERT INTO "users" ("email", "first_name", "last_name", "password_digest", "session_token", "created_at", "updated_at") VALUES ($1, $2, $3, $4, $5, $6, $7) RETURNING "id"[0m  [["email", "abir@gmail.com"], ["first_name", "Abir"], ["last_name", "Mahamud"], ["password_digest", "$2a$12$j6l7YftFQXlGQgq6h409Nu47h4L5oVa68BXJk4mzUYdaNA/03n4O6"], ["session_token", "UIxbTKK_gDLGOJNcy-G2JQ"], ["created_at", "2021-08-20 20:18:09.191254"], ["updated_at", "2021-08-20 20:18:09.191254"]]
  ↳ db/seeds.rb:11
  [1m[35m (1.1ms)[0m  [1m[35mCOMMIT[0m
  ↳ db/seeds.rb:11
  [1m[35m (0.2ms)[0m  [1m[35mBEGIN[0m
  ↳ db/seeds.rb:12
  [1m[36mUser Exists (0.3ms)[0m  [1m[34mSELECT  1 AS one FROM "users" WHERE "users"."email" = $1 LIMIT $2[0m  [["email", "hello@gmail.com"], ["LIMIT", 1]]
  ↳ db/seeds.rb:12
  [1m[36mUser Create (0.6ms)[0m  [1m[32mINSERT INTO "users" ("email", "first_name", "last_name", "password_digest", "session_token", "created_at", "updated_at") VALUES ($1, $2, $3, $4, $5, $6, $7) RETURNING "id"[0m  [["email", "hello@gmail.com"], ["first_name", "Joe"], ["last_name", "BlackSmith"], ["password_digest", "$2a$12$Ei6OTlo/UzMR3FkvEG8GrOo1FoNHzF85hv0qp.nCagopF8HwgPsFS"], ["session_token", "Yugp9HFx_Dq_Mac1MpFNIA"], ["created_at", "2021-08-20 20:18:09.449849"], ["updated_at", "2021-08-20 20:18:09.449849"]]
  ↳ db/seeds.rb:12
  [1m[35m (2.0ms)[0m  [1m[35mCOMMIT[0m
  ↳ db/seeds.rb:12
  [1m[35m (0.2ms)[0m  [1m[35mBEGIN[0m
  ↳ db/seeds.rb:13
  [1m[36mUser Exists (0.3ms)[0m  [1m[34mSELECT  1 AS one FROM "users" WHERE "users"."email" = $1 LIMIT $2[0m  [["email", "whatsup@gmail.com"], ["LIMIT", 1]]
  ↳ db/seeds.rb:13
  [1m[36mUser Create (0.4ms)[0m  [1m[32mINSERT INTO "users" ("email", "first_name", "last_name", "password_digest", "session_token", "created_at", "updated_at") VALUES ($1, $2, $3, $4, $5, $6, $7) RETURNING "id"[0m  [["email", "whatsup@gmail.com"], ["first_name", "Bob"], ["last_name", "Bradword"], ["password_digest", "$2a$12$pkh3u6p4oRVPliIWeU9MY.9mDcp0yHIFGr91GeiL0Kp1s6434CFMG"], ["session_token", "lyhz2SDsV4KlFp1LtCESFQ"], ["created_at", "2021-08-20 20:18:09.700575"], ["updated_at", "2021-08-20 20:18:09.700575"]]
  ↳ db/seeds.rb:13
  [1m[35m (0.6ms)[0m  [1m[35mCOMMIT[0m
  ↳ db/seeds.rb:13
  [1m[35m (0.4ms)[0m  [1m[35mBEGIN[0m
  ↳ db/seeds.rb:14
  [1m[36mUser Exists (0.4ms)[0m  [1m[34mSELECT  1 AS one FROM "users" WHERE "users"."email" = $1 LIMIT $2[0m  [["email", "up@gmail.com"], ["LIMIT", 1]]
  ↳ db/seeds.rb:14
  [1m[36mUser Create (0.6ms)[0m  [1m[32mINSERT INTO "users" ("email", "first_name", "last_name", "password_digest", "session_token", "created_at", "updated_at") VALUES ($1, $2, $3, $4, $5, $6, $7) RETURNING "id"[0m  [["email", "up@gmail.com"], ["first_name", "Tom"], ["last_name", "Hilfiger"], ["password_digest", "$2a$12$cNnfhJfNUjVpLAyNM3r83.cj3tr/q7MxTWOJSWKkPzRKI0QNsOl8O"], ["session_token", "v_LRffd6c7gJ3VI-2VMzwg"], ["created_at", "2021-08-20 20:18:09.945661"], ["updated_at", "2021-08-20 20:18:09.945661"]]
  ↳ db/seeds.rb:14
  [1m[35m (1.8ms)[0m  [1m[35mCOMMIT[0m
  ↳ db/seeds.rb:14
  [1m[35m (0.2ms)[0m  [1m[35mBEGIN[0m
  ↳ db/seeds.rb:15
  [1m[36mUser Exists (0.4ms)[0m  [1m[34mSELECT  1 AS one FROM "users" WHERE "users"."email" = $1 LIMIT $2[0m  [["email", "down@gmail.com"], ["LIMIT", 1]]
  ↳ db/seeds.rb:15
  [1m[36mUser Create (0.9ms)[0m  [1m[32mINSERT INTO "users" ("email", "first_name", "last_name", "password_digest", "session_token", "created_at", "updated_at") VALUES ($1, $2, $3, $4, $5, $6, $7) RETURNING "id"[0m  [["email", "down@gmail.com"], ["first_name", "John"], ["last_name", "Rohn"], ["password_digest", "$2a$12$ZoHrGvaSiBAdS46648QV9ucLKJpfAJmlCGEuTX8nD6Tis0OaLkAzy"], ["session_token", "ZbzMoB-ybuj7sdG-GE_wjg"], ["created_at", "2021-08-20 20:18:10.190547"], ["updated_at", "2021-08-20 20:18:10.190547"]]
  ↳ db/seeds.rb:15
  [1m[35m (1.0ms)[0m  [1m[35mCOMMIT[0m
  ↳ db/seeds.rb:15
  [1m[35m (0.5ms)[0m  [1m[35mBEGIN[0m
  ↳ db/seeds.rb:16
  [1m[36mUser Exists (0.6ms)[0m  [1m[34mSELECT  1 AS one FROM "users" WHERE "users"."email" = $1 LIMIT $2[0m  [["email", "left@gmail.com"], ["LIMIT", 1]]
  ↳ db/seeds.rb:16
  [1m[36mUser Create (0.6ms)[0m  [1m[32mINSERT INTO "users" ("email", "first_name", "last_name", "password_digest", "session_token", "created_at", "updated_at") VALUES ($1, $2, $3, $4, $5, $6, $7) RETURNING "id"[0m  [["email", "left@gmail.com"], ["first_name", "Ron"], ["last_name", "Bant"], ["password_digest", "$2a$12$fZaEKTbuMQ6NRASDecjSoO6v6.jnb5r14X17OS9sFnaYqUr1PPY.m"], ["session_token", "pR_d6Qikc57Bx6PNDhdASA"], ["created_at", "2021-08-20 20:18:10.433749"], ["updated_at", "2021-08-20 20:18:10.433749"]]
  ↳ db/seeds.rb:16
  [1m[35m (0.5ms)[0m  [1m[35mCOMMIT[0m
  ↳ db/seeds.rb:16
  [1m[35m (0.3ms)[0m  [1m[35mBEGIN[0m
  ↳ db/seeds.rb:17
  [1m[35m (0.2ms)[0m  [1m[31mROLLBACK[0m
  ↳ db/seeds.rb:17
