Started GET "/" for ::1 at 2021-08-19 19:00:17 -0400
  [1m[35m (2.4ms)[0m  [1m[34mSELECT "schema_migrations"."version" FROM "schema_migrations" ORDER BY "schema_migrations"."version" ASC[0m
  ↳ /Users/abirmahamud/.rbenv/versions/2.5.1/lib/ruby/gems/2.5.0/gems/activerecord-5.2.6/lib/active_record/log_subscriber.rb:98
Processing by StaticPagesController#root as HTML
  Rendering static_pages/root.html.erb within layouts/application
  Rendered static_pages/root.html.erb within layouts/application (1.8ms)
Completed 200 OK in 4665ms (Views: 4650.5ms | ActiveRecord: 0.0ms)


Started GET "/api/events" for ::1 at 2021-08-19 19:00:23 -0400
Processing by Api::EventsController#index as JSON
  Rendering api/events/index.json.jbuilder
  [1m[36mEvent Load (16.2ms)[0m  [1m[34mSELECT "events".* FROM "events"[0m
  ↳ app/views/api/events/index.json.jbuilder:1
  Rendered api/events/_event.json.jbuilder (0.6ms)
  Rendered api/events/_event.json.jbuilder (0.2ms)
  Rendered api/events/_event.json.jbuilder (0.1ms)
  Rendered api/events/_event.json.jbuilder (0.2ms)
  Rendered api/events/_event.json.jbuilder (0.2ms)
  Rendered api/events/_event.json.jbuilder (0.1ms)
  Rendered api/events/_event.json.jbuilder (0.3ms)
  Rendered api/events/index.json.jbuilder (140.5ms)
Completed 200 OK in 177ms (Views: 66.1ms | ActiveRecord: 96.3ms)


Started GET "/" for ::1 at 2021-08-19 19:05:16 -0400
  [1m[35m (1.6ms)[0m  [1m[34mSELECT "schema_migrations"."version" FROM "schema_migrations" ORDER BY "schema_migrations"."version" ASC[0m
  ↳ /Users/abirmahamud/.rbenv/versions/2.5.1/lib/ruby/gems/2.5.0/gems/activerecord-5.2.6/lib/active_record/log_subscriber.rb:98
Processing by StaticPagesController#root as HTML
  Rendering static_pages/root.html.erb within layouts/application
  Rendered static_pages/root.html.erb within layouts/application (1.6ms)
Completed 200 OK in 3878ms (Views: 3869.8ms | ActiveRecord: 0.0ms)


Started GET "/api/events" for ::1 at 2021-08-19 19:05:20 -0400
Processing by Api::EventsController#index as JSON
  Rendering api/events/index.json.jbuilder
  [1m[36mEvent Load (10.4ms)[0m  [1m[34mSELECT "events".* FROM "events"[0m
  ↳ app/views/api/events/index.json.jbuilder:1
  Rendered api/events/_event.json.jbuilder (0.7ms)
  Rendered api/events/_event.json.jbuilder (0.1ms)
  Rendered api/events/_event.json.jbuilder (0.1ms)
  Rendered api/events/_event.json.jbuilder (0.1ms)
  Rendered api/events/_event.json.jbuilder (0.1ms)
  Rendered api/events/_event.json.jbuilder (0.1ms)
  Rendered api/events/_event.json.jbuilder (0.2ms)
  Rendered api/events/index.json.jbuilder (53.9ms)
Completed 200 OK in 79ms (Views: 34.4ms | ActiveRecord: 27.0ms)


Started GET "/" for ::1 at 2021-08-19 19:05:23 -0400
Processing by StaticPagesController#root as HTML
  Rendering static_pages/root.html.erb within layouts/application
  Rendered static_pages/root.html.erb within layouts/application (0.3ms)
Completed 200 OK in 35ms (Views: 32.5ms | ActiveRecord: 0.0ms)


Started GET "/api/events" for ::1 at 2021-08-19 19:05:24 -0400
Processing by Api::EventsController#index as JSON
  Rendering api/events/index.json.jbuilder
  [1m[36mEvent Load (1.1ms)[0m  [1m[34mSELECT "events".* FROM "events"[0m
  ↳ app/views/api/events/index.json.jbuilder:1
  Rendered api/events/_event.json.jbuilder (0.4ms)
  Rendered api/events/_event.json.jbuilder (0.1ms)
  Rendered api/events/_event.json.jbuilder (0.1ms)
  Rendered api/events/_event.json.jbuilder (0.1ms)
  Rendered api/events/_event.json.jbuilder (0.2ms)
  Rendered api/events/_event.json.jbuilder (0.3ms)
  Rendered api/events/_event.json.jbuilder (0.1ms)
  Rendered api/events/index.json.jbuilder (16.5ms)
Completed 200 OK in 28ms (Views: 26.4ms | ActiveRecord: 1.1ms)


Started GET "/" for ::1 at 2021-08-19 19:05:27 -0400
Processing by StaticPagesController#root as HTML
  Rendering static_pages/root.html.erb within layouts/application
  Rendered static_pages/root.html.erb within layouts/application (0.3ms)
Completed 200 OK in 41ms (Views: 37.1ms | ActiveRecord: 0.0ms)


Started GET "/api/events" for ::1 at 2021-08-19 19:05:27 -0400
Processing by Api::EventsController#index as JSON
  Rendering api/events/index.json.jbuilder
  [1m[36mEvent Load (19.3ms)[0m  [1m[34mSELECT "events".* FROM "events"[0m
  ↳ app/views/api/events/index.json.jbuilder:1
  Rendered api/events/_event.json.jbuilder (0.8ms)
  Rendered api/events/_event.json.jbuilder (0.2ms)
  Rendered api/events/_event.json.jbuilder (0.1ms)
  Rendered api/events/_event.json.jbuilder (0.1ms)
  Rendered api/events/_event.json.jbuilder (0.1ms)
  Rendered api/events/_event.json.jbuilder (0.2ms)
  Rendered api/events/_event.json.jbuilder (0.2ms)
  Rendered api/events/index.json.jbuilder (32.3ms)
Completed 200 OK in 54ms (Views: 32.9ms | ActiveRecord: 19.3ms)


Started GET "/" for ::1 at 2021-08-19 19:05:28 -0400
Processing by StaticPagesController#root as HTML
  Rendering static_pages/root.html.erb within layouts/application
  Rendered static_pages/root.html.erb within layouts/application (0.6ms)
Completed 200 OK in 49ms (Views: 44.8ms | ActiveRecord: 0.0ms)


Started GET "/api/events" for ::1 at 2021-08-19 19:05:29 -0400
Processing by Api::EventsController#index as JSON
  Rendering api/events/index.json.jbuilder
  [1m[36mEvent Load (11.2ms)[0m  [1m[34mSELECT "events".* FROM "events"[0m
  ↳ app/views/api/events/index.json.jbuilder:1
  Rendered api/events/_event.json.jbuilder (0.4ms)
  Rendered api/events/_event.json.jbuilder (0.3ms)
  Rendered api/events/_event.json.jbuilder (0.1ms)
  Rendered api/events/_event.json.jbuilder (0.1ms)
  Rendered api/events/_event.json.jbuilder (0.1ms)
  Rendered api/events/_event.json.jbuilder (0.2ms)
  Rendered api/events/_event.json.jbuilder (0.2ms)
  Rendered api/events/index.json.jbuilder (23.7ms)
Completed 200 OK in 36ms (Views: 24.1ms | ActiveRecord: 11.2ms)


Started GET "/" for ::1 at 2021-08-19 19:05:32 -0400
Processing by StaticPagesController#root as HTML
  Rendering static_pages/root.html.erb within layouts/application
  Rendered static_pages/root.html.erb within layouts/application (0.4ms)
Completed 200 OK in 46ms (Views: 41.9ms | ActiveRecord: 0.0ms)


Started GET "/api/events" for ::1 at 2021-08-19 19:05:32 -0400
Processing by Api::EventsController#index as JSON
  Rendering api/events/index.json.jbuilder
  [1m[36mEvent Load (13.0ms)[0m  [1m[34mSELECT "events".* FROM "events"[0m
  ↳ app/views/api/events/index.json.jbuilder:1
  Rendered api/events/_event.json.jbuilder (0.4ms)
  Rendered api/events/_event.json.jbuilder (0.1ms)
  Rendered api/events/_event.json.jbuilder (0.1ms)
  Rendered api/events/_event.json.jbuilder (0.2ms)
  Rendered api/events/_event.json.jbuilder (0.2ms)
  Rendered api/events/_event.json.jbuilder (0.2ms)
  Rendered api/events/_event.json.jbuilder (0.1ms)
  Rendered api/events/index.json.jbuilder (24.3ms)
Completed 200 OK in 40ms (Views: 26.5ms | ActiveRecord: 13.0ms)


Started GET "/" for ::1 at 2021-08-19 19:05:35 -0400
Processing by StaticPagesController#root as HTML
  Rendering static_pages/root.html.erb within layouts/application
  Rendered static_pages/root.html.erb within layouts/application (0.6ms)
Completed 200 OK in 35ms (Views: 30.6ms | ActiveRecord: 0.0ms)


Started GET "/api/events" for ::1 at 2021-08-19 19:05:35 -0400
Processing by Api::EventsController#index as JSON
  Rendering api/events/index.json.jbuilder
  [1m[36mEvent Load (12.8ms)[0m  [1m[34mSELECT "events".* FROM "events"[0m
  ↳ app/views/api/events/index.json.jbuilder:1
  Rendered api/events/_event.json.jbuilder (0.4ms)
  Rendered api/events/_event.json.jbuilder (0.2ms)
  Rendered api/events/_event.json.jbuilder (0.1ms)
  Rendered api/events/_event.json.jbuilder (0.1ms)
  Rendered api/events/_event.json.jbuilder (0.2ms)
  Rendered api/events/_event.json.jbuilder (0.2ms)
  Rendered api/events/_event.json.jbuilder (0.4ms)
  Rendered api/events/index.json.jbuilder (30.7ms)
Completed 200 OK in 46ms (Views: 30.9ms | ActiveRecord: 12.8ms)


Started GET "/" for ::1 at 2021-08-19 19:05:36 -0400
Processing by StaticPagesController#root as HTML
  Rendering static_pages/root.html.erb within layouts/application
  Rendered static_pages/root.html.erb within layouts/application (0.4ms)
Completed 200 OK in 31ms (Views: 27.2ms | ActiveRecord: 0.0ms)


Started GET "/api/events" for ::1 at 2021-08-19 19:05:36 -0400
Processing by Api::EventsController#index as JSON
  Rendering api/events/index.json.jbuilder
  [1m[36mEvent Load (0.6ms)[0m  [1m[34mSELECT "events".* FROM "events"[0m
  ↳ app/views/api/events/index.json.jbuilder:1
  Rendered api/events/_event.json.jbuilder (0.5ms)
  Rendered api/events/_event.json.jbuilder (0.1ms)
  Rendered api/events/_event.json.jbuilder (0.4ms)
  Rendered api/events/_event.json.jbuilder (0.3ms)
  Rendered api/events/_event.json.jbuilder (0.2ms)
  Rendered api/events/_event.json.jbuilder (0.2ms)
  Rendered api/events/_event.json.jbuilder (0.3ms)
  Rendered api/events/index.json.jbuilder (16.0ms)
Completed 200 OK in 33ms (Views: 31.6ms | ActiveRecord: 0.6ms)


Started GET "/" for ::1 at 2021-08-19 19:05:36 -0400
Processing by StaticPagesController#root as HTML
  Rendering static_pages/root.html.erb within layouts/application
  Rendered static_pages/root.html.erb within layouts/application (0.5ms)
Completed 200 OK in 37ms (Views: 32.0ms | ActiveRecord: 0.0ms)


Started GET "/api/events" for ::1 at 2021-08-19 19:05:37 -0400
Processing by Api::EventsController#index as JSON
  Rendering api/events/index.json.jbuilder
  [1m[36mEvent Load (40.0ms)[0m  [1m[34mSELECT "events".* FROM "events"[0m
  ↳ app/views/api/events/index.json.jbuilder:1
  Rendered api/events/_event.json.jbuilder (0.6ms)
  Rendered api/events/_event.json.jbuilder (0.3ms)
  Rendered api/events/_event.json.jbuilder (0.7ms)
  Rendered api/events/_event.json.jbuilder (0.2ms)
  Rendered api/events/_event.json.jbuilder (0.2ms)
  Rendered api/events/_event.json.jbuilder (0.9ms)
  Rendered api/events/_event.json.jbuilder (0.2ms)
  Rendered api/events/index.json.jbuilder (62.9ms)
Completed 200 OK in 76ms (Views: 34.5ms | ActiveRecord: 40.0ms)


Started GET "/" for ::1 at 2021-08-19 19:05:37 -0400
Processing by StaticPagesController#root as HTML
  Rendering static_pages/root.html.erb within layouts/application
  Rendered static_pages/root.html.erb within layouts/application (0.4ms)
Completed 200 OK in 55ms (Views: 51.7ms | ActiveRecord: 0.0ms)


Started GET "/api/events" for ::1 at 2021-08-19 19:05:37 -0400
Processing by Api::EventsController#index as JSON
  Rendering api/events/index.json.jbuilder
  [1m[36mEvent Load (32.7ms)[0m  [1m[34mSELECT "events".* FROM "events"[0m
  ↳ app/views/api/events/index.json.jbuilder:1
  Rendered api/events/_event.json.jbuilder (0.5ms)
  Rendered api/events/_event.json.jbuilder (0.2ms)
  Rendered api/events/_event.json.jbuilder (0.2ms)
  Rendered api/events/_event.json.jbuilder (0.2ms)
  Rendered api/events/_event.json.jbuilder (0.2ms)
  Rendered api/events/_event.json.jbuilder (0.2ms)
  Rendered api/events/_event.json.jbuilder (0.3ms)
  Rendered api/events/index.json.jbuilder (84.9ms)
Completed 200 OK in 99ms (Views: 65.1ms | ActiveRecord: 32.7ms)


Started GET "/" for ::1 at 2021-08-19 19:05:43 -0400
Processing by StaticPagesController#root as HTML
  Rendering static_pages/root.html.erb within layouts/application
  Rendered static_pages/root.html.erb within layouts/application (1.0ms)
Completed 200 OK in 48ms (Views: 44.4ms | ActiveRecord: 0.0ms)


Started GET "/api/events" for ::1 at 2021-08-19 19:05:43 -0400
Processing by Api::EventsController#index as JSON
  Rendering api/events/index.json.jbuilder
  [1m[36mEvent Load (0.7ms)[0m  [1m[34mSELECT "events".* FROM "events"[0m
  ↳ app/views/api/events/index.json.jbuilder:1
  Rendered api/events/_event.json.jbuilder (0.3ms)
  Rendered api/events/_event.json.jbuilder (0.1ms)
  Rendered api/events/_event.json.jbuilder (0.1ms)
  Rendered api/events/_event.json.jbuilder (0.2ms)
  Rendered api/events/_event.json.jbuilder (0.2ms)
  Rendered api/events/_event.json.jbuilder (0.2ms)
  Rendered api/events/_event.json.jbuilder (0.1ms)
  Rendered api/events/index.json.jbuilder (11.2ms)
Completed 200 OK in 20ms (Views: 18.3ms | ActiveRecord: 0.7ms)


Started GET "/api/events" for ::1 at 2021-08-19 19:05:48 -0400
Processing by Api::EventsController#index as JSON
  Rendering api/events/index.json.jbuilder
  [1m[36mEvent Load (4.6ms)[0m  [1m[34mSELECT "events".* FROM "events"[0m
  ↳ app/views/api/events/index.json.jbuilder:1
  Rendered api/events/_event.json.jbuilder (0.4ms)
  Rendered api/events/_event.json.jbuilder (0.2ms)
  Rendered api/events/_event.json.jbuilder (0.1ms)
  Rendered api/events/_event.json.jbuilder (0.3ms)
  Rendered api/events/_event.json.jbuilder (0.3ms)
  Rendered api/events/_event.json.jbuilder (0.3ms)
  Rendered api/events/_event.json.jbuilder (0.2ms)
  Rendered api/events/index.json.jbuilder (16.1ms)
Completed 200 OK in 31ms (Views: 25.3ms | ActiveRecord: 4.6ms)


  [1m[35m (1.4ms)[0m  [1m[35mCREATE DATABASE "event_bite_development" ENCODING = 'unicode'[0m
  ↳ bin/rails:9
  [1m[35m (0.8ms)[0m  [1m[35mCREATE DATABASE "event_bite_test" ENCODING = 'unicode'[0m
  ↳ bin/rails:9
  [1m[35m (1.0ms)[0m  [1m[34mSELECT "schema_migrations"."version" FROM "schema_migrations" ORDER BY "schema_migrations"."version" ASC[0m
  ↳ bin/rails:9
  [1m[35m (10.0ms)[0m  [1m[34mSELECT "ar_internal_metadata"."value" FROM "ar_internal_metadata" WHERE "ar_internal_metadata"."key" = $1[0m  [["key", "environment"]]
  ↳ bin/rails:9
  [1m[35m (0.3ms)[0m  [1m[34mSELECT "schema_migrations"."version" FROM "schema_migrations" ORDER BY "schema_migrations"."version" ASC[0m
  ↳ bin/rails:9
  [1m[35m (0.3ms)[0m  [1m[34mSELECT "ar_internal_metadata"."value" FROM "ar_internal_metadata" WHERE "ar_internal_metadata"."key" = $1[0m  [["key", "environment"]]
  ↳ bin/rails:9
  [1m[35m (0.3ms)[0m  [1m[34mSELECT "schema_migrations"."version" FROM "schema_migrations" ORDER BY "schema_migrations"."version" ASC[0m
  ↳ bin/rails:9
  [1m[35m (0.2ms)[0m  [1m[34mSELECT "ar_internal_metadata"."value" FROM "ar_internal_metadata" WHERE "ar_internal_metadata"."key" = $1[0m  [["key", "environment"]]
  ↳ bin/rails:9
  [1m[35mSQL (3.8ms)[0m  [1m[35mCREATE EXTENSION IF NOT EXISTS "plpgsql"[0m
  ↳ db/schema.rb:16
  [1m[35m (47.7ms)[0m  [1m[35mDROP TABLE IF EXISTS "active_storage_attachments" CASCADE[0m
  ↳ db/schema.rb:18
  [1m[35m (24.4ms)[0m  [1m[35mCREATE TABLE "active_storage_attachments" ("id" bigserial primary key, "name" character varying NOT NULL, "record_type" character varying NOT NULL, "record_id" bigint NOT NULL, "blob_id" bigint NOT NULL, "created_at" timestamp NOT NULL)[0m
  ↳ db/schema.rb:18
  [1m[35m (1.5ms)[0m  [1m[35mCREATE  INDEX  "index_active_storage_attachments_on_blob_id" ON "active_storage_attachments"  ("blob_id")[0m
  ↳ db/schema.rb:18
  [1m[35m (2.4ms)[0m  [1m[35mCREATE UNIQUE INDEX  "index_active_storage_attachments_uniqueness" ON "active_storage_attachments"  ("record_type", "record_id", "name", "blob_id")[0m
  ↳ db/schema.rb:18
  [1m[35m (3.6ms)[0m  [1m[35mDROP TABLE IF EXISTS "active_storage_blobs" CASCADE[0m
  ↳ db/schema.rb:28
  [1m[35m (10.1ms)[0m  [1m[35mCREATE TABLE "active_storage_blobs" ("id" bigserial primary key, "key" character varying NOT NULL, "filename" character varying NOT NULL, "content_type" character varying, "metadata" text, "byte_size" bigint NOT NULL, "checksum" character varying NOT NULL, "created_at" timestamp NOT NULL)[0m
  ↳ db/schema.rb:28
  [1m[35m (8.8ms)[0m  [1m[35mCREATE UNIQUE INDEX  "index_active_storage_blobs_on_key" ON "active_storage_blobs"  ("key")[0m
  ↳ db/schema.rb:28
  [1m[35m (16.3ms)[0m  [1m[35mDROP TABLE IF EXISTS "add_columns" CASCADE[0m
  ↳ db/schema.rb:39
  [1m[35m (3.2ms)[0m  [1m[35mCREATE TABLE "add_columns" ("id" bigserial primary key, "created_at" timestamp NOT NULL, "updated_at" timestamp NOT NULL)[0m
  ↳ db/schema.rb:39
  [1m[35m (4.4ms)[0m  [1m[35mDROP TABLE IF EXISTS "bookmarks" CASCADE[0m
  ↳ db/schema.rb:44
  [1m[35m (5.3ms)[0m  [1m[35mCREATE TABLE "bookmarks" ("id" bigserial primary key, "bookmarker_id" integer NOT NULL, "bookmarked_event_id" integer NOT NULL, "created_at" timestamp NOT NULL, "updated_at" timestamp NOT NULL)[0m
  ↳ db/schema.rb:44
  [1m[35m (59.3ms)[0m  [1m[35mCREATE  INDEX  "index_bookmarks_on_bookmarked_event_id" ON "bookmarks"  ("bookmarked_event_id")[0m
  ↳ db/schema.rb:44
  [1m[35m (1.7ms)[0m  [1m[35mCREATE UNIQUE INDEX  "index_bookmarks_on_bookmarker_id_and_bookmarked_event_id" ON "bookmarks"  ("bookmarker_id", "bookmarked_event_id")[0m
  ↳ db/schema.rb:44
  [1m[35m (3.0ms)[0m  [1m[35mDROP TABLE IF EXISTS "categories" CASCADE[0m
  ↳ db/schema.rb:53
  [1m[35m (8.0ms)[0m  [1m[35mCREATE TABLE "categories" ("id" bigserial primary key, "title" character varying NOT NULL, "description" text, "created_at" timestamp NOT NULL, "updated_at" timestamp NOT NULL)[0m
  ↳ db/schema.rb:53
  [1m[35m (1.5ms)[0m  [1m[35mCREATE  INDEX  "index_categories_on_title" ON "categories"  ("title")[0m
  ↳ db/schema.rb:53
  [1m[35m (4.0ms)[0m  [1m[35mDROP TABLE IF EXISTS "events" CASCADE[0m
  ↳ db/schema.rb:61
  [1m[35m (6.5ms)[0m  [1m[35mCREATE TABLE "events" ("id" bigserial primary key, "title" character varying NOT NULL, "description" text NOT NULL, "date" timestamp NOT NULL, "author_name" character varying NOT NULL, "author_id" integer NOT NULL, "start_time" timestamp NOT NULL, "end_time" timestamp NOT NULL, "created_at" timestamp NOT NULL, "updated_at" timestamp NOT NULL, "category" character varying NOT NULL, "pic_url" character varying)[0m
  ↳ db/schema.rb:61
  [1m[35m (1.9ms)[0m  [1m[35mCREATE  INDEX  "index_events_on_author_id" ON "events"  ("author_id")[0m
  ↳ db/schema.rb:61
  [1m[35m (1.9ms)[0m  [1m[35mCREATE  INDEX  "index_events_on_author_name" ON "events"  ("author_name")[0m
  ↳ db/schema.rb:61
  [1m[35m (4.2ms)[0m  [1m[35mDROP TABLE IF EXISTS "interests" CASCADE[0m
  ↳ db/schema.rb:77
  [1m[35m (15.3ms)[0m  [1m[35mCREATE TABLE "interests" ("id" bigserial primary key, "genre" character varying NOT NULL, "user_id" integer NOT NULL, "created_at" timestamp NOT NULL, "updated_at" timestamp NOT NULL)[0m
  ↳ db/schema.rb:77
  [1m[35m (4.9ms)[0m  [1m[35mDROP TABLE IF EXISTS "likes" CASCADE[0m
  ↳ db/schema.rb:84
  [1m[35m (7.1ms)[0m  [1m[35mCREATE TABLE "likes" ("id" bigserial primary key, "user_id" integer NOT NULL, "event_id" integer NOT NULL, "created_at" timestamp NOT NULL, "updated_at" timestamp NOT NULL)[0m
  ↳ db/schema.rb:84
  [1m[35m (1.5ms)[0m  [1m[35mCREATE UNIQUE INDEX  "index_likes_on_event_id_and_user_id" ON "likes"  ("event_id", "user_id")[0m
  ↳ db/schema.rb:84
  [1m[35m (1.5ms)[0m  [1m[35mCREATE  INDEX  "index_likes_on_event_id" ON "likes"  ("event_id")[0m
  ↳ db/schema.rb:84
  [1m[35m (2.7ms)[0m  [1m[35mCREATE  INDEX  "index_likes_on_user_id" ON "likes"  ("user_id")[0m
  ↳ db/schema.rb:84
  [1m[35m (4.0ms)[0m  [1m[35mDROP TABLE IF EXISTS "registrations" CASCADE[0m
  ↳ db/schema.rb:94
  [1m[35m (5.0ms)[0m  [1m[35mCREATE TABLE "registrations" ("id" bigserial primary key, "buyer_id" integer NOT NULL, "event_id" integer NOT NULL, "created_at" timestamp NOT NULL, "updated_at" timestamp NOT NULL)[0m
  ↳ db/schema.rb:94
  [1m[35m (2.4ms)[0m  [1m[35mCREATE  INDEX  "index_registrations_on_event_id" ON "registrations"  ("event_id")[0m
  ↳ db/schema.rb:94
  [1m[35m (5.2ms)[0m  [1m[35mDROP TABLE IF EXISTS "users" CASCADE[0m
  ↳ db/schema.rb:102
  [1m[35m (14.4ms)[0m  [1m[35mCREATE TABLE "users" ("id" bigserial primary key, "email" character varying NOT NULL, "first_name" character varying NOT NULL, "last_name" character varying NOT NULL, "password_digest" character varying NOT NULL, "session_token" character varying NOT NULL, "created_at" timestamp NOT NULL, "updated_at" timestamp NOT NULL, "event_id" integer)[0m
  ↳ db/schema.rb:102
  [1m[35m (1.3ms)[0m  [1m[35mCREATE UNIQUE INDEX  "index_users_on_email" ON "users"  ("email")[0m
  ↳ db/schema.rb:102
  [1m[35m (2.1ms)[0m  [1m[35mCREATE  INDEX  "index_users_on_first_name" ON "users"  ("first_name")[0m
  ↳ db/schema.rb:102
  [1m[35m (1.7ms)[0m  [1m[35mCREATE  INDEX  "index_users_on_last_name" ON "users"  ("last_name")[0m
  ↳ db/schema.rb:102
  [1m[35m (2.5ms)[0m  [1m[35mCREATE UNIQUE INDEX  "index_users_on_session_token" ON "users"  ("session_token")[0m
  ↳ db/schema.rb:102
  [1m[35m (8.8ms)[0m  [1m[35mALTER TABLE "active_storage_attachments" ADD CONSTRAINT "fk_rails_c3b3935057"
FOREIGN KEY ("blob_id")
  REFERENCES "active_storage_blobs" ("id")
[0m
  ↳ db/schema.rb:117
  [1m[35m (0.6ms)[0m  [1m[34mSELECT "schema_migrations"."version" FROM "schema_migrations" ORDER BY "schema_migrations"."version" ASC[0m
  ↳ db/schema.rb:13
  [1m[36mActiveRecord::InternalMetadata Load (0.4ms)[0m  [1m[34mSELECT  "ar_internal_metadata".* FROM "ar_internal_metadata" WHERE "ar_internal_metadata"."key" = $1 LIMIT $2[0m  [["key", "environment"], ["LIMIT", 1]]
  ↳ db/schema.rb:13
  [1m[35m (0.1ms)[0m  [1m[35mBEGIN[0m
  ↳ db/schema.rb:13
  [1m[35m (0.2ms)[0m  [1m[35mCOMMIT[0m
  ↳ db/schema.rb:13
  [1m[36mActiveRecord::InternalMetadata Load (0.2ms)[0m  [1m[34mSELECT  "ar_internal_metadata".* FROM "ar_internal_metadata" WHERE "ar_internal_metadata"."key" = $1 LIMIT $2[0m  [["key", "environment"], ["LIMIT", 1]]
  ↳ bin/rails:9
  [1m[35m (0.1ms)[0m  [1m[35mBEGIN[0m
  ↳ bin/rails:9
  [1m[35m (0.1ms)[0m  [1m[35mCOMMIT[0m
  ↳ bin/rails:9
  [1m[35mSQL (1.4ms)[0m  [1m[35mCREATE EXTENSION IF NOT EXISTS "plpgsql"[0m
  ↳ db/schema.rb:16
  [1m[35m (0.8ms)[0m  [1m[35mDROP TABLE IF EXISTS "active_storage_attachments" CASCADE[0m
  ↳ db/schema.rb:18
  [1m[35m (39.1ms)[0m  [1m[35mCREATE TABLE "active_storage_attachments" ("id" bigserial primary key, "name" character varying NOT NULL, "record_type" character varying NOT NULL, "record_id" bigint NOT NULL, "blob_id" bigint NOT NULL, "created_at" timestamp NOT NULL)[0m
  ↳ db/schema.rb:18
  [1m[35m (1.7ms)[0m  [1m[35mCREATE  INDEX  "index_active_storage_attachments_on_blob_id" ON "active_storage_attachments"  ("blob_id")[0m
  ↳ db/schema.rb:18
  [1m[35m (1.4ms)[0m  [1m[35mCREATE UNIQUE INDEX  "index_active_storage_attachments_uniqueness" ON "active_storage_attachments"  ("record_type", "record_id", "name", "blob_id")[0m
  ↳ db/schema.rb:18
  [1m[35m (0.9ms)[0m  [1m[35mDROP TABLE IF EXISTS "active_storage_blobs" CASCADE[0m
  ↳ db/schema.rb:28
  [1m[35m (9.5ms)[0m  [1m[35mCREATE TABLE "active_storage_blobs" ("id" bigserial primary key, "key" character varying NOT NULL, "filename" character varying NOT NULL, "content_type" character varying, "metadata" text, "byte_size" bigint NOT NULL, "checksum" character varying NOT NULL, "created_at" timestamp NOT NULL)[0m
  ↳ db/schema.rb:28
  [1m[35m (2.0ms)[0m  [1m[35mCREATE UNIQUE INDEX  "index_active_storage_blobs_on_key" ON "active_storage_blobs"  ("key")[0m
  ↳ db/schema.rb:28
  [1m[35m (0.2ms)[0m  [1m[35mDROP TABLE IF EXISTS "add_columns" CASCADE[0m
  ↳ db/schema.rb:39
  [1m[35m (4.9ms)[0m  [1m[35mCREATE TABLE "add_columns" ("id" bigserial primary key, "created_at" timestamp NOT NULL, "updated_at" timestamp NOT NULL)[0m
  ↳ db/schema.rb:39
  [1m[35m (1.0ms)[0m  [1m[35mDROP TABLE IF EXISTS "bookmarks" CASCADE[0m
  ↳ db/schema.rb:44
  [1m[35m (5.3ms)[0m  [1m[35mCREATE TABLE "bookmarks" ("id" bigserial primary key, "bookmarker_id" integer NOT NULL, "bookmarked_event_id" integer NOT NULL, "created_at" timestamp NOT NULL, "updated_at" timestamp NOT NULL)[0m
  ↳ db/schema.rb:44
  [1m[35m (1.8ms)[0m  [1m[35mCREATE  INDEX  "index_bookmarks_on_bookmarked_event_id" ON "bookmarks"  ("bookmarked_event_id")[0m
  ↳ db/schema.rb:44
  [1m[35m (1.1ms)[0m  [1m[35mCREATE UNIQUE INDEX  "index_bookmarks_on_bookmarker_id_and_bookmarked_event_id" ON "bookmarks"  ("bookmarker_id", "bookmarked_event_id")[0m
  ↳ db/schema.rb:44
  [1m[35m (0.2ms)[0m  [1m[35mDROP TABLE IF EXISTS "categories" CASCADE[0m
  ↳ db/schema.rb:53
  [1m[35m (3.9ms)[0m  [1m[35mCREATE TABLE "categories" ("id" bigserial primary key, "title" character varying NOT NULL, "description" text, "created_at" timestamp NOT NULL, "updated_at" timestamp NOT NULL)[0m
  ↳ db/schema.rb:53
  [1m[35m (3.4ms)[0m  [1m[35mCREATE  INDEX  "index_categories_on_title" ON "categories"  ("title")[0m
  ↳ db/schema.rb:53
  [1m[35m (1.3ms)[0m  [1m[35mDROP TABLE IF EXISTS "events" CASCADE[0m
  ↳ db/schema.rb:61
  [1m[35m (5.4ms)[0m  [1m[35mCREATE TABLE "events" ("id" bigserial primary key, "title" character varying NOT NULL, "description" text NOT NULL, "date" timestamp NOT NULL, "author_name" character varying NOT NULL, "author_id" integer NOT NULL, "start_time" timestamp NOT NULL, "end_time" timestamp NOT NULL, "created_at" timestamp NOT NULL, "updated_at" timestamp NOT NULL, "category" character varying NOT NULL, "pic_url" character varying)[0m
  ↳ db/schema.rb:61
  [1m[35m (2.0ms)[0m  [1m[35mCREATE  INDEX  "index_events_on_author_id" ON "events"  ("author_id")[0m
  ↳ db/schema.rb:61
  [1m[35m (2.0ms)[0m  [1m[35mCREATE  INDEX  "index_events_on_author_name" ON "events"  ("author_name")[0m
  ↳ db/schema.rb:61
  [1m[35m (0.5ms)[0m  [1m[35mDROP TABLE IF EXISTS "interests" CASCADE[0m
  ↳ db/schema.rb:77
  [1m[35m (4.8ms)[0m  [1m[35mCREATE TABLE "interests" ("id" bigserial primary key, "genre" character varying NOT NULL, "user_id" integer NOT NULL, "created_at" timestamp NOT NULL, "updated_at" timestamp NOT NULL)[0m
  ↳ db/schema.rb:77
  [1m[35m (4.9ms)[0m  [1m[35mDROP TABLE IF EXISTS "likes" CASCADE[0m
  ↳ db/schema.rb:84
  [1m[35m (3.1ms)[0m  [1m[35mCREATE TABLE "likes" ("id" bigserial primary key, "user_id" integer NOT NULL, "event_id" integer NOT NULL, "created_at" timestamp NOT NULL, "updated_at" timestamp NOT NULL)[0m
  ↳ db/schema.rb:84
  [1m[35m (1.4ms)[0m  [1m[35mCREATE UNIQUE INDEX  "index_likes_on_event_id_and_user_id" ON "likes"  ("event_id", "user_id")[0m
  ↳ db/schema.rb:84
  [1m[35m (1.6ms)[0m  [1m[35mCREATE  INDEX  "index_likes_on_event_id" ON "likes"  ("event_id")[0m
  ↳ db/schema.rb:84
  [1m[35m (7.2ms)[0m  [1m[35mCREATE  INDEX  "index_likes_on_user_id" ON "likes"  ("user_id")[0m
  ↳ db/schema.rb:84
  [1m[35m (1.2ms)[0m  [1m[35mDROP TABLE IF EXISTS "registrations" CASCADE[0m
  ↳ db/schema.rb:94
  [1m[35m (57.4ms)[0m  [1m[35mCREATE TABLE "registrations" ("id" bigserial primary key, "buyer_id" integer NOT NULL, "event_id" integer NOT NULL, "created_at" timestamp NOT NULL, "updated_at" timestamp NOT NULL)[0m
  ↳ db/schema.rb:94
  [1m[35m (1.1ms)[0m  [1m[35mCREATE  INDEX  "index_registrations_on_event_id" ON "registrations"  ("event_id")[0m
  ↳ db/schema.rb:94
  [1m[35m (0.1ms)[0m  [1m[35mDROP TABLE IF EXISTS "users" CASCADE[0m
  ↳ db/schema.rb:102
  [1m[35m (4.1ms)[0m  [1m[35mCREATE TABLE "users" ("id" bigserial primary key, "email" character varying NOT NULL, "first_name" character varying NOT NULL, "last_name" character varying NOT NULL, "password_digest" character varying NOT NULL, "session_token" character varying NOT NULL, "created_at" timestamp NOT NULL, "updated_at" timestamp NOT NULL, "event_id" integer)[0m
  ↳ db/schema.rb:102
  [1m[35m (1.5ms)[0m  [1m[35mCREATE UNIQUE INDEX  "index_users_on_email" ON "users"  ("email")[0m
  ↳ db/schema.rb:102
  [1m[35m (1.1ms)[0m  [1m[35mCREATE  INDEX  "index_users_on_first_name" ON "users"  ("first_name")[0m
  ↳ db/schema.rb:102
  [1m[35m (1.6ms)[0m  [1m[35mCREATE  INDEX  "index_users_on_last_name" ON "users"  ("last_name")[0m
  ↳ db/schema.rb:102
  [1m[35m (1.1ms)[0m  [1m[35mCREATE UNIQUE INDEX  "index_users_on_session_token" ON "users"  ("session_token")[0m
  ↳ db/schema.rb:102
  [1m[35m (6.6ms)[0m  [1m[35mALTER TABLE "active_storage_attachments" ADD CONSTRAINT "fk_rails_c3b3935057"
FOREIGN KEY ("blob_id")
  REFERENCES "active_storage_blobs" ("id")
[0m
  ↳ db/schema.rb:117
  [1m[35m (7.4ms)[0m  [1m[35mCREATE TABLE "schema_migrations" ("version" character varying NOT NULL PRIMARY KEY)[0m
  ↳ db/schema.rb:13
  [1m[35m (1.3ms)[0m  [1m[34mSELECT "schema_migrations"."version" FROM "schema_migrations" ORDER BY "schema_migrations"."version" ASC[0m
  ↳ db/schema.rb:13
  [1m[35m (1.6ms)[0m  [1m[32mINSERT INTO "schema_migrations" (version) VALUES (20210813183609)[0m
  ↳ db/schema.rb:13
  [1m[35m (0.7ms)[0m  [1m[32mINSERT INTO "schema_migrations" (version) VALUES
(20210510184442),
(20210630162927),
(20210708160224),
(20210701013141),
(20210510184721),
(20210510182401),
(20210510185114),
(20210510182250),
(20210518142141),
(20210510180543),
(20210630163911);

[0m
  ↳ db/schema.rb:13
  [1m[35m (4.6ms)[0m  [1m[35mCREATE TABLE "ar_internal_metadata" ("key" character varying NOT NULL PRIMARY KEY, "value" character varying, "created_at" timestamp NOT NULL, "updated_at" timestamp NOT NULL)[0m
  ↳ db/schema.rb:13
  [1m[36mActiveRecord::InternalMetadata Load (0.6ms)[0m  [1m[34mSELECT  "ar_internal_metadata".* FROM "ar_internal_metadata" WHERE "ar_internal_metadata"."key" = $1 LIMIT $2[0m  [["key", "environment"], ["LIMIT", 1]]
  ↳ db/schema.rb:13
  [1m[35m (0.1ms)[0m  [1m[35mBEGIN[0m
  ↳ db/schema.rb:13
  [1m[36mActiveRecord::InternalMetadata Create (0.8ms)[0m  [1m[32mINSERT INTO "ar_internal_metadata" ("key", "value", "created_at", "updated_at") VALUES ($1, $2, $3, $4) RETURNING "key"[0m  [["key", "environment"], ["value", "development"], ["created_at", "2021-08-19 23:06:21.326274"], ["updated_at", "2021-08-19 23:06:21.326274"]]
  ↳ db/schema.rb:13
  [1m[35m (0.4ms)[0m  [1m[35mCOMMIT[0m
  ↳ db/schema.rb:13
  [1m[36mActiveRecord::InternalMetadata Load (0.2ms)[0m  [1m[34mSELECT  "ar_internal_metadata".* FROM "ar_internal_metadata" WHERE "ar_internal_metadata"."key" = $1 LIMIT $2[0m  [["key", "environment"], ["LIMIT", 1]]
  ↳ bin/rails:9
  [1m[35m (0.1ms)[0m  [1m[35mBEGIN[0m
  ↳ bin/rails:9
  [1m[36mActiveRecord::InternalMetadata Update (0.3ms)[0m  [1m[33mUPDATE "ar_internal_metadata" SET "value" = $1, "updated_at" = $2 WHERE "ar_internal_metadata"."key" = $3[0m  [["value", "test"], ["updated_at", "2021-08-19 23:06:21.329807"], ["key", "environment"]]
  ↳ bin/rails:9
  [1m[35m (0.4ms)[0m  [1m[35mCOMMIT[0m
  ↳ bin/rails:9
  [1m[35m (0.7ms)[0m  [1m[34mSELECT "schema_migrations"."version" FROM "schema_migrations" ORDER BY "schema_migrations"."version" ASC[0m
  ↳ bin/rails:9
  [1m[36mUser Load (1.3ms)[0m  [1m[34mSELECT "users".* FROM "users"[0m
  ↳ db/seeds.rb:8
  [1m[36mEvent Load (1.1ms)[0m  [1m[34mSELECT "events".* FROM "events"[0m
  ↳ db/seeds.rb:9
  [1m[35m (0.1ms)[0m  [1m[35mBEGIN[0m
  ↳ db/seeds.rb:11
  [1m[36mUser Exists (0.4ms)[0m  [1m[34mSELECT  1 AS one FROM "users" WHERE "users"."email" = $1 LIMIT $2[0m  [["email", "abir@gmail.com"], ["LIMIT", 1]]
  ↳ db/seeds.rb:11
  [1m[36mUser Create (0.8ms)[0m  [1m[32mINSERT INTO "users" ("email", "first_name", "last_name", "password_digest", "session_token", "created_at", "updated_at") VALUES ($1, $2, $3, $4, $5, $6, $7) RETURNING "id"[0m  [["email", "abir@gmail.com"], ["first_name", "Abir"], ["last_name", "Mahamud"], ["password_digest", "$2a$12$Bp2I0ssycjnRbLpPXSNGK.lwfGiCMTnE5vhPWGMnzJFDSwFyW5.ke"], ["session_token", "vQY2HSw2dNnEYKDS4PfVYQ"], ["created_at", "2021-08-19 23:06:21.600819"], ["updated_at", "2021-08-19 23:06:21.600819"]]
  ↳ db/seeds.rb:11
  [1m[35m (0.9ms)[0m  [1m[35mCOMMIT[0m
  ↳ db/seeds.rb:11
  [1m[35m (0.1ms)[0m  [1m[35mBEGIN[0m
  ↳ db/seeds.rb:12
  [1m[36mUser Exists (0.3ms)[0m  [1m[34mSELECT  1 AS one FROM "users" WHERE "users"."email" = $1 LIMIT $2[0m  [["email", "hello@gmail.com"], ["LIMIT", 1]]
  ↳ db/seeds.rb:12
  [1m[36mUser Create (0.4ms)[0m  [1m[32mINSERT INTO "users" ("email", "first_name", "last_name", "password_digest", "session_token", "created_at", "updated_at") VALUES ($1, $2, $3, $4, $5, $6, $7) RETURNING "id"[0m  [["email", "hello@gmail.com"], ["first_name", "Joe"], ["last_name", "BlackSmith"], ["password_digest", "$2a$12$iXvo2IyzdjXVlk/c5bUCbe9WS0cpB.vM5TlvLNZa28XDKK9.R06IS"], ["session_token", "EGwOIV9UEjBT5YZNrwvEmA"], ["created_at", "2021-08-19 23:06:21.828325"], ["updated_at", "2021-08-19 23:06:21.828325"]]
  ↳ db/seeds.rb:12
  [1m[35m (0.6ms)[0m  [1m[35mCOMMIT[0m
  ↳ db/seeds.rb:12
  [1m[35m (0.1ms)[0m  [1m[35mBEGIN[0m
  ↳ db/seeds.rb:13
  [1m[36mUser Exists (0.3ms)[0m  [1m[34mSELECT  1 AS one FROM "users" WHERE "users"."email" = $1 LIMIT $2[0m  [["email", "whatsup@gmail.com"], ["LIMIT", 1]]
  ↳ db/seeds.rb:13
  [1m[36mUser Create (0.8ms)[0m  [1m[32mINSERT INTO "users" ("email", "first_name", "last_name", "password_digest", "session_token", "created_at", "updated_at") VALUES ($1, $2, $3, $4, $5, $6, $7) RETURNING "id"[0m  [["email", "whatsup@gmail.com"], ["first_name", "Bob"], ["last_name", "Bradword"], ["password_digest", "$2a$12$voepFucEJwz8tR3DXw8NrevcIYd4E4hqtOapAjZFdQboQibHBwSRW"], ["session_token", "FYTBSUkc-5WOMEVzjzfTLQ"], ["created_at", "2021-08-19 23:06:22.055848"], ["updated_at", "2021-08-19 23:06:22.055848"]]
  ↳ db/seeds.rb:13
  [1m[35m (1.4ms)[0m  [1m[35mCOMMIT[0m
  ↳ db/seeds.rb:13
  [1m[35m (0.2ms)[0m  [1m[35mBEGIN[0m
  ↳ db/seeds.rb:14
  [1m[36mUser Exists (0.5ms)[0m  [1m[34mSELECT  1 AS one FROM "users" WHERE "users"."email" = $1 LIMIT $2[0m  [["email", "up@gmail.com"], ["LIMIT", 1]]
  ↳ db/seeds.rb:14
  [1m[36mUser Create (0.5ms)[0m  [1m[32mINSERT INTO "users" ("email", "first_name", "last_name", "password_digest", "session_token", "created_at", "updated_at") VALUES ($1, $2, $3, $4, $5, $6, $7) RETURNING "id"[0m  [["email", "up@gmail.com"], ["first_name", "Tom"], ["last_name", "Hilfiger"], ["password_digest", "$2a$12$m8CNhqa6LS8kpw5uWCTuauMtKTpd0BGHiyYLaNtrictZNIy6a1JS2"], ["session_token", "DESSN16H_G0MuMusCNtSyA"], ["created_at", "2021-08-19 23:06:22.277705"], ["updated_at", "2021-08-19 23:06:22.277705"]]
  ↳ db/seeds.rb:14
  [1m[35m (0.7ms)[0m  [1m[35mCOMMIT[0m
  ↳ db/seeds.rb:14
  [1m[35m (1.0ms)[0m  [1m[35mBEGIN[0m
  ↳ db/seeds.rb:15
  [1m[36mUser Exists (2.5ms)[0m  [1m[34mSELECT  1 AS one FROM "users" WHERE "users"."email" = $1 LIMIT $2[0m  [["email", "down@gmail.com"], ["LIMIT", 1]]
  ↳ db/seeds.rb:15
  [1m[36mUser Create (1.8ms)[0m  [1m[32mINSERT INTO "users" ("email", "first_name", "last_name", "password_digest", "session_token", "created_at", "updated_at") VALUES ($1, $2, $3, $4, $5, $6, $7) RETURNING "id"[0m  [["email", "down@gmail.com"], ["first_name", "John"], ["last_name", "Rohn"], ["password_digest", "$2a$12$r9JeSubpb/pz5/nzsXtmpeJHY7Gv8wtT/.jcO9La61XBb78Kn9hfe"], ["session_token", "niKCHUz4IOhzP0-QKH7xkg"], ["created_at", "2021-08-19 23:06:22.495644"], ["updated_at", "2021-08-19 23:06:22.495644"]]
  ↳ db/seeds.rb:15
  [1m[35m (1.6ms)[0m  [1m[35mCOMMIT[0m
  ↳ db/seeds.rb:15
  [1m[35m (0.2ms)[0m  [1m[35mBEGIN[0m
  ↳ db/seeds.rb:16
  [1m[36mUser Exists (0.5ms)[0m  [1m[34mSELECT  1 AS one FROM "users" WHERE "users"."email" = $1 LIMIT $2[0m  [["email", "left@gmail.com"], ["LIMIT", 1]]
  ↳ db/seeds.rb:16
  [1m[36mUser Create (0.7ms)[0m  [1m[32mINSERT INTO "users" ("email", "first_name", "last_name", "password_digest", "session_token", "created_at", "updated_at") VALUES ($1, $2, $3, $4, $5, $6, $7) RETURNING "id"[0m  [["email", "left@gmail.com"], ["first_name", "Ron"], ["last_name", "Bant"], ["password_digest", "$2a$12$cD7tcLir32OzyA.YnanABekMeJdhUUsOY9CSM.glP.2ETvysA.9/S"], ["session_token", "kNY7KKEfZEEKAxCKiMG0lQ"], ["created_at", "2021-08-19 23:06:22.712791"], ["updated_at", "2021-08-19 23:06:22.712791"]]
  ↳ db/seeds.rb:16
  [1m[35m (0.5ms)[0m  [1m[35mCOMMIT[0m
  ↳ db/seeds.rb:16
  [1m[35m (0.2ms)[0m  [1m[35mBEGIN[0m
  ↳ db/seeds.rb:17
  [1m[35m (0.2ms)[0m  [1m[31mROLLBACK[0m
  ↳ db/seeds.rb:17
  [1m[35m (0.7ms)[0m  [1m[34mSELECT "schema_migrations"."version" FROM "schema_migrations" ORDER BY "schema_migrations"."version" ASC[0m
  ↳ bin/rails:9
  [1m[36mUser Load (1.4ms)[0m  [1m[34mSELECT "users".* FROM "users"[0m
  ↳ db/seeds.rb:8
  [1m[35m (0.2ms)[0m  [1m[35mBEGIN[0m
  ↳ db/seeds.rb:8
  [1m[36mUser Destroy (0.7ms)[0m  [1m[31mDELETE FROM "users" WHERE "users"."id" = $1[0m  [["id", 1]]
  ↳ db/seeds.rb:8
  [1m[35m (0.6ms)[0m  [1m[35mCOMMIT[0m
  ↳ db/seeds.rb:8
  [1m[35m (0.1ms)[0m  [1m[35mBEGIN[0m
  ↳ db/seeds.rb:8
  [1m[36mUser Destroy (0.6ms)[0m  [1m[31mDELETE FROM "users" WHERE "users"."id" = $1[0m  [["id", 2]]
  ↳ db/seeds.rb:8
  [1m[35m (0.5ms)[0m  [1m[35mCOMMIT[0m
  ↳ db/seeds.rb:8
  [1m[35m (0.1ms)[0m  [1m[35mBEGIN[0m
  ↳ db/seeds.rb:8
  [1m[36mUser Destroy (0.4ms)[0m  [1m[31mDELETE FROM "users" WHERE "users"."id" = $1[0m  [["id", 3]]
  ↳ db/seeds.rb:8
  [1m[35m (0.5ms)[0m  [1m[35mCOMMIT[0m
  ↳ db/seeds.rb:8
  [1m[35m (0.1ms)[0m  [1m[35mBEGIN[0m
  ↳ db/seeds.rb:8
  [1m[36mUser Destroy (0.4ms)[0m  [1m[31mDELETE FROM "users" WHERE "users"."id" = $1[0m  [["id", 4]]
  ↳ db/seeds.rb:8
  [1m[35m (0.3ms)[0m  [1m[35mCOMMIT[0m
  ↳ db/seeds.rb:8
  [1m[35m (0.1ms)[0m  [1m[35mBEGIN[0m
  ↳ db/seeds.rb:8
  [1m[36mUser Destroy (0.4ms)[0m  [1m[31mDELETE FROM "users" WHERE "users"."id" = $1[0m  [["id", 5]]
  ↳ db/seeds.rb:8
  [1m[35m (0.4ms)[0m  [1m[35mCOMMIT[0m
  ↳ db/seeds.rb:8
  [1m[35m (0.1ms)[0m  [1m[35mBEGIN[0m
  ↳ db/seeds.rb:8
  [1m[36mUser Destroy (0.3ms)[0m  [1m[31mDELETE FROM "users" WHERE "users"."id" = $1[0m  [["id", 6]]
  ↳ db/seeds.rb:8
  [1m[35m (0.3ms)[0m  [1m[35mCOMMIT[0m
  ↳ db/seeds.rb:8
  [1m[36mEvent Load (1.5ms)[0m  [1m[34mSELECT "events".* FROM "events"[0m
  ↳ db/seeds.rb:9
  [1m[35m (0.2ms)[0m  [1m[35mBEGIN[0m
  ↳ db/seeds.rb:11
  [1m[36mUser Exists (0.5ms)[0m  [1m[34mSELECT  1 AS one FROM "users" WHERE "users"."email" = $1 LIMIT $2[0m  [["email", "abir@gmail.com"], ["LIMIT", 1]]
  ↳ db/seeds.rb:11
  [1m[36mUser Create (0.4ms)[0m  [1m[32mINSERT INTO "users" ("email", "first_name", "last_name", "password_digest", "session_token", "created_at", "updated_at") VALUES ($1, $2, $3, $4, $5, $6, $7) RETURNING "id"[0m  [["email", "abir@gmail.com"], ["first_name", "Abir"], ["last_name", "Mahamud"], ["password_digest", "$2a$12$Npgyy7XA/bZ.paiZ0/G9CeTYudA8ysrl3HGXnTT3VHh8SxMU0hvJK"], ["session_token", "48VEkV1r4kUYI8vlBXGC2g"], ["created_at", "2021-08-19 23:06:33.593282"], ["updated_at", "2021-08-19 23:06:33.593282"]]
  ↳ db/seeds.rb:11
  [1m[35m (0.9ms)[0m  [1m[35mCOMMIT[0m
  ↳ db/seeds.rb:11
  [1m[35m (0.2ms)[0m  [1m[35mBEGIN[0m
  ↳ db/seeds.rb:12
  [1m[36mUser Exists (0.5ms)[0m  [1m[34mSELECT  1 AS one FROM "users" WHERE "users"."email" = $1 LIMIT $2[0m  [["email", "hello@gmail.com"], ["LIMIT", 1]]
  ↳ db/seeds.rb:12
  [1m[36mUser Create (0.4ms)[0m  [1m[32mINSERT INTO "users" ("email", "first_name", "last_name", "password_digest", "session_token", "created_at", "updated_at") VALUES ($1, $2, $3, $4, $5, $6, $7) RETURNING "id"[0m  [["email", "hello@gmail.com"], ["first_name", "Joe"], ["last_name", "BlackSmith"], ["password_digest", "$2a$12$O5Lwh8SS8bIJzHGAIqqHI.A0CvUcd0R5nqnS2fARWilAJW4Je1Tje"], ["session_token", "vvE8WeEmWB903hBteCHW9g"], ["created_at", "2021-08-19 23:06:33.807551"], ["updated_at", "2021-08-19 23:06:33.807551"]]
  ↳ db/seeds.rb:12
  [1m[35m (0.5ms)[0m  [1m[35mCOMMIT[0m
  ↳ db/seeds.rb:12
  [1m[35m (0.3ms)[0m  [1m[35mBEGIN[0m
  ↳ db/seeds.rb:13
  [1m[36mUser Exists (0.4ms)[0m  [1m[34mSELECT  1 AS one FROM "users" WHERE "users"."email" = $1 LIMIT $2[0m  [["email", "whatsup@gmail.com"], ["LIMIT", 1]]
  ↳ db/seeds.rb:13
  [1m[36mUser Create (0.3ms)[0m  [1m[32mINSERT INTO "users" ("email", "first_name", "last_name", "password_digest", "session_token", "created_at", "updated_at") VALUES ($1, $2, $3, $4, $5, $6, $7) RETURNING "id"[0m  [["email", "whatsup@gmail.com"], ["first_name", "Bob"], ["last_name", "Bradword"], ["password_digest", "$2a$12$j5JBNF9zFzq4leG54Z4ls.BYZcOggzz5GJyCDJEJoQSmRNClAanzm"], ["session_token", "2Tx7vxR6hVDHwfEHvPiRoA"], ["created_at", "2021-08-19 23:06:34.023376"], ["updated_at", "2021-08-19 23:06:34.023376"]]
  ↳ db/seeds.rb:13
  [1m[35m (0.5ms)[0m  [1m[35mCOMMIT[0m
  ↳ db/seeds.rb:13
  [1m[35m (0.2ms)[0m  [1m[35mBEGIN[0m
  ↳ db/seeds.rb:14
  [1m[36mUser Exists (0.6ms)[0m  [1m[34mSELECT  1 AS one FROM "users" WHERE "users"."email" = $1 LIMIT $2[0m  [["email", "up@gmail.com"], ["LIMIT", 1]]
  ↳ db/seeds.rb:14
  [1m[36mUser Create (1.1ms)[0m  [1m[32mINSERT INTO "users" ("email", "first_name", "last_name", "password_digest", "session_token", "created_at", "updated_at") VALUES ($1, $2, $3, $4, $5, $6, $7) RETURNING "id"[0m  [["email", "up@gmail.com"], ["first_name", "Tom"], ["last_name", "Hilfiger"], ["password_digest", "$2a$12$VC8POSxlrjYu1T0ZlbPFseFfrJInUtBrByfbZUVvF4xLYMNcqJfMK"], ["session_token", "IZV4EouXBQBM08AcAa4gPw"], ["created_at", "2021-08-19 23:06:34.237311"], ["updated_at", "2021-08-19 23:06:34.237311"]]
  ↳ db/seeds.rb:14
  [1m[35m (1.7ms)[0m  [1m[35mCOMMIT[0m
  ↳ db/seeds.rb:14
  [1m[35m (0.3ms)[0m  [1m[35mBEGIN[0m
  ↳ db/seeds.rb:15
  [1m[36mUser Exists (0.6ms)[0m  [1m[34mSELECT  1 AS one FROM "users" WHERE "users"."email" = $1 LIMIT $2[0m  [["email", "down@gmail.com"], ["LIMIT", 1]]
  ↳ db/seeds.rb:15
  [1m[36mUser Create (1.2ms)[0m  [1m[32mINSERT INTO "users" ("email", "first_name", "last_name", "password_digest", "session_token", "created_at", "updated_at") VALUES ($1, $2, $3, $4, $5, $6, $7) RETURNING "id"[0m  [["email", "down@gmail.com"], ["first_name", "John"], ["last_name", "Rohn"], ["password_digest", "$2a$12$aBLzDgdFKqgTvc/YDmE6ie7IEpGxrZz.nkeiqv8iM798temZQD.3m"], ["session_token", "TV72k-31JFz63Npu1cdKCw"], ["created_at", "2021-08-19 23:06:34.454199"], ["updated_at", "2021-08-19 23:06:34.454199"]]
  ↳ db/seeds.rb:15
  [1m[35m (0.7ms)[0m  [1m[35mCOMMIT[0m
  ↳ db/seeds.rb:15
  [1m[35m (0.3ms)[0m  [1m[35mBEGIN[0m
  ↳ db/seeds.rb:16
  [1m[36mUser Exists (1.0ms)[0m  [1m[34mSELECT  1 AS one FROM "users" WHERE "users"."email" = $1 LIMIT $2[0m  [["email", "left@gmail.com"], ["LIMIT", 1]]
  ↳ db/seeds.rb:16
  [1m[36mUser Create (0.6ms)[0m  [1m[32mINSERT INTO "users" ("email", "first_name", "last_name", "password_digest", "session_token", "created_at", "updated_at") VALUES ($1, $2, $3, $4, $5, $6, $7) RETURNING "id"[0m  [["email", "left@gmail.com"], ["first_name", "Ron"], ["last_name", "Bant"], ["password_digest", "$2a$12$WKfiUkZzpx.sl9KY6QA0z.SISjA0Wrz9dvh/eZ8ikgcyNWlDRI/k."], ["session_token", "S-gNqVEMKT0WKYGvz4xXFA"], ["created_at", "2021-08-19 23:06:34.670145"], ["updated_at", "2021-08-19 23:06:34.670145"]]
  ↳ db/seeds.rb:16
  [1m[35m (1.4ms)[0m  [1m[35mCOMMIT[0m
  ↳ db/seeds.rb:16
  [1m[35m (1.5ms)[0m  [1m[35mBEGIN[0m
  ↳ db/seeds.rb:17
  [1m[35m (0.2ms)[0m  [1m[31mROLLBACK[0m
  ↳ db/seeds.rb:17
Started GET "/" for ::1 at 2021-08-19 19:06:49 -0400
Processing by StaticPagesController#root as HTML
  Rendering static_pages/root.html.erb within layouts/application
  Rendered static_pages/root.html.erb within layouts/application (0.5ms)
Completed 200 OK in 48ms (Views: 43.3ms | ActiveRecord: 0.0ms)


Started GET "/api/events" for ::1 at 2021-08-19 19:06:49 -0400
Processing by Api::EventsController#index as JSON
  Rendering api/events/index.json.jbuilder
  [1m[36mEvent Load (6.9ms)[0m  [1m[34mSELECT "events".* FROM "events"[0m
  ↳ app/views/api/events/index.json.jbuilder:1
  Rendered api/events/index.json.jbuilder (8.2ms)
Completed 200 OK in 19ms (Views: 11.2ms | ActiveRecord: 6.9ms)


Started GET "/" for ::1 at 2021-08-19 19:13:26 -0400
Processing by StaticPagesController#root as HTML
  Rendering static_pages/root.html.erb within layouts/application
  Rendered static_pages/root.html.erb within layouts/application (0.3ms)
Completed 200 OK in 33ms (Views: 30.2ms | ActiveRecord: 0.0ms)


Started GET "/api/events" for ::1 at 2021-08-19 19:13:26 -0400
Processing by Api::EventsController#index as JSON
  Rendering api/events/index.json.jbuilder
  [1m[36mEvent Load (2.2ms)[0m  [1m[34mSELECT "events".* FROM "events"[0m
  ↳ app/views/api/events/index.json.jbuilder:1
  Rendered api/events/index.json.jbuilder (13.9ms)
Completed 200 OK in 30ms (Views: 13.7ms | ActiveRecord: 11.6ms)


Started GET "/" for ::1 at 2021-08-19 19:13:41 -0400
Processing by StaticPagesController#root as HTML
  Rendering static_pages/root.html.erb within layouts/application
  Rendered static_pages/root.html.erb within layouts/application (0.2ms)
Completed 200 OK in 33ms (Views: 28.8ms | ActiveRecord: 0.0ms)


Started GET "/api/events" for ::1 at 2021-08-19 19:13:41 -0400
Processing by Api::EventsController#index as JSON
  Rendering api/events/index.json.jbuilder
  [1m[36mEvent Load (0.7ms)[0m  [1m[34mSELECT "events".* FROM "events"[0m
  ↳ app/views/api/events/index.json.jbuilder:1
  Rendered api/events/index.json.jbuilder (4.2ms)
Completed 200 OK in 15ms (Views: 13.7ms | ActiveRecord: 0.7ms)


Started POST "/api/session" for ::1 at 2021-08-19 19:13:45 -0400
Processing by Api::SessionsController#create as JSON
  Parameters: {"user"=>{"email"=>"abir@gmail.com", "password"=>"[FILTERED]"}}
  [1m[36mUser Load (0.9ms)[0m  [1m[34mSELECT  "users".* FROM "users" WHERE "users"."email" = $1 LIMIT $2[0m  [["email", "abir@gmail.com"], ["LIMIT", 1]]
  ↳ app/models/user.rb:23
  [1m[35m (0.5ms)[0m  [1m[35mBEGIN[0m
  ↳ app/models/user.rb:42
  [1m[36mUser Exists (0.8ms)[0m  [1m[34mSELECT  1 AS one FROM "users" WHERE "users"."email" = $1 AND "users"."id" != $2 LIMIT $3[0m  [["email", "abir@gmail.com"], ["id", 1], ["LIMIT", 1]]
  ↳ app/models/user.rb:42
  [1m[36mUser Update (1.6ms)[0m  [1m[33mUPDATE "users" SET "session_token" = $1, "updated_at" = $2 WHERE "users"."id" = $3[0m  [["session_token", "lkkr_1ma7etHlUHaYfrIiw"], ["updated_at", "2021-08-19 23:13:45.852504"], ["id", 1]]
  ↳ app/models/user.rb:42
  [1m[35m (1.6ms)[0m  [1m[35mCOMMIT[0m
  ↳ app/models/user.rb:42
  [1m[35m (1.2ms)[0m  [1m[35mBEGIN[0m
  ↳ app/models/user.rb:42
  [1m[36mUser Exists (0.8ms)[0m  [1m[34mSELECT  1 AS one FROM "users" WHERE "users"."email" = $1 AND "users"."id" != $2 LIMIT $3[0m  [["email", "abir@gmail.com"], ["id", 1], ["LIMIT", 1]]
  ↳ app/models/user.rb:42
  [1m[36mUser Update (1.3ms)[0m  [1m[33mUPDATE "users" SET "session_token" = $1, "updated_at" = $2 WHERE "users"."id" = $3[0m  [["session_token", "GloHt0_Ncbm1uo-pTNu7sw"], ["updated_at", "2021-08-19 23:13:45.860348"], ["id", 1]]
  ↳ app/models/user.rb:42
  [1m[35m (1.4ms)[0m  [1m[35mCOMMIT[0m
  ↳ app/models/user.rb:42
  Rendering api/users/show.json.jbuilder
  Rendered api/users/_user.json.jbuilder (0.3ms)
  Rendered api/users/show.json.jbuilder (1.7ms)
Completed 200 OK in 282ms (Views: 11.3ms | ActiveRecord: 33.9ms)


Started GET "/api/events" for ::1 at 2021-08-19 19:13:45 -0400
Processing by Api::EventsController#index as JSON
  Rendering api/events/index.json.jbuilder
  [1m[36mEvent Load (1.2ms)[0m  [1m[34mSELECT "events".* FROM "events"[0m
  ↳ app/views/api/events/index.json.jbuilder:1
  Rendered api/events/index.json.jbuilder (2.0ms)
Completed 200 OK in 10ms (Views: 8.3ms | ActiveRecord: 1.2ms)


Started DELETE "/api/session" for ::1 at 2021-08-19 19:13:51 -0400
Processing by Api::SessionsController#destroy as JSON
  [1m[36mUser Load (1.2ms)[0m  [1m[34mSELECT  "users".* FROM "users" WHERE "users"."session_token" = $1 LIMIT $2[0m  [["session_token", "GloHt0_Ncbm1uo-pTNu7sw"], ["LIMIT", 1]]
  ↳ app/controllers/application_controller.rb:8
  [1m[35m (1.0ms)[0m  [1m[35mBEGIN[0m
  ↳ app/models/user.rb:42
  [1m[36mUser Exists (1.2ms)[0m  [1m[34mSELECT  1 AS one FROM "users" WHERE "users"."email" = $1 AND "users"."id" != $2 LIMIT $3[0m  [["email", "abir@gmail.com"], ["id", 1], ["LIMIT", 1]]
  ↳ app/models/user.rb:42
  [1m[36mUser Update (1.7ms)[0m  [1m[33mUPDATE "users" SET "session_token" = $1, "updated_at" = $2 WHERE "users"."id" = $3[0m  [["session_token", "f8Mi4eQ1UN_WVAuVD87qaA"], ["updated_at", "2021-08-19 23:13:51.166041"], ["id", 1]]
  ↳ app/models/user.rb:42
  [1m[35m (16.6ms)[0m  [1m[35mCOMMIT[0m
  ↳ app/models/user.rb:42
  Rendering api/users/show.json.jbuilder
  Rendered api/users/_user.json.jbuilder (0.3ms)
  Rendered api/users/show.json.jbuilder (1.7ms)
Completed 200 OK in 36ms (Views: 8.4ms | ActiveRecord: 21.7ms)


Started GET "/" for ::1 at 2021-08-19 19:21:05 -0400
  [1m[35m (1.0ms)[0m  [1m[34mSELECT "schema_migrations"."version" FROM "schema_migrations" ORDER BY "schema_migrations"."version" ASC[0m
  ↳ /Users/abirmahamud/.rbenv/versions/2.5.1/lib/ruby/gems/2.5.0/gems/activerecord-5.2.6/lib/active_record/log_subscriber.rb:98
Processing by StaticPagesController#root as HTML
  Rendering static_pages/root.html.erb within layouts/application
  Rendered static_pages/root.html.erb within layouts/application (0.3ms)
Completed 200 OK in 32ms (Views: 29.4ms | ActiveRecord: 0.0ms)


Started GET "/api/events" for ::1 at 2021-08-19 19:21:06 -0400
Processing by Api::EventsController#index as JSON
  Rendering api/events/index.json.jbuilder
  [1m[36mEvent Load (4.5ms)[0m  [1m[34mSELECT "events".* FROM "events"[0m
  ↳ app/views/api/events/index.json.jbuilder:1
  Rendered api/events/index.json.jbuilder (20.3ms)
Completed 200 OK in 38ms (Views: 14.4ms | ActiveRecord: 17.7ms)


