  [1m[35m (1.2ms)[0m  [1m[34mSELECT "schema_migrations"."version" FROM "schema_migrations" ORDER BY "schema_migrations"."version" ASC[0m
  ↳ bin/rails:9
  [1m[36mUser Load (0.9ms)[0m  [1m[34mSELECT "users".* FROM "users"[0m
  ↳ db/seeds.rb:8
  [1m[35m (0.2ms)[0m  [1m[35mBEGIN[0m
  ↳ db/seeds.rb:8
  [1m[36mUser Destroy (0.6ms)[0m  [1m[31mDELETE FROM "users" WHERE "users"."id" = $1[0m  [["id", 49]]
  ↳ db/seeds.rb:8
  [1m[35m (0.5ms)[0m  [1m[35mCOMMIT[0m
  ↳ db/seeds.rb:8
  [1m[35m (0.1ms)[0m  [1m[35mBEGIN[0m
  ↳ db/seeds.rb:8
  [1m[36mUser Destroy (0.3ms)[0m  [1m[31mDELETE FROM "users" WHERE "users"."id" = $1[0m  [["id", 50]]
  ↳ db/seeds.rb:8
  [1m[35m (0.3ms)[0m  [1m[35mCOMMIT[0m
  ↳ db/seeds.rb:8
  [1m[35m (0.1ms)[0m  [1m[35mBEGIN[0m
  ↳ db/seeds.rb:8
  [1m[36mUser Destroy (0.3ms)[0m  [1m[31mDELETE FROM "users" WHERE "users"."id" = $1[0m  [["id", 51]]
  ↳ db/seeds.rb:8
  [1m[35m (0.3ms)[0m  [1m[35mCOMMIT[0m
  ↳ db/seeds.rb:8
  [1m[35m (0.1ms)[0m  [1m[35mBEGIN[0m
  ↳ db/seeds.rb:8
  [1m[36mUser Destroy (0.2ms)[0m  [1m[31mDELETE FROM "users" WHERE "users"."id" = $1[0m  [["id", 52]]
  ↳ db/seeds.rb:8
  [1m[35m (0.3ms)[0m  [1m[35mCOMMIT[0m
  ↳ db/seeds.rb:8
  [1m[35m (0.1ms)[0m  [1m[35mBEGIN[0m
  ↳ db/seeds.rb:8
  [1m[36mUser Destroy (0.2ms)[0m  [1m[31mDELETE FROM "users" WHERE "users"."id" = $1[0m  [["id", 53]]
  ↳ db/seeds.rb:8
  [1m[35m (0.3ms)[0m  [1m[35mCOMMIT[0m
  ↳ db/seeds.rb:8
  [1m[35m (0.1ms)[0m  [1m[35mBEGIN[0m
  ↳ db/seeds.rb:8
  [1m[36mUser Destroy (0.5ms)[0m  [1m[31mDELETE FROM "users" WHERE "users"."id" = $1[0m  [["id", 54]]
  ↳ db/seeds.rb:8
  [1m[35m (12.4ms)[0m  [1m[35mCOMMIT[0m
  ↳ db/seeds.rb:8
  [1m[36mEvent Load (1.1ms)[0m  [1m[34mSELECT "events".* FROM "events"[0m
  ↳ db/seeds.rb:9
  [1m[35m (0.2ms)[0m  [1m[35mBEGIN[0m
  ↳ db/seeds.rb:11
  [1m[36mUser Exists (0.5ms)[0m  [1m[34mSELECT  1 AS one FROM "users" WHERE "users"."email" = $1 LIMIT $2[0m  [["email", "abir@gmail.com"], ["LIMIT", 1]]
  ↳ db/seeds.rb:11
  [1m[36mUser Create (0.5ms)[0m  [1m[32mINSERT INTO "users" ("email", "first_name", "last_name", "password_digest", "session_token", "created_at", "updated_at") VALUES ($1, $2, $3, $4, $5, $6, $7) RETURNING "id"[0m  [["email", "abir@gmail.com"], ["first_name", "Abir"], ["last_name", "Mahamud"], ["password_digest", "$2a$12$p4woJeiVpamtbjRport3EeAehT5u1GhEXl8Gr1HG5m8B7XG1ZrSuC"], ["session_token", "mf9gOIucpgAfFQAyS5xCjg"], ["created_at", "2021-08-20 20:19:14.027733"], ["updated_at", "2021-08-20 20:19:14.027733"]]
  ↳ db/seeds.rb:11
  [1m[35m (0.5ms)[0m  [1m[35mCOMMIT[0m
  ↳ db/seeds.rb:11
  [1m[35m (0.2ms)[0m  [1m[35mBEGIN[0m
  ↳ db/seeds.rb:12
  [1m[36mUser Exists (0.3ms)[0m  [1m[34mSELECT  1 AS one FROM "users" WHERE "users"."email" = $1 LIMIT $2[0m  [["email", "hello@gmail.com"], ["LIMIT", 1]]
  ↳ db/seeds.rb:12
  [1m[36mUser Create (0.3ms)[0m  [1m[32mINSERT INTO "users" ("email", "first_name", "last_name", "password_digest", "session_token", "created_at", "updated_at") VALUES ($1, $2, $3, $4, $5, $6, $7) RETURNING "id"[0m  [["email", "hello@gmail.com"], ["first_name", "Joe"], ["last_name", "BlackSmith"], ["password_digest", "$2a$12$kXXrM0DATL87YVDUEN68GeRJ8LlgfwAV4/kevhT39AAjbvdF3F06C"], ["session_token", "bHjqlOrugV57K_u2-epfkw"], ["created_at", "2021-08-20 20:19:14.271376"], ["updated_at", "2021-08-20 20:19:14.271376"]]
  ↳ db/seeds.rb:12
  [1m[35m (0.8ms)[0m  [1m[35mCOMMIT[0m
  ↳ db/seeds.rb:12
  [1m[35m (0.5ms)[0m  [1m[35mBEGIN[0m
  ↳ db/seeds.rb:13
  [1m[36mUser Exists (1.4ms)[0m  [1m[34mSELECT  1 AS one FROM "users" WHERE "users"."email" = $1 LIMIT $2[0m  [["email", "whatsup@gmail.com"], ["LIMIT", 1]]
  ↳ db/seeds.rb:13
  [1m[36mUser Create (0.8ms)[0m  [1m[32mINSERT INTO "users" ("email", "first_name", "last_name", "password_digest", "session_token", "created_at", "updated_at") VALUES ($1, $2, $3, $4, $5, $6, $7) RETURNING "id"[0m  [["email", "whatsup@gmail.com"], ["first_name", "Bob"], ["last_name", "Bradword"], ["password_digest", "$2a$12$LsRw3N3m65IPYOUFyPUASeviPEyA3AgyOqmJk4aO1F7NJTNiV5LaG"], ["session_token", "ZabeC-RhQnscZT5ASdfN9w"], ["created_at", "2021-08-20 20:19:14.517040"], ["updated_at", "2021-08-20 20:19:14.517040"]]
  ↳ db/seeds.rb:13
  [1m[35m (0.7ms)[0m  [1m[35mCOMMIT[0m
  ↳ db/seeds.rb:13
  [1m[35m (0.4ms)[0m  [1m[35mBEGIN[0m
  ↳ db/seeds.rb:14
  [1m[36mUser Exists (1.9ms)[0m  [1m[34mSELECT  1 AS one FROM "users" WHERE "users"."email" = $1 LIMIT $2[0m  [["email", "up@gmail.com"], ["LIMIT", 1]]
  ↳ db/seeds.rb:14
  [1m[36mUser Create (1.2ms)[0m  [1m[32mINSERT INTO "users" ("email", "first_name", "last_name", "password_digest", "session_token", "created_at", "updated_at") VALUES ($1, $2, $3, $4, $5, $6, $7) RETURNING "id"[0m  [["email", "up@gmail.com"], ["first_name", "Tom"], ["last_name", "Hilfiger"], ["password_digest", "$2a$12$O0OpOSPjC.EEQUJdO3wA8elZY0BppnJLvs2y1PLQ0PC1up8Wd9VdG"], ["session_token", "W3-7FTfw7LpSz8eVYXTrFg"], ["created_at", "2021-08-20 20:19:14.765287"], ["updated_at", "2021-08-20 20:19:14.765287"]]
  ↳ db/seeds.rb:14
  [1m[35m (0.9ms)[0m  [1m[35mCOMMIT[0m
  ↳ db/seeds.rb:14
  [1m[35m (0.4ms)[0m  [1m[35mBEGIN[0m
  ↳ db/seeds.rb:15
  [1m[36mUser Exists (0.7ms)[0m  [1m[34mSELECT  1 AS one FROM "users" WHERE "users"."email" = $1 LIMIT $2[0m  [["email", "down@gmail.com"], ["LIMIT", 1]]
  ↳ db/seeds.rb:15
  [1m[36mUser Create (0.7ms)[0m  [1m[32mINSERT INTO "users" ("email", "first_name", "last_name", "password_digest", "session_token", "created_at", "updated_at") VALUES ($1, $2, $3, $4, $5, $6, $7) RETURNING "id"[0m  [["email", "down@gmail.com"], ["first_name", "John"], ["last_name", "Rohn"], ["password_digest", "$2a$12$M3My9WpWfOsacSN47D0aIuloJyD0m0WxbJwAHWwURqW8B.HKbra/O"], ["session_token", "METpi4Ge3y0RZkekLMcVAg"], ["created_at", "2021-08-20 20:19:15.010618"], ["updated_at", "2021-08-20 20:19:15.010618"]]
  ↳ db/seeds.rb:15
  [1m[35m (0.4ms)[0m  [1m[35mCOMMIT[0m
  ↳ db/seeds.rb:15
  [1m[35m (0.3ms)[0m  [1m[35mBEGIN[0m
  ↳ db/seeds.rb:16
  [1m[36mUser Exists (0.4ms)[0m  [1m[34mSELECT  1 AS one FROM "users" WHERE "users"."email" = $1 LIMIT $2[0m  [["email", "left@gmail.com"], ["LIMIT", 1]]
  ↳ db/seeds.rb:16
  [1m[36mUser Create (0.7ms)[0m  [1m[32mINSERT INTO "users" ("email", "first_name", "last_name", "password_digest", "session_token", "created_at", "updated_at") VALUES ($1, $2, $3, $4, $5, $6, $7) RETURNING "id"[0m  [["email", "left@gmail.com"], ["first_name", "Ron"], ["last_name", "Bant"], ["password_digest", "$2a$12$4ai5RMybiVCxmDaClRXn4u34rQBCq6g3A4PhYoa37ZLPTFCi9HiT."], ["session_token", "P51fZnoqb5Y2fJp7WrEPWQ"], ["created_at", "2021-08-20 20:19:15.253157"], ["updated_at", "2021-08-20 20:19:15.253157"]]
  ↳ db/seeds.rb:16
  [1m[35m (1.4ms)[0m  [1m[35mCOMMIT[0m
  ↳ db/seeds.rb:16
  [1m[35m (0.2ms)[0m  [1m[35mBEGIN[0m
  ↳ db/seeds.rb:17
  [1m[35m (0.2ms)[0m  [1m[31mROLLBACK[0m
  ↳ db/seeds.rb:17
