  [1m[35m (1.0ms)[0m  [1m[34mSELECT "schema_migrations"."version" FROM "schema_migrations" ORDER BY "schema_migrations"."version" ASC[0m
  ↳ bin/rails:9
  [1m[36mUser Load (1.1ms)[0m  [1m[34mSELECT "users".* FROM "users"[0m
  ↳ db/seeds.rb:8
  [1m[35m (0.1ms)[0m  [1m[35mBEGIN[0m
  ↳ db/seeds.rb:8
  [1m[36mUser Destroy (0.5ms)[0m  [1m[31mDELETE FROM "users" WHERE "users"."id" = $1[0m  [["id", 1]]
  ↳ db/seeds.rb:8
  [1m[35m (0.4ms)[0m  [1m[35mCOMMIT[0m
  ↳ db/seeds.rb:8
  [1m[35m (0.1ms)[0m  [1m[35mBEGIN[0m
  ↳ db/seeds.rb:8
  [1m[36mUser Destroy (0.3ms)[0m  [1m[31mDELETE FROM "users" WHERE "users"."id" = $1[0m  [["id", 2]]
  ↳ db/seeds.rb:8
  [1m[35m (0.3ms)[0m  [1m[35mCOMMIT[0m
  ↳ db/seeds.rb:8
  [1m[35m (0.1ms)[0m  [1m[35mBEGIN[0m
  ↳ db/seeds.rb:8
  [1m[36mUser Destroy (0.3ms)[0m  [1m[31mDELETE FROM "users" WHERE "users"."id" = $1[0m  [["id", 3]]
  ↳ db/seeds.rb:8
  [1m[35m (0.3ms)[0m  [1m[35mCOMMIT[0m
  ↳ db/seeds.rb:8
  [1m[35m (0.1ms)[0m  [1m[35mBEGIN[0m
  ↳ db/seeds.rb:8
  [1m[36mUser Destroy (0.3ms)[0m  [1m[31mDELETE FROM "users" WHERE "users"."id" = $1[0m  [["id", 4]]
  ↳ db/seeds.rb:8
  [1m[35m (0.3ms)[0m  [1m[35mCOMMIT[0m
  ↳ db/seeds.rb:8
  [1m[35m (0.1ms)[0m  [1m[35mBEGIN[0m
  ↳ db/seeds.rb:8
  [1m[36mUser Destroy (0.3ms)[0m  [1m[31mDELETE FROM "users" WHERE "users"."id" = $1[0m  [["id", 5]]
  ↳ db/seeds.rb:8
  [1m[35m (0.3ms)[0m  [1m[35mCOMMIT[0m
  ↳ db/seeds.rb:8
  [1m[35m (0.1ms)[0m  [1m[35mBEGIN[0m
  ↳ db/seeds.rb:8
  [1m[36mUser Destroy (0.2ms)[0m  [1m[31mDELETE FROM "users" WHERE "users"."id" = $1[0m  [["id", 6]]
  ↳ db/seeds.rb:8
  [1m[35m (0.3ms)[0m  [1m[35mCOMMIT[0m
  ↳ db/seeds.rb:8
  [1m[36mEvent Load (0.9ms)[0m  [1m[34mSELECT "events".* FROM "events"[0m
  ↳ db/seeds.rb:9
  [1m[35m (0.2ms)[0m  [1m[35mBEGIN[0m
  ↳ db/seeds.rb:11
  [1m[36mUser Exists (0.7ms)[0m  [1m[34mSELECT  1 AS one FROM "users" WHERE "users"."email" = $1 LIMIT $2[0m  [["email", "abir@gmail.com"], ["LIMIT", 1]]
  ↳ db/seeds.rb:11
  [1m[36mUser Create (0.6ms)[0m  [1m[32mINSERT INTO "users" ("email", "first_name", "last_name", "password_digest", "session_token", "created_at", "updated_at") VALUES ($1, $2, $3, $4, $5, $6, $7) RETURNING "id"[0m  [["email", "abir@gmail.com"], ["first_name", "Abir"], ["last_name", "Mahamud"], ["password_digest", "$2a$12$zYwC0IIYIpQ4TIgZD9ZPk.UT.uSAQjI/PigzBc9QwT68lK/H364hG"], ["session_token", "T84kSC9YW3BDf3cFu0Bafw"], ["created_at", "2021-08-20 01:03:27.013543"], ["updated_at", "2021-08-20 01:03:27.013543"]]
  ↳ db/seeds.rb:11
  [1m[35m (0.4ms)[0m  [1m[35mCOMMIT[0m
  ↳ db/seeds.rb:11
  [1m[35m (0.2ms)[0m  [1m[35mBEGIN[0m
  ↳ db/seeds.rb:12
  [1m[36mUser Exists (0.4ms)[0m  [1m[34mSELECT  1 AS one FROM "users" WHERE "users"."email" = $1 LIMIT $2[0m  [["email", "hello@gmail.com"], ["LIMIT", 1]]
  ↳ db/seeds.rb:12
  [1m[36mUser Create (0.4ms)[0m  [1m[32mINSERT INTO "users" ("email", "first_name", "last_name", "password_digest", "session_token", "created_at", "updated_at") VALUES ($1, $2, $3, $4, $5, $6, $7) RETURNING "id"[0m  [["email", "hello@gmail.com"], ["first_name", "Joe"], ["last_name", "BlackSmith"], ["password_digest", "$2a$12$0N5H33kUeYYKy1wkImCZyO3emKCLHNMA22uTxIJR/BgJh7aw8qL6u"], ["session_token", "J-33oaAjZ3t6KvQDsfJrXw"], ["created_at", "2021-08-20 01:03:27.227163"], ["updated_at", "2021-08-20 01:03:27.227163"]]
  ↳ db/seeds.rb:12
  [1m[35m (0.5ms)[0m  [1m[35mCOMMIT[0m
  ↳ db/seeds.rb:12
  [1m[35m (0.8ms)[0m  [1m[35mBEGIN[0m
  ↳ db/seeds.rb:13
  [1m[36mUser Exists (0.5ms)[0m  [1m[34mSELECT  1 AS one FROM "users" WHERE "users"."email" = $1 LIMIT $2[0m  [["email", "whatsup@gmail.com"], ["LIMIT", 1]]
  ↳ db/seeds.rb:13
  [1m[36mUser Create (0.7ms)[0m  [1m[32mINSERT INTO "users" ("email", "first_name", "last_name", "password_digest", "session_token", "created_at", "updated_at") VALUES ($1, $2, $3, $4, $5, $6, $7) RETURNING "id"[0m  [["email", "whatsup@gmail.com"], ["first_name", "Bob"], ["last_name", "Bradword"], ["password_digest", "$2a$12$oKc5hGLWt5Kys0LGHAQafeLr5Qw/iV/MY7RzcBBbyqoY93VBKS4Ke"], ["session_token", "IYVUn6e3ppP0_nuD3NeWQA"], ["created_at", "2021-08-20 01:03:27.443109"], ["updated_at", "2021-08-20 01:03:27.443109"]]
  ↳ db/seeds.rb:13
  [1m[35m (0.9ms)[0m  [1m[35mCOMMIT[0m
  ↳ db/seeds.rb:13
  [1m[35m (0.2ms)[0m  [1m[35mBEGIN[0m
  ↳ db/seeds.rb:14
  [1m[36mUser Exists (0.5ms)[0m  [1m[34mSELECT  1 AS one FROM "users" WHERE "users"."email" = $1 LIMIT $2[0m  [["email", "up@gmail.com"], ["LIMIT", 1]]
  ↳ db/seeds.rb:14
  [1m[36mUser Create (0.4ms)[0m  [1m[32mINSERT INTO "users" ("email", "first_name", "last_name", "password_digest", "session_token", "created_at", "updated_at") VALUES ($1, $2, $3, $4, $5, $6, $7) RETURNING "id"[0m  [["email", "up@gmail.com"], ["first_name", "Tom"], ["last_name", "Hilfiger"], ["password_digest", "$2a$12$NuWDq/XXmO8xAqsvG56/c.TBWiqKzjOIbUkvYCvzx6L30R7fOb1pm"], ["session_token", "G3YbNe4wnxd6u1hcDAMZ6A"], ["created_at", "2021-08-20 01:03:27.713250"], ["updated_at", "2021-08-20 01:03:27.713250"]]
  ↳ db/seeds.rb:14
  [1m[35m (1.7ms)[0m  [1m[35mCOMMIT[0m
  ↳ db/seeds.rb:14
  [1m[35m (0.3ms)[0m  [1m[35mBEGIN[0m
  ↳ db/seeds.rb:15
  [1m[36mUser Exists (0.4ms)[0m  [1m[34mSELECT  1 AS one FROM "users" WHERE "users"."email" = $1 LIMIT $2[0m  [["email", "down@gmail.com"], ["LIMIT", 1]]
  ↳ db/seeds.rb:15
  [1m[36mUser Create (0.5ms)[0m  [1m[32mINSERT INTO "users" ("email", "first_name", "last_name", "password_digest", "session_token", "created_at", "updated_at") VALUES ($1, $2, $3, $4, $5, $6, $7) RETURNING "id"[0m  [["email", "down@gmail.com"], ["first_name", "John"], ["last_name", "Rohn"], ["password_digest", "$2a$12$ivfs8YmWLZInV7ysceOieOJdUoCc5ceH.vtVI2d5Umjn6BU2USqhS"], ["session_token", "yISDHQYoPtiDo0sTmv059g"], ["created_at", "2021-08-20 01:03:27.927895"], ["updated_at", "2021-08-20 01:03:27.927895"]]
  ↳ db/seeds.rb:15
  [1m[35m (1.6ms)[0m  [1m[35mCOMMIT[0m
  ↳ db/seeds.rb:15
  [1m[35m (0.3ms)[0m  [1m[35mBEGIN[0m
  ↳ db/seeds.rb:16
  [1m[36mUser Exists (0.5ms)[0m  [1m[34mSELECT  1 AS one FROM "users" WHERE "users"."email" = $1 LIMIT $2[0m  [["email", "left@gmail.com"], ["LIMIT", 1]]
  ↳ db/seeds.rb:16
  [1m[36mUser Create (0.6ms)[0m  [1m[32mINSERT INTO "users" ("email", "first_name", "last_name", "password_digest", "session_token", "created_at", "updated_at") VALUES ($1, $2, $3, $4, $5, $6, $7) RETURNING "id"[0m  [["email", "left@gmail.com"], ["first_name", "Ron"], ["last_name", "Bant"], ["password_digest", "$2a$12$BPYj7GB1m0yBUwdw31IQp.BlmdaCvFDpNt.oFWDfNT7d.0duP75Q2"], ["session_token", "nVCe9qH2d-YBC8LHz7fd3Q"], ["created_at", "2021-08-20 01:03:28.143005"], ["updated_at", "2021-08-20 01:03:28.143005"]]
  ↳ db/seeds.rb:16
  [1m[35m (1.6ms)[0m  [1m[35mCOMMIT[0m
  ↳ db/seeds.rb:16
  [1m[35m (0.2ms)[0m  [1m[35mBEGIN[0m
  ↳ db/seeds.rb:17
  [1m[35m (0.2ms)[0m  [1m[31mROLLBACK[0m
  ↳ db/seeds.rb:17
